#
# A fatal error has been detected by the Java Runtime Environment:
#
#  EXCEPTION_ACCESS_VIOLATION (0xc0000005) at pc=0x00007fff4f1862e1, pid=2648, tid=14172
#
# JRE version: OpenJDK Runtime Environment (11.0.8+10) (build 11.0.8+10-b944.6842174)
# Java VM: OpenJDK 64-Bit Server VM (11.0.8+10-b944.6842174, mixed mode, tiered, compressed oops, g1 gc, windows-amd64)
# Problematic frame:
# V  [jvm.dll+0x4e62e1]
#
# No core dump will be written. Minidumps are not enabled by default on client versions of Windows
#
# If you would like to submit a bug report, please visit:
#   https://bugreport.java.com/bugreport/crash.jsp
#

---------------  S U M M A R Y ------------

Command Line: --add-opens=java.base/java.util=ALL-UNNAMED --add-opens=java.base/java.lang=ALL-UNNAMED --add-opens=java.base/java.lang.invoke=ALL-UNNAMED --add-opens=java.prefs/java.util.prefs=ALL-UNNAMED -Xmx2048m -Dfile.encoding=UTF-8 -Duser.country=IN -Duser.language=en -Duser.variant org.gradle.launcher.daemon.bootstrap.GradleDaemon 6.7.1

Host: Intel(R) Core(TM) i5-9300H CPU @ 2.40GHz, 8 cores, 15G,  Windows 10 , 64 bit Build 19041 (10.0.19041.1023)
Time: Mon Jul 12 18:33:27 2021 India Standard Time elapsed time: 46 seconds (0d 0h 0m 46s)

---------------  T H R E A D  ---------------

Current thread (0x000001a45e5df000):  JavaThread "C2 CompilerThread1" daemon [_thread_in_native, id=14172, stack(0x0000001795c00000,0x0000001795d00000)]


Current CompileTask:
C2:  46861 6407       4       java.util.regex.Pattern::compile (498 bytes)

Stack: [0x0000001795c00000,0x0000001795d00000],  sp=0x0000001795cfc060,  free space=1008k
Native frames: (J=compiled Java code, j=interpreted, Vv=VM code, C=native code)
V  [jvm.dll+0x4e62e1]
V  [jvm.dll+0x31ded2]
V  [jvm.dll+0x31d39a]
V  [jvm.dll+0x1f7702]
V  [jvm.dll+0x1f68d4]
V  [jvm.dll+0x17f32c]
V  [jvm.dll+0x205047]
V  [jvm.dll+0x203891]
V  [jvm.dll+0x6dad3f]
V  [jvm.dll+0x6d3895]
V  [jvm.dll+0x5dd4a6]
C  [ucrtbase.dll+0x21bb2]
C  [KERNEL32.DLL+0x17034]
C  [ntdll.dll+0x52651]


siginfo: EXCEPTION_ACCESS_VIOLATION (0xc0000005), reading address 0xffffffffffffffff


Register to memory mapping:

RIP=0x00007fff4f1862e1 jvm.dll
RAX=0x000001a4637cf800 points into unknown readable memory: 98 20 2e 62 a4 01 00 00
RBX=0x0000001795cfc3e0 is pointing into the stack for thread: 0x000001a45e5df000
RCX=0x000000000000000b is an unknown value
RDX=0x0000000000000001 is an unknown value
RSP=0x0000001795cfc060 is pointing into the stack for thread: 0x000001a45e5df000
RBP=0x0000000000000008 is an unknown value
RSI=0x000001a45aae9d08 points into unknown readable memory: 00 f0 5d 5e a4 01 00 00
RDI=0x0 is NULL
R8 =0x000001a45e1de1c0 points into unknown readable memory: 00 80 06 00 00 00 00 00
R9 =0x0 is NULL
R10=0x000001a462cf4b10 points into unknown readable memory: 00 00 00 00 00 00 00 00
R11=0x00007fff4f685998 jvm.dll
R12=0x000101a4622e1b90 is an unknown value
R13=0x000001a46295c750 points into unknown readable memory: c8 77 47 4f ff 7f 00 00
R14=0x000001a46295c750 points into unknown readable memory: c8 77 47 4f ff 7f 00 00
R15=0x000001a45a854d98 points into unknown readable memory: 0d 00 00 00 00 00 00 00


Registers:
RAX=0x000001a4637cf800, RBX=0x0000001795cfc3e0, RCX=0x000000000000000b, RDX=0x0000000000000001
RSP=0x0000001795cfc060, RBP=0x0000000000000008, RSI=0x000001a45aae9d08, RDI=0x0000000000000000
R8 =0x000001a45e1de1c0, R9 =0x0000000000000000, R10=0x000001a462cf4b10, R11=0x00007fff4f685998
R12=0x000101a4622e1b90, R13=0x000001a46295c750, R14=0x000001a46295c750, R15=0x000001a45a854d98
RIP=0x00007fff4f1862e1, EFLAGS=0x0000000000010283

Top of Stack: (sp=0x0000001795cfc060)
0x0000001795cfc060:   0000000000000002 0000001795cfc3e0
0x0000001795cfc070:   0000000000000008 000001a45a855920
0x0000001795cfc080:   000001a45aae9d08 000001a462abe470
0x0000001795cfc090:   000001a45d16fda0 000001a45d16fdf0
0x0000001795cfc0a0:   0000000000175e68 000001a45d177d88
0x0000001795cfc0b0:   00007fff4f4fcb68 000001a462abe470
0x0000001795cfc0c0:   0000000000000020 000001a45af89aa8
0x0000001795cfc0d0:   0000000000001411 000001a45e5d9020
0x0000001795cfc0e0:   0000000000000000 000001a45e5d9030
0x0000001795cfc0f0:   00000000000003d8 0000000000001411
0x0000001795cfc100:   00000000ffffff01 0000001795cfc220
0x0000001795cfc110:   0000001795cfc620 00007fff4efbded2
0x0000001795cfc120:   000000170000000b 000000170000000c
0x0000001795cfc130:   000000000000011e 000001a462cf4b10
0x0000001795cfc140:   000001a41fffff01 0000000000000075
0x0000001795cfc150:   000001a45e80b908 000000000000f890 

Instructions: (pc=0x00007fff4f1862e1)
0x00007fff4f1861e1:   00 00 48 8d 4c 24 50 48 8b 16 48 8b 92 70 02 00
0x00007fff4f1861f1:   00 e8 d9 64 21 00 48 8b 43 40 4c 8d 1d 96 f7 4f
0x00007fff4f186201:   00 8b 40 40 85 c0 0f 84 cc 05 00 00 0f 1f 00 ff
0x00007fff4f186211:   c8 8b d0 89 84 24 d0 00 00 00 48 8b 43 40 48 8b
0x00007fff4f186221:   48 30 48 8b 43 28 4c 8b 2c d1 41 8b 4d 4c ff c9
0x00007fff4f186231:   4c 8b 3c c8 4d 85 ff 75 52 4c 8b 7b 30 4d 85 ff
0x00007fff4f186241:   75 14 33 d2 b9 a0 00 00 00 e8 31 3e 15 00 4c 8b
0x00007fff4f186251:   f8 48 8b c8 eb 0e 49 8b 87 98 00 00 00 49 8b cf
0x00007fff4f186261:   48 89 43 30 4c 8b 06 8b 53 50 4d 8b 80 70 02 00
0x00007fff4f186271:   00 e8 39 f3 e6 ff 41 8b 4d 4c 4c 8d 1d 16 f7 4f
0x00007fff4f186281:   00 48 8b 43 28 ff c9 4c 89 3c c8 41 8b 45 4c 45
0x00007fff4f186291:   8b 65 28 ff c8 44 89 a4 24 c8 00 00 00 4c 8d 14
0x00007fff4f1862a1:   80 49 c1 e2 05 4c 03 53 20 4c 89 94 24 d8 00 00
0x00007fff4f1862b1:   00 41 83 fc 01 0f 86 ab 01 00 00 0f 1f 40 00 41
0x00007fff4f1862c1:   8d 44 24 ff 89 84 24 c0 00 00 00 41 3b 45 18 73
0x00007fff4f1862d1:   0c 8b c8 49 8b 45 20 4c 8b 24 c8 eb 03 45 33 e4
0x00007fff4f1862e1:   41 0f b6 44 24 2c 24 0f 3c 0c 0f 84 6e 01 00 00
0x00007fff4f1862f1:   48 8b 43 48 49 63 54 24 28 48 8b 48 18 8b 3c 91
0x00007fff4f186301:   85 ff 74 57 49 8b 42 08 8b cf 48 c1 e9 08 8b f7
0x00007fff4f186311:   4c 8b 04 c8 4d 3b c3 75 1c 8b d7 49 8b ca e8 dc
0x00007fff4f186321:   f0 e6 ff 4c 8b 94 24 d8 00 00 00 4c 8d 1d 65 f6
0x00007fff4f186331:   4f 00 4c 8b c0 48 c1 ee 05 8b cf 83 e6 07 83 e1
0x00007fff4f186341:   1f ba 01 00 00 00 d3 e2 41 8b 0c b0 8b c1 0b c2
0x00007fff4f186351:   41 89 04 b0 85 ca 75 03 41 ff 02 49 8b 47 08 48
0x00007fff4f186361:   8b d7 48 c1 ea 08 4c 8b cf 49 c1 e9 05 83 e7 1f
0x00007fff4f186371:   41 83 e1 07 40 0f b6 cf 4c 8b 04 d0 ba 01 00 00
0x00007fff4f186381:   00 d3 e2 8b c2 f7 d0 43 8b 0c 88 23 c1 43 89 04
0x00007fff4f186391:   88 85 ca 74 03 41 ff 0f 41 8b 44 24 18 83 f8 01
0x00007fff4f1863a1:   0f 86 94 00 00 00 41 be 08 00 00 00 8d 68 ff 49
0x00007fff4f1863b1:   8b 44 24 08 49 8b 0c 06 48 8b 43 40 8b 51 28 48
0x00007fff4f1863c1:   8b 48 78 4c 39 2c d1 74 63 48 8b 43 48 48 63 d2
0x00007fff4f1863d1:   48 8b 48 18 8b 3c 91 85 ff 74 51 49 8b 47 08 8b 


Stack slot to memory mapping:
stack at sp + 0 slots: 0x0000000000000002 is an unknown value
stack at sp + 1 slots: 0x0000001795cfc3e0 is pointing into the stack for thread: 0x000001a45e5df000
stack at sp + 2 slots: 0x0000000000000008 is an unknown value
stack at sp + 3 slots: 0x000001a45a855920 points into unknown readable memory: 0d 00 00 00 00 00 00 00
stack at sp + 4 slots: 0x000001a45aae9d08 points into unknown readable memory: 00 f0 5d 5e a4 01 00 00
stack at sp + 5 slots: 0x000001a462abe470 points into unknown readable memory: 06 00 00 00 00 00 00 00
stack at sp + 6 slots: 0x000001a45d16fda0 points into unknown readable memory: e0 da cd 62 a4 01 00 00
stack at sp + 7 slots: 0x000001a45d16fdf0 points into unknown readable memory: 08 cc 5f 8c 00 00 00 00


---------------  P R O C E S S  ---------------

Threads class SMR info:
_java_thread_list=0x000001a4622383c0, length=138, elements={
0x000001a43f3fa800, 0x000001a45a762000, 0x000001a45a76b800, 0x000001a45a7c5000,
0x000001a45a7c6000, 0x000001a45a7c7000, 0x000001a45a7cc000, 0x000001a45a7d0000,
0x000001a45a93c800, 0x000001a45a965000, 0x000001a45b5c8800, 0x000001a45b813000,
0x000001a45bc37000, 0x000001a45e0f2800, 0x000001a45b679000, 0x000001a45c8f1800,
0x000001a45d09e000, 0x000001a45b9e8800, 0x000001a45b9a7800, 0x000001a45b9a8800,
0x000001a45b4ee000, 0x000001a45b4ef000, 0x000001a45b4f0800, 0x000001a45b4ec800,
0x000001a45b4eb800, 0x000001a45b4ef800, 0x000001a45b4f1000, 0x000001a45b4f2000,
0x000001a45b4ed000, 0x000001a45e9cc800, 0x000001a45e9c7000, 0x000001a45e9c7800,
0x000001a45e9cd800, 0x000001a45e9c8800, 0x000001a45e9ca000, 0x000001a45e9cb000,
0x000001a45e9cf000, 0x000001a45e9cb800, 0x000001a45e9ce000, 0x000001a45e9c9000,
0x000001a45e9d4800, 0x000001a45e9d0800, 0x000001a45e9d5800, 0x000001a45e9cf800,
0x000001a45e9d1800, 0x000001a45e9d2000, 0x000001a45e9d3000, 0x000001a45e9d4000,
0x000001a45e014000, 0x000001a45e010000, 0x000001a45e00e000, 0x000001a45e014800,
0x000001a45e013000, 0x000001a45dc00000, 0x000001a45dbfb000, 0x000001a45dbff000,
0x000001a45dbfa800, 0x000001a45dc01800, 0x000001a45dc01000, 0x000001a45dbfc000,
0x000001a45dbfe800, 0x000001a45dc02800, 0x000001a45dbfc800, 0x000001a45dbfd800,
0x000001a45dc04000, 0x000001a45dc05800, 0x000001a45dc09000, 0x000001a45dc05000,
0x000001a45dc06800, 0x000001a45dc07800, 0x000001a45dc08000, 0x000001a45dc03000,
0x000001a45db66800, 0x000001a45db6a800, 0x000001a45db68000, 0x000001a45db6b800,
0x000001a45db67800, 0x000001a45db69000, 0x000001a45db6a000, 0x000001a45db65800,
0x000001a45db6c000, 0x000001a45db6d000, 0x000001a45db71000, 0x000001a45db73800,
0x000001a45db6e000, 0x000001a45db72000, 0x000001a45db6e800, 0x000001a45db6f800,
0x000001a45db73000, 0x000001a45db74800, 0x000001a45db70800, 0x000001a45cac7800,
0x000001a45cacc000, 0x000001a45cac8000, 0x000001a45caca000, 0x000001a45caca800,
0x000001a45cacb800, 0x000001a45cac6800, 0x000001a45cace800, 0x000001a45cacd000,
0x000001a45cac9000, 0x000001a45cacf800, 0x000001a45cad3800, 0x000001a45cace000,
0x000001a45cad2000, 0x000001a45cad0800, 0x000001a45cad1000, 0x000001a45cad3000,
0x000001a45cad4800, 0x000001a45cad5000, 0x000001a45e3db800, 0x000001a45e3de000,
0x000001a45e3da000, 0x000001a45e3da800, 0x000001a45e3d8800, 0x000001a45e3d9000,
0x000001a45e3e0800, 0x000001a45e3e1800, 0x000001a45e3df000, 0x000001a45e3df800,
0x000001a45e3e2000, 0x000001a45e3dc800, 0x000001a45e3e3000, 0x000001a45e3dd000,
0x000001a45e3e3800, 0x000001a45e3e4800, 0x000001a45e3e7000, 0x000001a45e3e5800,
0x000001a45e3e6000, 0x000001a45c8bf800, 0x000001a45c8c0000, 0x000001a45c8c4800,
0x000001a45c8c3800, 0x000001a45c8c1000, 0x000001a45c8be800, 0x000001a45e5df000,
0x000001a45c8c2000, 0x000001a45f076800
}

Java Threads: ( => current thread )
  0x000001a43f3fa800 JavaThread "main" [_thread_blocked, id=12272, stack(0x000000178c400000,0x000000178c500000)]
  0x000001a45a762000 JavaThread "Reference Handler" daemon [_thread_blocked, id=10948, stack(0x000000178cb00000,0x000000178cc00000)]
  0x000001a45a76b800 JavaThread "Finalizer" daemon [_thread_blocked, id=14616, stack(0x000000178cc00000,0x000000178cd00000)]
  0x000001a45a7c5000 JavaThread "Signal Dispatcher" daemon [_thread_blocked, id=5556, stack(0x000000178cd00000,0x000000178ce00000)]
  0x000001a45a7c6000 JavaThread "Attach Listener" daemon [_thread_blocked, id=9576, stack(0x000000178ce00000,0x000000178cf00000)]
  0x000001a45a7c7000 JavaThread "C2 CompilerThread0" daemon [_thread_in_native, id=13248, stack(0x000000178cf00000,0x000000178d000000)]
  0x000001a45a7cc000 JavaThread "C1 CompilerThread0" daemon [_thread_blocked, id=8872, stack(0x000000178d000000,0x000000178d100000)]
  0x000001a45a7d0000 JavaThread "Sweeper thread" daemon [_thread_blocked, id=6668, stack(0x000000178d100000,0x000000178d200000)]
  0x000001a45a93c800 JavaThread "Common-Cleaner" daemon [_thread_blocked, id=7628, stack(0x000000178d200000,0x000000178d300000)]
  0x000001a45a965000 JavaThread "Service Thread" daemon [_thread_blocked, id=6312, stack(0x000000178d300000,0x000000178d400000)]
  0x000001a45b5c8800 JavaThread "Daemon health stats" [_thread_blocked, id=3204, stack(0x000000178dc00000,0x000000178dd00000)]
  0x000001a45b813000 JavaThread "Incoming local TCP Connector on port 60403" [_thread_in_native, id=12248, stack(0x000000178dd00000,0x000000178de00000)]
  0x000001a45bc37000 JavaThread "Daemon periodic checks" [_thread_blocked, id=3416, stack(0x000000178de00000,0x000000178df00000)]
  0x000001a45e0f2800 JavaThread "Daemon" [_thread_blocked, id=13768, stack(0x000000178df00000,0x000000178e000000)]
  0x000001a45b679000 JavaThread "Handler for socket connection from /127.0.0.1:60403 to /127.0.0.1:60404" [_thread_in_native, id=15016, stack(0x000000178e000000,0x000000178e100000)]
  0x000001a45c8f1800 JavaThread "Cancel handler" [_thread_blocked, id=8184, stack(0x000000178e100000,0x000000178e200000)]
  0x000001a45d09e000 JavaThread "Daemon worker" [_thread_in_Java, id=7536, stack(0x000000178e200000,0x000000178e300000)]
  0x000001a45b9e8800 JavaThread "Asynchronous log dispatcher for DefaultDaemonConnection: socket connection from /127.0.0.1:60403 to /127.0.0.1:60404" [_thread_blocked, id=9904, stack(0x000000178e300000,0x000000178e400000)]
  0x000001a45b9a7800 JavaThread "Stdin handler" [_thread_blocked, id=8344, stack(0x000000178e400000,0x000000178e500000)]
  0x000001a45b9a8800 JavaThread "Thread-8" [_thread_blocked, id=11212, stack(0x000000178e500000,0x000000178e600000)]
  0x000001a45b4ee000 JavaThread "Cache worker for file hash cache (C:\Users\gokul\.gradle\caches\6.7.1\fileHashes)" [_thread_blocked, id=7272, stack(0x000000178e600000,0x000000178e700000)]
  0x000001a45b4ef000 JavaThread "File lock request listener" [_thread_in_native, id=14928, stack(0x000000178e700000,0x000000178e800000)]
  0x000001a45b4f0800 JavaThread "Cache worker for journal cache (C:\Users\gokul\.gradle\caches\journal-1)" [_thread_blocked, id=2848, stack(0x000000178eb00000,0x000000178ec00000)]
  0x000001a45b4ec800 JavaThread "Cache worker for file hash cache (C:\Users\gokul\StudioProjects\ApiProject\.gradle\6.7.1\fileHashes)" [_thread_blocked, id=7648, stack(0x000000178ee00000,0x000000178ef00000)]
  0x000001a45b4eb800 JavaThread "jar transforms" [_thread_blocked, id=11916, stack(0x000000178ef00000,0x000000178f000000)]
  0x000001a45b4ef800 JavaThread "jar transforms Thread 2" [_thread_blocked, id=9360, stack(0x000000178f000000,0x000000178f100000)]
  0x000001a45b4f1000 JavaThread "jar transforms Thread 3" [_thread_blocked, id=8324, stack(0x000000178f100000,0x000000178f200000)]
  0x000001a45b4f2000 JavaThread "jar transforms Thread 4" [_thread_blocked, id=5792, stack(0x000000178f200000,0x000000178f300000)]
  0x000001a45b4ed000 JavaThread "jar transforms Thread 5" [_thread_blocked, id=9020, stack(0x000000178f300000,0x000000178f400000)]
  0x000001a45e9cc800 JavaThread "jar transforms Thread 6" [_thread_blocked, id=5520, stack(0x000000178f400000,0x000000178f500000)]
  0x000001a45e9c7000 JavaThread "jar transforms Thread 7" [_thread_blocked, id=15232, stack(0x000000178f500000,0x000000178f600000)]
  0x000001a45e9c7800 JavaThread "jar transforms Thread 8" [_thread_blocked, id=5496, stack(0x000000178f600000,0x000000178f700000)]
  0x000001a45e9cd800 JavaThread "jar transforms Thread 9" [_thread_blocked, id=5336, stack(0x000000178f700000,0x000000178f800000)]
  0x000001a45e9c8800 JavaThread "jar transforms Thread 10" [_thread_blocked, id=13000, stack(0x000000178f800000,0x000000178f900000)]
  0x000001a45e9ca000 JavaThread "jar transforms Thread 11" [_thread_blocked, id=14124, stack(0x000000178f900000,0x000000178fa00000)]
  0x000001a45e9cb000 JavaThread "jar transforms Thread 12" [_thread_blocked, id=12732, stack(0x000000178fa00000,0x000000178fb00000)]
  0x000001a45e9cf000 JavaThread "jar transforms Thread 13" [_thread_blocked, id=12712, stack(0x000000178fb00000,0x000000178fc00000)]
  0x000001a45e9cb800 JavaThread "jar transforms Thread 14" [_thread_blocked, id=8364, stack(0x000000178fc00000,0x000000178fd00000)]
  0x000001a45e9ce000 JavaThread "jar transforms Thread 15" [_thread_blocked, id=5012, stack(0x000000178fd00000,0x000000178fe00000)]
  0x000001a45e9c9000 JavaThread "jar transforms Thread 16" [_thread_blocked, id=4052, stack(0x000000178fe00000,0x000000178ff00000)]
  0x000001a45e9d4800 JavaThread "jar transforms Thread 17" [_thread_blocked, id=6464, stack(0x000000178ff00000,0x0000001790000000)]
  0x000001a45e9d0800 JavaThread "jar transforms Thread 18" [_thread_blocked, id=4296, stack(0x0000001790000000,0x0000001790100000)]
  0x000001a45e9d5800 JavaThread "jar transforms Thread 19" [_thread_blocked, id=10412, stack(0x0000001790100000,0x0000001790200000)]
  0x000001a45e9cf800 JavaThread "jar transforms Thread 20" [_thread_blocked, id=5100, stack(0x0000001790200000,0x0000001790300000)]
  0x000001a45e9d1800 JavaThread "jar transforms Thread 21" [_thread_blocked, id=548, stack(0x0000001790300000,0x0000001790400000)]
  0x000001a45e9d2000 JavaThread "Cache worker for checksums cache (C:\Users\gokul\StudioProjects\ApiProject\.gradle\checksums)" [_thread_blocked, id=14280, stack(0x000000178ec00000,0x000000178ed00000)]
  0x000001a45e9d3000 JavaThread "Cache worker for cache directory md-supplier (C:\Users\gokul\.gradle\caches\6.7.1\md-supplier)" [_thread_blocked, id=13452, stack(0x000000178ed00000,0x000000178ee00000)]
  0x000001a45e9d4000 JavaThread "Cache worker for cache directory md-rule (C:\Users\gokul\.gradle\caches\6.7.1\md-rule)" [_thread_blocked, id=7592, stack(0x0000001790400000,0x0000001790500000)]
  0x000001a45e014000 JavaThread "Cache worker for execution history cache (C:\Users\gokul\.gradle\caches\6.7.1\executionHistory)" [_thread_blocked, id=5488, stack(0x0000001790600000,0x0000001790700000)]
  0x000001a45e010000 JavaThread "Cache worker for file content cache (C:\Users\gokul\.gradle\caches\6.7.1\fileContent)" [_thread_blocked, id=9208, stack(0x0000001790700000,0x0000001790800000)]
  0x000001a45e00e000 JavaThread "Cache worker for Build Output Cleanup Cache (C:\Users\gokul\StudioProjects\ApiProject\.gradle\buildOutputCleanup)" [_thread_blocked, id=8880, stack(0x0000001790a00000,0x0000001790b00000)]
  0x000001a45e014800 JavaThread "Build operations" [_thread_blocked, id=1412, stack(0x0000001790500000,0x0000001790600000)]
  0x000001a45e013000 JavaThread "Build operations Thread 2" [_thread_blocked, id=6448, stack(0x0000001790900000,0x0000001790a00000)]
  0x000001a45dc00000 JavaThread "Build operations Thread 3" [_thread_blocked, id=9528, stack(0x0000001790b00000,0x0000001790c00000)]
  0x000001a45dbfb000 JavaThread "Build operations Thread 4" [_thread_blocked, id=8708, stack(0x0000001790c00000,0x0000001790d00000)]
  0x000001a45dbff000 JavaThread "Build operations Thread 5" [_thread_blocked, id=10576, stack(0x0000001790d00000,0x0000001790e00000)]
  0x000001a45dbfa800 JavaThread "Build operations Thread 6" [_thread_blocked, id=14892, stack(0x0000001790e00000,0x0000001790f00000)]
  0x000001a45dc01800 JavaThread "Build operations Thread 7" [_thread_blocked, id=14496, stack(0x0000001790f00000,0x0000001791000000)]
  0x000001a45dc01000 JavaThread "Build operations Thread 8" [_thread_blocked, id=14636, stack(0x0000001791000000,0x0000001791100000)]
  0x000001a45dbfc000 JavaThread "jar transforms Thread 22" [_thread_blocked, id=12784, stack(0x0000001791100000,0x0000001791200000)]
  0x000001a45dbfe800 JavaThread "jar transforms Thread 23" [_thread_blocked, id=3916, stack(0x0000001791200000,0x0000001791300000)]
  0x000001a45dc02800 JavaThread "jar transforms Thread 24" [_thread_blocked, id=13140, stack(0x0000001791300000,0x0000001791400000)]
  0x000001a45dbfc800 JavaThread "jar transforms Thread 25" [_thread_blocked, id=7388, stack(0x0000001791400000,0x0000001791500000)]
  0x000001a45dbfd800 JavaThread "jar transforms Thread 26" [_thread_blocked, id=9064, stack(0x0000001791500000,0x0000001791600000)]
  0x000001a45dc04000 JavaThread "jar transforms Thread 27" [_thread_blocked, id=14020, stack(0x0000001791600000,0x0000001791700000)]
  0x000001a45dc05800 JavaThread "jar transforms Thread 28" [_thread_blocked, id=3068, stack(0x0000001791700000,0x0000001791800000)]
  0x000001a45dc09000 JavaThread "jar transforms Thread 29" [_thread_blocked, id=5000, stack(0x0000001791800000,0x0000001791900000)]
  0x000001a45dc05000 JavaThread "jar transforms Thread 30" [_thread_blocked, id=11812, stack(0x0000001791900000,0x0000001791a00000)]
  0x000001a45dc06800 JavaThread "jar transforms Thread 31" [_thread_blocked, id=9440, stack(0x0000001791a00000,0x0000001791b00000)]
  0x000001a45dc07800 JavaThread "jar transforms Thread 32" [_thread_blocked, id=3188, stack(0x0000001791b00000,0x0000001791c00000)]
  0x000001a45dc08000 JavaThread "jar transforms Thread 33" [_thread_blocked, id=11784, stack(0x0000001791c00000,0x0000001791d00000)]
  0x000001a45dc03000 JavaThread "jar transforms Thread 34" [_thread_blocked, id=11748, stack(0x0000001791d00000,0x0000001791e00000)]
  0x000001a45db66800 JavaThread "jar transforms Thread 35" [_thread_blocked, id=8852, stack(0x0000001791e00000,0x0000001791f00000)]
  0x000001a45db6a800 JavaThread "jar transforms Thread 36" [_thread_blocked, id=5888, stack(0x0000001791f00000,0x0000001792000000)]
  0x000001a45db68000 JavaThread "jar transforms Thread 37" [_thread_blocked, id=2476, stack(0x0000001792000000,0x0000001792100000)]
  0x000001a45db6b800 JavaThread "jar transforms Thread 38" [_thread_blocked, id=9652, stack(0x0000001792100000,0x0000001792200000)]
  0x000001a45db67800 JavaThread "jar transforms Thread 39" [_thread_blocked, id=13484, stack(0x0000001792200000,0x0000001792300000)]
  0x000001a45db69000 JavaThread "jar transforms Thread 40" [_thread_blocked, id=14404, stack(0x0000001792300000,0x0000001792400000)]
  0x000001a45db6a000 JavaThread "jar transforms Thread 41" [_thread_blocked, id=3988, stack(0x0000001792400000,0x0000001792500000)]
  0x000001a45db65800 JavaThread "jar transforms Thread 42" [_thread_blocked, id=12688, stack(0x0000001792500000,0x0000001792600000)]
  0x000001a45db6c000 JavaThread "jar transforms Thread 43" [_thread_blocked, id=5916, stack(0x0000001792600000,0x0000001792700000)]
  0x000001a45db6d000 JavaThread "jar transforms Thread 44" [_thread_blocked, id=15272, stack(0x0000001792700000,0x0000001792800000)]
  0x000001a45db71000 JavaThread "jar transforms Thread 45" [_thread_blocked, id=3896, stack(0x0000001792800000,0x0000001792900000)]
  0x000001a45db73800 JavaThread "jar transforms Thread 46" [_thread_blocked, id=14324, stack(0x0000001792900000,0x0000001792a00000)]
  0x000001a45db6e000 JavaThread "jar transforms Thread 47" [_thread_blocked, id=13160, stack(0x0000001792a00000,0x0000001792b00000)]
  0x000001a45db72000 JavaThread "jar transforms Thread 48" [_thread_blocked, id=14412, stack(0x0000001792b00000,0x0000001792c00000)]
  0x000001a45db6e800 JavaThread "jar transforms Thread 49" [_thread_blocked, id=9796, stack(0x0000001792c00000,0x0000001792d00000)]
  0x000001a45db6f800 JavaThread "jar transforms Thread 50" [_thread_blocked, id=3880, stack(0x0000001792d00000,0x0000001792e00000)]
  0x000001a45db73000 JavaThread "jar transforms Thread 51" [_thread_blocked, id=2304, stack(0x0000001792e00000,0x0000001792f00000)]
  0x000001a45db74800 JavaThread "jar transforms Thread 52" [_thread_blocked, id=8036, stack(0x0000001792f00000,0x0000001793000000)]
  0x000001a45db70800 JavaThread "jar transforms Thread 53" [_thread_blocked, id=12232, stack(0x0000001793000000,0x0000001793100000)]
  0x000001a45cac7800 JavaThread "jar transforms Thread 54" [_thread_blocked, id=2756, stack(0x0000001793100000,0x0000001793200000)]
  0x000001a45cacc000 JavaThread "jar transforms Thread 55" [_thread_blocked, id=2744, stack(0x0000001793200000,0x0000001793300000)]
  0x000001a45cac8000 JavaThread "jar transforms Thread 56" [_thread_blocked, id=13860, stack(0x0000001793300000,0x0000001793400000)]
  0x000001a45caca000 JavaThread "jar transforms Thread 57" [_thread_blocked, id=10748, stack(0x0000001793400000,0x0000001793500000)]
  0x000001a45caca800 JavaThread "jar transforms Thread 58" [_thread_blocked, id=14380, stack(0x0000001793500000,0x0000001793600000)]
  0x000001a45cacb800 JavaThread "jar transforms Thread 59" [_thread_blocked, id=7864, stack(0x0000001793600000,0x0000001793700000)]
  0x000001a45cac6800 JavaThread "jar transforms Thread 60" [_thread_blocked, id=8044, stack(0x0000001793700000,0x0000001793800000)]
  0x000001a45cace800 JavaThread "jar transforms Thread 61" [_thread_blocked, id=13268, stack(0x0000001793800000,0x0000001793900000)]
  0x000001a45cacd000 JavaThread "jar transforms Thread 62" [_thread_blocked, id=14896, stack(0x0000001793900000,0x0000001793a00000)]
  0x000001a45cac9000 JavaThread "jar transforms Thread 63" [_thread_blocked, id=11996, stack(0x0000001793a00000,0x0000001793b00000)]
  0x000001a45cacf800 JavaThread "jar transforms Thread 64" [_thread_blocked, id=11676, stack(0x0000001793b00000,0x0000001793c00000)]
  0x000001a45cad3800 JavaThread "jar transforms Thread 65" [_thread_blocked, id=13948, stack(0x0000001793c00000,0x0000001793d00000)]
  0x000001a45cace000 JavaThread "jar transforms Thread 66" [_thread_blocked, id=2900, stack(0x0000001793d00000,0x0000001793e00000)]
  0x000001a45cad2000 JavaThread "jar transforms Thread 67" [_thread_blocked, id=11924, stack(0x0000001793e00000,0x0000001793f00000)]
  0x000001a45cad0800 JavaThread "jar transforms Thread 68" [_thread_blocked, id=7000, stack(0x0000001793f00000,0x0000001794000000)]
  0x000001a45cad1000 JavaThread "jar transforms Thread 69" [_thread_blocked, id=3392, stack(0x0000001794000000,0x0000001794100000)]
  0x000001a45cad3000 JavaThread "jar transforms Thread 70" [_thread_blocked, id=3660, stack(0x0000001794100000,0x0000001794200000)]
  0x000001a45cad4800 JavaThread "jar transforms Thread 71" [_thread_blocked, id=10220, stack(0x0000001794200000,0x0000001794300000)]
  0x000001a45cad5000 JavaThread "jar transforms Thread 72" [_thread_blocked, id=1476, stack(0x0000001794300000,0x0000001794400000)]
  0x000001a45e3db800 JavaThread "jar transforms Thread 73" [_thread_blocked, id=10304, stack(0x0000001794400000,0x0000001794500000)]
  0x000001a45e3de000 JavaThread "jar transforms Thread 74" [_thread_blocked, id=7760, stack(0x0000001794500000,0x0000001794600000)]
  0x000001a45e3da000 JavaThread "jar transforms Thread 75" [_thread_blocked, id=8588, stack(0x0000001794600000,0x0000001794700000)]
  0x000001a45e3da800 JavaThread "jar transforms Thread 76" [_thread_blocked, id=15188, stack(0x0000001794700000,0x0000001794800000)]
  0x000001a45e3d8800 JavaThread "jar transforms Thread 77" [_thread_blocked, id=13816, stack(0x0000001794800000,0x0000001794900000)]
  0x000001a45e3d9000 JavaThread "jar transforms Thread 78" [_thread_blocked, id=3680, stack(0x0000001794900000,0x0000001794a00000)]
  0x000001a45e3e0800 JavaThread "jar transforms Thread 79" [_thread_blocked, id=3844, stack(0x0000001794a00000,0x0000001794b00000)]
  0x000001a45e3e1800 JavaThread "jar transforms Thread 80" [_thread_blocked, id=15180, stack(0x0000001794b00000,0x0000001794c00000)]
  0x000001a45e3df000 JavaThread "jar transforms Thread 81" [_thread_blocked, id=14672, stack(0x0000001794c00000,0x0000001794d00000)]
  0x000001a45e3df800 JavaThread "jar transforms Thread 82" [_thread_blocked, id=9956, stack(0x0000001794d00000,0x0000001794e00000)]
  0x000001a45e3e2000 JavaThread "jar transforms Thread 83" [_thread_blocked, id=12360, stack(0x0000001794e00000,0x0000001794f00000)]
  0x000001a45e3dc800 JavaThread "jar transforms Thread 84" [_thread_blocked, id=12436, stack(0x0000001794f00000,0x0000001795000000)]
  0x000001a45e3e3000 JavaThread "jar transforms Thread 85" [_thread_blocked, id=10916, stack(0x0000001795000000,0x0000001795100000)]
  0x000001a45e3dd000 JavaThread "jar transforms Thread 86" [_thread_blocked, id=15268, stack(0x0000001795100000,0x0000001795200000)]
  0x000001a45e3e3800 JavaThread "jar transforms Thread 87" [_thread_blocked, id=1136, stack(0x0000001795200000,0x0000001795300000)]
  0x000001a45e3e4800 JavaThread "jar transforms Thread 88" [_thread_blocked, id=14500, stack(0x000000178c100000,0x000000178c200000)]
  0x000001a45e3e7000 JavaThread "jar transforms Thread 89" [_thread_blocked, id=13872, stack(0x0000001795300000,0x0000001795400000)]
  0x000001a45e3e5800 JavaThread "jar transforms Thread 90" [_thread_blocked, id=11340, stack(0x0000001795400000,0x0000001795500000)]
  0x000001a45e3e6000 JavaThread "jar transforms Thread 91" [_thread_blocked, id=11352, stack(0x0000001795500000,0x0000001795600000)]
  0x000001a45c8bf800 JavaThread "jar transforms Thread 92" [_thread_blocked, id=10808, stack(0x0000001795600000,0x0000001795700000)]
  0x000001a45c8c0000 JavaThread "jar transforms Thread 93" [_thread_blocked, id=7672, stack(0x0000001795700000,0x0000001795800000)]
  0x000001a45c8c4800 JavaThread "jar transforms Thread 94" [_thread_blocked, id=7580, stack(0x0000001795800000,0x0000001795900000)]
  0x000001a45c8c3800 JavaThread "jar transforms Thread 95" [_thread_blocked, id=5536, stack(0x0000001795900000,0x0000001795a00000)]
  0x000001a45c8c1000 JavaThread "jar transforms Thread 96" [_thread_blocked, id=7148, stack(0x0000001795a00000,0x0000001795b00000)]
  0x000001a45c8be800 JavaThread "jar transforms Thread 97" [_thread_blocked, id=10128, stack(0x0000001795b00000,0x0000001795c00000)]
=>0x000001a45e5df000 JavaThread "C2 CompilerThread1" daemon [_thread_in_native, id=14172, stack(0x0000001795c00000,0x0000001795d00000)]
  0x000001a45c8c2000 JavaThread "Memory manager" [_thread_blocked, id=2264, stack(0x0000001795e00000,0x0000001795f00000)]
  0x000001a45f076800 JavaThread "C2 CompilerThread2" daemon [_thread_in_native, id=11356, stack(0x0000001795d00000,0x0000001795e00000)]

Other Threads:
  0x000001a45a760000 VMThread "VM Thread" [stack: 0x000000178ca00000,0x000000178cb00000] [id=6940]
  0x000001a45a952800 WatcherThread [stack: 0x000000178d400000,0x000000178d500000] [id=14392]
  0x000001a43f411000 GCTaskThread "GC Thread#0" [stack: 0x000000178c500000,0x000000178c600000] [id=11976]
  0x000001a45b54e800 GCTaskThread "GC Thread#1" [stack: 0x000000178d700000,0x000000178d800000] [id=9256]
  0x000001a45b5d8800 GCTaskThread "GC Thread#2" [stack: 0x000000178d800000,0x000000178d900000] [id=10672]
  0x000001a45b4a5000 GCTaskThread "GC Thread#3" [stack: 0x000000178d900000,0x000000178da00000] [id=12900]
  0x000001a45b67a000 GCTaskThread "GC Thread#4" [stack: 0x000000178da00000,0x000000178db00000] [id=13240]
  0x000001a45b67a800 GCTaskThread "GC Thread#5" [stack: 0x000000178db00000,0x000000178dc00000] [id=7720]
  0x000001a45d16f800 GCTaskThread "GC Thread#6" [stack: 0x000000178e800000,0x000000178e900000] [id=11720]
  0x000001a45bfc2000 GCTaskThread "GC Thread#7" [stack: 0x000000178e900000,0x000000178ea00000] [id=13088]
  0x000001a43f443800 ConcurrentGCThread "G1 Main Marker" [stack: 0x000000178c600000,0x000000178c700000] [id=2768]
  0x000001a43f447800 ConcurrentGCThread "G1 Conc#0" [stack: 0x000000178c700000,0x000000178c800000] [id=9244]
  0x000001a45b418000 ConcurrentGCThread "G1 Conc#1" [stack: 0x000000178ea00000,0x000000178eb00000] [id=4060]
  0x000001a459da8800 ConcurrentGCThread "G1 Refine#0" [stack: 0x000000178c800000,0x000000178c900000] [id=6016]
  0x000001a45f2be800 ConcurrentGCThread "G1 Refine#1" [stack: 0x0000001790800000,0x0000001790900000] [id=10056]
  0x000001a459da9000 ConcurrentGCThread "G1 Young RemSet Sampling" [stack: 0x000000178c900000,0x000000178ca00000] [id=8488]

Threads with active compile tasks:
C2 CompilerThread0  47064 6538       4       java.lang.Class::getMethodsRecursive (99 bytes)
C1 CompilerThread0  47064 6547   !   3       java.beans.PropertyDescriptor::<init> (347 bytes)
C2 CompilerThread1  47064 6407       4       java.util.regex.Pattern::compile (498 bytes)
C2 CompilerThread2  47064 6537       4       java.util.StringJoiner::toString (181 bytes)

VM state:not at safepoint (normal execution)

VM Mutex/Monitor currently owned by a thread: None

Heap address: 0x0000000080000000, size: 2048 MB, Compressed Oops mode: 32-bit
Narrow klass base: 0x0000000000000000, Narrow klass shift: 3
Compressed class space size: 1073741824 Address: 0x0000000100000000

Heap:
 garbage-first heap   total 260096K, used 130975K [0x0000000080000000, 0x0000000100000000)
  region size 1024K, 67 young (68608K), 3 survivors (3072K)
 Metaspace       used 64838K, capacity 66734K, committed 66892K, reserved 1107968K
  class space    used 8144K, capacity 8757K, committed 8856K, reserved 1048576K
Heap Regions: E=young(eden), S=young(survivor), O=old, HS=humongous(starts), HC=humongous(continues), CS=collection set, F=free, A=archive, TAMS=top-at-mark-start (previous, next)
|   0|0x0000000080000000, 0x0000000080100000, 0x0000000080100000|100%| O|  |TAMS 0x0000000080100000, 0x0000000080000000| Untracked 
|   1|0x0000000080100000, 0x0000000080200000, 0x0000000080200000|100%| O|  |TAMS 0x0000000080200000, 0x0000000080100000| Untracked 
|   2|0x0000000080200000, 0x0000000080300000, 0x0000000080300000|100%| O|  |TAMS 0x0000000080300000, 0x0000000080200000| Untracked 
|   3|0x0000000080300000, 0x0000000080400000, 0x0000000080400000|100%|HS|  |TAMS 0x0000000080400000, 0x0000000080300000| Complete 
|   4|0x0000000080400000, 0x0000000080500000, 0x0000000080500000|100%|HC|  |TAMS 0x0000000080500000, 0x0000000080400000| Complete 
|   5|0x0000000080500000, 0x0000000080600000, 0x0000000080600000|100%|HC|  |TAMS 0x0000000080600000, 0x0000000080500000| Complete 
|   6|0x0000000080600000, 0x0000000080700000, 0x0000000080700000|100%| O|  |TAMS 0x0000000080700000, 0x0000000080600000| Untracked 
|   7|0x0000000080700000, 0x0000000080800000, 0x0000000080800000|100%| O|  |TAMS 0x0000000080800000, 0x0000000080700000| Untracked 
|   8|0x0000000080800000, 0x0000000080900000, 0x0000000080900000|100%| O|  |TAMS 0x0000000080900000, 0x0000000080800000| Untracked 
|   9|0x0000000080900000, 0x0000000080a00000, 0x0000000080a00000|100%| O|  |TAMS 0x0000000080a00000, 0x0000000080900000| Untracked 
|  10|0x0000000080a00000, 0x0000000080b00000, 0x0000000080b00000|100%| O|  |TAMS 0x0000000080b00000, 0x0000000080a00000| Untracked 
|  11|0x0000000080b00000, 0x0000000080c00000, 0x0000000080c00000|100%| O|  |TAMS 0x0000000080c00000, 0x0000000080b00000| Untracked 
|  12|0x0000000080c00000, 0x0000000080d00000, 0x0000000080d00000|100%| O|  |TAMS 0x0000000080d00000, 0x0000000080c00000| Untracked 
|  13|0x0000000080d00000, 0x0000000080e00000, 0x0000000080e00000|100%| O|  |TAMS 0x0000000080e00000, 0x0000000080d00000| Untracked 
|  14|0x0000000080e00000, 0x0000000080f00000, 0x0000000080f00000|100%| O|  |TAMS 0x0000000080f00000, 0x0000000080e00000| Untracked 
|  15|0x0000000080f00000, 0x0000000081000000, 0x0000000081000000|100%| O|  |TAMS 0x0000000081000000, 0x0000000080f00000| Untracked 
|  16|0x0000000081000000, 0x0000000081100000, 0x0000000081100000|100%|HS|  |TAMS 0x0000000081100000, 0x0000000081000000| Complete 
|  17|0x0000000081100000, 0x0000000081200000, 0x0000000081200000|100%|HC|  |TAMS 0x0000000081200000, 0x0000000081100000| Complete 
|  18|0x0000000081200000, 0x0000000081300000, 0x0000000081300000|100%|HS|  |TAMS 0x0000000081300000, 0x0000000081200000| Complete 
|  19|0x0000000081300000, 0x0000000081400000, 0x0000000081400000|100%|HC|  |TAMS 0x0000000081400000, 0x0000000081300000| Complete 
|  20|0x0000000081400000, 0x0000000081500000, 0x0000000081500000|100%|HC|  |TAMS 0x0000000081500000, 0x0000000081400000| Complete 
|  21|0x0000000081500000, 0x0000000081600000, 0x0000000081600000|100%|HS|  |TAMS 0x0000000081600000, 0x0000000081500000| Complete 
|  22|0x0000000081600000, 0x0000000081700000, 0x0000000081700000|100%|HC|  |TAMS 0x0000000081700000, 0x0000000081600000| Complete 
|  23|0x0000000081700000, 0x0000000081800000, 0x0000000081800000|100%|HC|  |TAMS 0x0000000081800000, 0x0000000081700000| Complete 
|  24|0x0000000081800000, 0x0000000081900000, 0x0000000081900000|100%|HC|  |TAMS 0x0000000081900000, 0x0000000081800000| Complete 
|  25|0x0000000081900000, 0x0000000081a00000, 0x0000000081a00000|100%|HS|  |TAMS 0x0000000081a00000, 0x0000000081900000| Complete 
|  26|0x0000000081a00000, 0x0000000081b00000, 0x0000000081b00000|100%|HS|  |TAMS 0x0000000081b00000, 0x0000000081a00000| Complete 
|  27|0x0000000081b00000, 0x0000000081c00000, 0x0000000081c00000|100%|HC|  |TAMS 0x0000000081c00000, 0x0000000081b00000| Complete 
|  28|0x0000000081c00000, 0x0000000081d00000, 0x0000000081d00000|100%|HS|  |TAMS 0x0000000081d00000, 0x0000000081c00000| Complete 
|  29|0x0000000081d00000, 0x0000000081e00000, 0x0000000081e00000|100%|HC|  |TAMS 0x0000000081e00000, 0x0000000081d00000| Complete 
|  30|0x0000000081e00000, 0x0000000081f00000, 0x0000000081f00000|100%|HC|  |TAMS 0x0000000081f00000, 0x0000000081e00000| Complete 
|  31|0x0000000081f00000, 0x0000000082000000, 0x0000000082000000|100%|HC|  |TAMS 0x0000000082000000, 0x0000000081f00000| Complete 
|  32|0x0000000082000000, 0x0000000082100000, 0x0000000082100000|100%|HS|  |TAMS 0x0000000082100000, 0x0000000082000000| Complete 
|  33|0x0000000082100000, 0x0000000082200000, 0x0000000082200000|100%|HC|  |TAMS 0x0000000082200000, 0x0000000082100000| Complete 
|  34|0x0000000082200000, 0x0000000082300000, 0x0000000082300000|100%|HC|  |TAMS 0x0000000082300000, 0x0000000082200000| Complete 
|  35|0x0000000082300000, 0x0000000082400000, 0x0000000082400000|100%| O|  |TAMS 0x0000000082400000, 0x0000000082300000| Untracked 
|  36|0x0000000082400000, 0x0000000082500000, 0x0000000082500000|100%| O|  |TAMS 0x0000000082500000, 0x0000000082400000| Untracked 
|  37|0x0000000082500000, 0x0000000082600000, 0x0000000082600000|100%| O|  |TAMS 0x0000000082600000, 0x0000000082500000| Untracked 
|  38|0x0000000082600000, 0x0000000082700000, 0x0000000082700000|100%| O|  |TAMS 0x0000000082700000, 0x0000000082600000| Untracked 
|  39|0x0000000082700000, 0x0000000082800000, 0x0000000082800000|100%| O|  |TAMS 0x0000000082800000, 0x0000000082700000| Untracked 
|  40|0x0000000082800000, 0x0000000082900000, 0x0000000082900000|100%| O|  |TAMS 0x0000000082900000, 0x0000000082800000| Untracked 
|  41|0x0000000082900000, 0x0000000082a00000, 0x0000000082a00000|100%| O|  |TAMS 0x0000000082a00000, 0x0000000082900000| Untracked 
|  42|0x0000000082a00000, 0x0000000082b00000, 0x0000000082b00000|100%| O|  |TAMS 0x0000000082b00000, 0x0000000082a00000| Untracked 
|  43|0x0000000082b00000, 0x0000000082c00000, 0x0000000082c00000|100%| O|  |TAMS 0x0000000082c00000, 0x0000000082b00000| Untracked 
|  44|0x0000000082c00000, 0x0000000082d00000, 0x0000000082d00000|100%| O|  |TAMS 0x0000000082d00000, 0x0000000082c00000| Untracked 
|  45|0x0000000082d00000, 0x0000000082e00000, 0x0000000082e00000|100%| O|  |TAMS 0x0000000082e00000, 0x0000000082d00000| Untracked 
|  46|0x0000000082e00000, 0x0000000082f00000, 0x0000000082f00000|100%| O|  |TAMS 0x0000000082f00000, 0x0000000082e00000| Untracked 
|  47|0x0000000082f00000, 0x0000000083000000, 0x0000000083000000|100%| O|  |TAMS 0x0000000083000000, 0x0000000082f00000| Untracked 
|  48|0x0000000083000000, 0x0000000083100000, 0x0000000083100000|100%| O|  |TAMS 0x0000000083100000, 0x0000000083000000| Untracked 
|  49|0x0000000083100000, 0x0000000083200000, 0x0000000083200000|100%| O|  |TAMS 0x0000000083200000, 0x0000000083100000| Untracked 
|  50|0x0000000083200000, 0x0000000083300000, 0x0000000083300000|100%| O|  |TAMS 0x0000000083300000, 0x0000000083200000| Untracked 
|  51|0x0000000083300000, 0x0000000083400000, 0x0000000083400000|100%| O|  |TAMS 0x0000000083400000, 0x0000000083300000| Untracked 
|  52|0x0000000083400000, 0x0000000083500000, 0x0000000083500000|100%| O|  |TAMS 0x0000000083500000, 0x0000000083400000| Untracked 
|  53|0x0000000083500000, 0x0000000083600000, 0x0000000083600000|100%| O|  |TAMS 0x0000000083600000, 0x0000000083500000| Untracked 
|  54|0x0000000083600000, 0x0000000083700000, 0x0000000083700000|100%| O|  |TAMS 0x0000000083700000, 0x0000000083600000| Untracked 
|  55|0x0000000083700000, 0x0000000083800000, 0x0000000083800000|100%| O|  |TAMS 0x0000000083800000, 0x0000000083700000| Untracked 
|  56|0x0000000083800000, 0x0000000083900000, 0x0000000083900000|100%| O|  |TAMS 0x0000000083900000, 0x0000000083800000| Untracked 
|  57|0x0000000083900000, 0x0000000083a00000, 0x0000000083a00000|100%| O|  |TAMS 0x0000000083a00000, 0x0000000083900000| Untracked 
|  58|0x0000000083a00000, 0x0000000083b00000, 0x0000000083b00000|100%| O|  |TAMS 0x0000000083b00000, 0x0000000083a00000| Untracked 
|  59|0x0000000083b00000, 0x0000000083c00000, 0x0000000083c00000|100%| O|  |TAMS 0x0000000083c00000, 0x0000000083b00000| Untracked 
|  60|0x0000000083c00000, 0x0000000083d00000, 0x0000000083d00000|100%| O|  |TAMS 0x0000000083d00000, 0x0000000083c00000| Untracked 
|  61|0x0000000083d00000, 0x0000000083d17600, 0x0000000083e00000|  9%| O|  |TAMS 0x0000000083d17600, 0x0000000083d00000| Untracked 
|  62|0x0000000083e00000, 0x0000000083f00000, 0x0000000083f00000|100%|HS|  |TAMS 0x0000000083e00000, 0x0000000083e00000| Complete 
|  63|0x0000000083f00000, 0x0000000083f00000, 0x0000000084000000|  0%| F|  |TAMS 0x0000000083f00000, 0x0000000083f00000| Untracked 
|  64|0x0000000084000000, 0x0000000084000000, 0x0000000084100000|  0%| F|  |TAMS 0x0000000084000000, 0x0000000084000000| Untracked 
|  65|0x0000000084100000, 0x0000000084100000, 0x0000000084200000|  0%| F|  |TAMS 0x0000000084100000, 0x0000000084100000| Untracked 
|  66|0x0000000084200000, 0x0000000084200000, 0x0000000084300000|  0%| F|  |TAMS 0x0000000084200000, 0x0000000084200000| Untracked 
|  67|0x0000000084300000, 0x0000000084300000, 0x0000000084400000|  0%| F|  |TAMS 0x0000000084300000, 0x0000000084300000| Untracked 
|  68|0x0000000084400000, 0x0000000084400000, 0x0000000084500000|  0%| F|  |TAMS 0x0000000084400000, 0x0000000084400000| Untracked 
|  69|0x0000000084500000, 0x0000000084500000, 0x0000000084600000|  0%| F|  |TAMS 0x0000000084500000, 0x0000000084500000| Untracked 
|  70|0x0000000084600000, 0x0000000084600000, 0x0000000084700000|  0%| F|  |TAMS 0x0000000084600000, 0x0000000084600000| Untracked 
|  71|0x0000000084700000, 0x0000000084700000, 0x0000000084800000|  0%| F|  |TAMS 0x0000000084700000, 0x0000000084700000| Untracked 
|  72|0x0000000084800000, 0x0000000084800000, 0x0000000084900000|  0%| F|  |TAMS 0x0000000084800000, 0x0000000084800000| Untracked 
|  73|0x0000000084900000, 0x0000000084900000, 0x0000000084a00000|  0%| F|  |TAMS 0x0000000084900000, 0x0000000084900000| Untracked 
|  74|0x0000000084a00000, 0x0000000084a00000, 0x0000000084b00000|  0%| F|  |TAMS 0x0000000084a00000, 0x0000000084a00000| Untracked 
|  75|0x0000000084b00000, 0x0000000084b00000, 0x0000000084c00000|  0%| F|  |TAMS 0x0000000084b00000, 0x0000000084b00000| Untracked 
|  76|0x0000000084c00000, 0x0000000084c00000, 0x0000000084d00000|  0%| F|  |TAMS 0x0000000084c00000, 0x0000000084c00000| Untracked 
|  77|0x0000000084d00000, 0x0000000084d00000, 0x0000000084e00000|  0%| F|  |TAMS 0x0000000084d00000, 0x0000000084d00000| Untracked 
|  78|0x0000000084e00000, 0x0000000084e00000, 0x0000000084f00000|  0%| F|  |TAMS 0x0000000084e00000, 0x0000000084e00000| Untracked 
|  79|0x0000000084f00000, 0x0000000084f00000, 0x0000000085000000|  0%| F|  |TAMS 0x0000000084f00000, 0x0000000084f00000| Untracked 
|  80|0x0000000085000000, 0x0000000085000000, 0x0000000085100000|  0%| F|  |TAMS 0x0000000085000000, 0x0000000085000000| Untracked 
|  81|0x0000000085100000, 0x0000000085100000, 0x0000000085200000|  0%| F|  |TAMS 0x0000000085100000, 0x0000000085100000| Untracked 
|  82|0x0000000085200000, 0x0000000085200000, 0x0000000085300000|  0%| F|  |TAMS 0x0000000085200000, 0x0000000085200000| Untracked 
|  83|0x0000000085300000, 0x0000000085300000, 0x0000000085400000|  0%| F|  |TAMS 0x0000000085300000, 0x0000000085300000| Untracked 
|  84|0x0000000085400000, 0x0000000085400000, 0x0000000085500000|  0%| F|  |TAMS 0x0000000085400000, 0x0000000085400000| Untracked 
|  85|0x0000000085500000, 0x0000000085500000, 0x0000000085600000|  0%| F|  |TAMS 0x0000000085500000, 0x0000000085500000| Untracked 
|  86|0x0000000085600000, 0x0000000085600000, 0x0000000085700000|  0%| F|  |TAMS 0x0000000085600000, 0x0000000085600000| Untracked 
|  87|0x0000000085700000, 0x0000000085700000, 0x0000000085800000|  0%| F|  |TAMS 0x0000000085700000, 0x0000000085700000| Untracked 
|  88|0x0000000085800000, 0x0000000085800000, 0x0000000085900000|  0%| F|  |TAMS 0x0000000085800000, 0x0000000085800000| Untracked 
|  89|0x0000000085900000, 0x0000000085900000, 0x0000000085a00000|  0%| F|  |TAMS 0x0000000085900000, 0x0000000085900000| Untracked 
|  90|0x0000000085a00000, 0x0000000085a00000, 0x0000000085b00000|  0%| F|  |TAMS 0x0000000085a00000, 0x0000000085a00000| Untracked 
|  91|0x0000000085b00000, 0x0000000085b00000, 0x0000000085c00000|  0%| F|  |TAMS 0x0000000085b00000, 0x0000000085b00000| Untracked 
|  92|0x0000000085c00000, 0x0000000085c00000, 0x0000000085d00000|  0%| F|  |TAMS 0x0000000085c00000, 0x0000000085c00000| Untracked 
|  93|0x0000000085d00000, 0x0000000085d00000, 0x0000000085e00000|  0%| F|  |TAMS 0x0000000085d00000, 0x0000000085d00000| Untracked 
|  94|0x0000000085e00000, 0x0000000085e00000, 0x0000000085f00000|  0%| F|  |TAMS 0x0000000085e00000, 0x0000000085e00000| Untracked 
|  95|0x0000000085f00000, 0x0000000085f00000, 0x0000000086000000|  0%| F|  |TAMS 0x0000000085f00000, 0x0000000085f00000| Untracked 
|  96|0x0000000086000000, 0x0000000086000000, 0x0000000086100000|  0%| F|  |TAMS 0x0000000086000000, 0x0000000086000000| Untracked 
|  97|0x0000000086100000, 0x0000000086100000, 0x0000000086200000|  0%| F|  |TAMS 0x0000000086100000, 0x0000000086100000| Untracked 
|  98|0x0000000086200000, 0x0000000086200000, 0x0000000086300000|  0%| F|  |TAMS 0x0000000086200000, 0x0000000086200000| Untracked 
|  99|0x0000000086300000, 0x0000000086300000, 0x0000000086400000|  0%| F|  |TAMS 0x0000000086300000, 0x0000000086300000| Untracked 
| 100|0x0000000086400000, 0x0000000086400000, 0x0000000086500000|  0%| F|  |TAMS 0x0000000086400000, 0x0000000086400000| Untracked 
| 101|0x0000000086500000, 0x0000000086500000, 0x0000000086600000|  0%| F|  |TAMS 0x0000000086500000, 0x0000000086500000| Untracked 
| 102|0x0000000086600000, 0x0000000086600000, 0x0000000086700000|  0%| F|  |TAMS 0x0000000086600000, 0x0000000086600000| Untracked 
| 103|0x0000000086700000, 0x0000000086700000, 0x0000000086800000|  0%| F|  |TAMS 0x0000000086700000, 0x0000000086700000| Untracked 
| 104|0x0000000086800000, 0x0000000086800000, 0x0000000086900000|  0%| F|  |TAMS 0x0000000086800000, 0x0000000086800000| Untracked 
| 105|0x0000000086900000, 0x0000000086900000, 0x0000000086a00000|  0%| F|  |TAMS 0x0000000086900000, 0x0000000086900000| Untracked 
| 106|0x0000000086a00000, 0x0000000086a00000, 0x0000000086b00000|  0%| F|  |TAMS 0x0000000086a00000, 0x0000000086a00000| Untracked 
| 107|0x0000000086b00000, 0x0000000086b00000, 0x0000000086c00000|  0%| F|  |TAMS 0x0000000086b00000, 0x0000000086b00000| Untracked 
| 108|0x0000000086c00000, 0x0000000086c00000, 0x0000000086d00000|  0%| F|  |TAMS 0x0000000086c00000, 0x0000000086c00000| Untracked 
| 109|0x0000000086d00000, 0x0000000086d00000, 0x0000000086e00000|  0%| F|  |TAMS 0x0000000086d00000, 0x0000000086d00000| Untracked 
| 110|0x0000000086e00000, 0x0000000086e00000, 0x0000000086f00000|  0%| F|  |TAMS 0x0000000086e00000, 0x0000000086e00000| Untracked 
| 111|0x0000000086f00000, 0x0000000086f00000, 0x0000000087000000|  0%| F|  |TAMS 0x0000000086f00000, 0x0000000086f00000| Untracked 
| 112|0x0000000087000000, 0x0000000087000000, 0x0000000087100000|  0%| F|  |TAMS 0x0000000087000000, 0x0000000087000000| Untracked 
| 113|0x0000000087100000, 0x0000000087100000, 0x0000000087200000|  0%| F|  |TAMS 0x0000000087100000, 0x0000000087100000| Untracked 
| 114|0x0000000087200000, 0x0000000087200000, 0x0000000087300000|  0%| F|  |TAMS 0x0000000087200000, 0x0000000087200000| Untracked 
| 115|0x0000000087300000, 0x0000000087300000, 0x0000000087400000|  0%| F|  |TAMS 0x0000000087300000, 0x0000000087300000| Untracked 
| 116|0x0000000087400000, 0x0000000087400000, 0x0000000087500000|  0%| F|  |TAMS 0x0000000087400000, 0x0000000087400000| Untracked 
| 117|0x0000000087500000, 0x0000000087500000, 0x0000000087600000|  0%| F|  |TAMS 0x0000000087500000, 0x0000000087500000| Untracked 
| 118|0x0000000087600000, 0x0000000087600000, 0x0000000087700000|  0%| F|  |TAMS 0x0000000087600000, 0x0000000087600000| Untracked 
| 119|0x0000000087700000, 0x0000000087700000, 0x0000000087800000|  0%| F|  |TAMS 0x0000000087700000, 0x0000000087700000| Untracked 
| 120|0x0000000087800000, 0x0000000087800000, 0x0000000087900000|  0%| F|  |TAMS 0x0000000087800000, 0x0000000087800000| Untracked 
| 121|0x0000000087900000, 0x0000000087900000, 0x0000000087a00000|  0%| F|  |TAMS 0x0000000087900000, 0x0000000087900000| Untracked 
| 122|0x0000000087a00000, 0x0000000087a00000, 0x0000000087b00000|  0%| F|  |TAMS 0x0000000087a00000, 0x0000000087a00000| Untracked 
| 123|0x0000000087b00000, 0x0000000087b00000, 0x0000000087c00000|  0%| F|  |TAMS 0x0000000087b00000, 0x0000000087b00000| Untracked 
| 124|0x0000000087c00000, 0x0000000087c00000, 0x0000000087d00000|  0%| F|  |TAMS 0x0000000087c00000, 0x0000000087c00000| Untracked 
| 125|0x0000000087d00000, 0x0000000087d00000, 0x0000000087e00000|  0%| F|  |TAMS 0x0000000087d00000, 0x0000000087d00000| Untracked 
| 126|0x0000000087e00000, 0x0000000087e00000, 0x0000000087f00000|  0%| F|  |TAMS 0x0000000087e00000, 0x0000000087e00000| Untracked 
| 127|0x0000000087f00000, 0x0000000087f00000, 0x0000000088000000|  0%| F|  |TAMS 0x0000000087f00000, 0x0000000087f00000| Untracked 
| 128|0x0000000088000000, 0x0000000088000000, 0x0000000088100000|  0%| F|  |TAMS 0x0000000088000000, 0x0000000088000000| Untracked 
| 129|0x0000000088100000, 0x0000000088100000, 0x0000000088200000|  0%| F|  |TAMS 0x0000000088100000, 0x0000000088100000| Untracked 
| 130|0x0000000088200000, 0x0000000088200000, 0x0000000088300000|  0%| F|  |TAMS 0x0000000088200000, 0x0000000088200000| Untracked 
| 131|0x0000000088300000, 0x0000000088300000, 0x0000000088400000|  0%| F|  |TAMS 0x0000000088300000, 0x0000000088300000| Untracked 
| 132|0x0000000088400000, 0x0000000088400000, 0x0000000088500000|  0%| F|  |TAMS 0x0000000088400000, 0x0000000088400000| Untracked 
| 133|0x0000000088500000, 0x0000000088500000, 0x0000000088600000|  0%| F|  |TAMS 0x0000000088500000, 0x0000000088500000| Untracked 
| 134|0x0000000088600000, 0x0000000088600000, 0x0000000088700000|  0%| F|  |TAMS 0x0000000088600000, 0x0000000088600000| Untracked 
| 135|0x0000000088700000, 0x0000000088700000, 0x0000000088800000|  0%| F|  |TAMS 0x0000000088700000, 0x0000000088700000| Untracked 
| 136|0x0000000088800000, 0x0000000088800000, 0x0000000088900000|  0%| F|  |TAMS 0x0000000088800000, 0x0000000088800000| Untracked 
| 137|0x0000000088900000, 0x0000000088900000, 0x0000000088a00000|  0%| F|  |TAMS 0x0000000088900000, 0x0000000088900000| Untracked 
| 138|0x0000000088a00000, 0x0000000088a00000, 0x0000000088b00000|  0%| F|  |TAMS 0x0000000088a00000, 0x0000000088a00000| Untracked 
| 139|0x0000000088b00000, 0x0000000088b00000, 0x0000000088c00000|  0%| F|  |TAMS 0x0000000088b00000, 0x0000000088b00000| Untracked 
| 140|0x0000000088c00000, 0x0000000088c00000, 0x0000000088d00000|  0%| F|  |TAMS 0x0000000088c00000, 0x0000000088c00000| Untracked 
| 141|0x0000000088d00000, 0x0000000088d00000, 0x0000000088e00000|  0%| F|  |TAMS 0x0000000088d00000, 0x0000000088d00000| Untracked 
| 142|0x0000000088e00000, 0x0000000088e00000, 0x0000000088f00000|  0%| F|  |TAMS 0x0000000088e00000, 0x0000000088e00000| Untracked 
| 143|0x0000000088f00000, 0x0000000088f00000, 0x0000000089000000|  0%| F|  |TAMS 0x0000000088f00000, 0x0000000088f00000| Untracked 
| 144|0x0000000089000000, 0x0000000089000000, 0x0000000089100000|  0%| F|  |TAMS 0x0000000089000000, 0x0000000089000000| Untracked 
| 145|0x0000000089100000, 0x0000000089100000, 0x0000000089200000|  0%| F|  |TAMS 0x0000000089100000, 0x0000000089100000| Untracked 
| 146|0x0000000089200000, 0x0000000089200000, 0x0000000089300000|  0%| F|  |TAMS 0x0000000089200000, 0x0000000089200000| Untracked 
| 147|0x0000000089300000, 0x0000000089300000, 0x0000000089400000|  0%| F|  |TAMS 0x0000000089300000, 0x0000000089300000| Untracked 
| 148|0x0000000089400000, 0x0000000089400000, 0x0000000089500000|  0%| F|  |TAMS 0x0000000089400000, 0x0000000089400000| Untracked 
| 149|0x0000000089500000, 0x0000000089500000, 0x0000000089600000|  0%| F|  |TAMS 0x0000000089500000, 0x0000000089500000| Untracked 
| 150|0x0000000089600000, 0x0000000089600000, 0x0000000089700000|  0%| F|  |TAMS 0x0000000089600000, 0x0000000089600000| Untracked 
| 151|0x0000000089700000, 0x0000000089700000, 0x0000000089800000|  0%| F|  |TAMS 0x0000000089700000, 0x0000000089700000| Untracked 
| 152|0x0000000089800000, 0x0000000089800000, 0x0000000089900000|  0%| F|  |TAMS 0x0000000089800000, 0x0000000089800000| Untracked 
| 153|0x0000000089900000, 0x0000000089900000, 0x0000000089a00000|  0%| F|  |TAMS 0x0000000089900000, 0x0000000089900000| Untracked 
| 154|0x0000000089a00000, 0x0000000089a00000, 0x0000000089b00000|  0%| F|  |TAMS 0x0000000089a00000, 0x0000000089a00000| Untracked 
| 155|0x0000000089b00000, 0x0000000089b00000, 0x0000000089c00000|  0%| F|  |TAMS 0x0000000089b00000, 0x0000000089b00000| Untracked 
| 156|0x0000000089c00000, 0x0000000089c00000, 0x0000000089d00000|  0%| F|  |TAMS 0x0000000089c00000, 0x0000000089c00000| Untracked 
| 157|0x0000000089d00000, 0x0000000089d00000, 0x0000000089e00000|  0%| F|  |TAMS 0x0000000089d00000, 0x0000000089d00000| Untracked 
| 158|0x0000000089e00000, 0x0000000089e00000, 0x0000000089f00000|  0%| F|  |TAMS 0x0000000089e00000, 0x0000000089e00000| Untracked 
| 159|0x0000000089f00000, 0x0000000089f00000, 0x000000008a000000|  0%| F|  |TAMS 0x0000000089f00000, 0x0000000089f00000| Untracked 
| 160|0x000000008a000000, 0x000000008a000000, 0x000000008a100000|  0%| F|  |TAMS 0x000000008a000000, 0x000000008a000000| Untracked 
| 161|0x000000008a100000, 0x000000008a100000, 0x000000008a200000|  0%| F|  |TAMS 0x000000008a100000, 0x000000008a100000| Untracked 
| 162|0x000000008a200000, 0x000000008a200000, 0x000000008a300000|  0%| F|  |TAMS 0x000000008a200000, 0x000000008a200000| Untracked 
| 163|0x000000008a300000, 0x000000008a300000, 0x000000008a400000|  0%| F|  |TAMS 0x000000008a300000, 0x000000008a300000| Untracked 
| 164|0x000000008a400000, 0x000000008a400000, 0x000000008a500000|  0%| F|  |TAMS 0x000000008a400000, 0x000000008a400000| Untracked 
| 165|0x000000008a500000, 0x000000008a500000, 0x000000008a600000|  0%| F|  |TAMS 0x000000008a500000, 0x000000008a500000| Untracked 
| 166|0x000000008a600000, 0x000000008a600000, 0x000000008a700000|  0%| F|  |TAMS 0x000000008a600000, 0x000000008a600000| Untracked 
| 167|0x000000008a700000, 0x000000008a700000, 0x000000008a800000|  0%| F|  |TAMS 0x000000008a700000, 0x000000008a700000| Untracked 
| 168|0x000000008a800000, 0x000000008a800000, 0x000000008a900000|  0%| F|  |TAMS 0x000000008a800000, 0x000000008a800000| Untracked 
| 169|0x000000008a900000, 0x000000008a900000, 0x000000008aa00000|  0%| F|  |TAMS 0x000000008a900000, 0x000000008a900000| Untracked 
| 170|0x000000008aa00000, 0x000000008aa00000, 0x000000008ab00000|  0%| F|  |TAMS 0x000000008aa00000, 0x000000008aa00000| Untracked 
| 171|0x000000008ab00000, 0x000000008ab00000, 0x000000008ac00000|  0%| F|  |TAMS 0x000000008ab00000, 0x000000008ab00000| Untracked 
| 172|0x000000008ac00000, 0x000000008ac00000, 0x000000008ad00000|  0%| F|  |TAMS 0x000000008ac00000, 0x000000008ac00000| Untracked 
| 173|0x000000008ad00000, 0x000000008ad00000, 0x000000008ae00000|  0%| F|  |TAMS 0x000000008ad00000, 0x000000008ad00000| Untracked 
| 174|0x000000008ae00000, 0x000000008ae00000, 0x000000008af00000|  0%| F|  |TAMS 0x000000008ae00000, 0x000000008ae00000| Untracked 
| 175|0x000000008af00000, 0x000000008af00000, 0x000000008b000000|  0%| F|  |TAMS 0x000000008af00000, 0x000000008af00000| Untracked 
| 176|0x000000008b000000, 0x000000008b000000, 0x000000008b100000|  0%| F|  |TAMS 0x000000008b000000, 0x000000008b000000| Untracked 
| 177|0x000000008b100000, 0x000000008b100000, 0x000000008b200000|  0%| F|  |TAMS 0x000000008b100000, 0x000000008b100000| Untracked 
| 178|0x000000008b200000, 0x000000008b200000, 0x000000008b300000|  0%| F|  |TAMS 0x000000008b200000, 0x000000008b200000| Untracked 
| 179|0x000000008b300000, 0x000000008b300000, 0x000000008b400000|  0%| F|  |TAMS 0x000000008b300000, 0x000000008b300000| Untracked 
| 180|0x000000008b400000, 0x000000008b400000, 0x000000008b500000|  0%| F|  |TAMS 0x000000008b400000, 0x000000008b400000| Untracked 
| 181|0x000000008b500000, 0x000000008b500000, 0x000000008b600000|  0%| F|  |TAMS 0x000000008b500000, 0x000000008b500000| Untracked 
| 182|0x000000008b600000, 0x000000008b600000, 0x000000008b700000|  0%| F|  |TAMS 0x000000008b600000, 0x000000008b600000| Untracked 
| 183|0x000000008b700000, 0x000000008b700000, 0x000000008b800000|  0%| F|  |TAMS 0x000000008b700000, 0x000000008b700000| Untracked 
| 184|0x000000008b800000, 0x000000008b800000, 0x000000008b900000|  0%| F|  |TAMS 0x000000008b800000, 0x000000008b800000| Untracked 
| 185|0x000000008b900000, 0x000000008b900000, 0x000000008ba00000|  0%| F|  |TAMS 0x000000008b900000, 0x000000008b900000| Untracked 
| 186|0x000000008ba00000, 0x000000008ba00000, 0x000000008bb00000|  0%| F|  |TAMS 0x000000008ba00000, 0x000000008ba00000| Untracked 
| 187|0x000000008bb00000, 0x000000008bc00000, 0x000000008bc00000|100%| E|  |TAMS 0x000000008bb00000, 0x000000008bb00000| Complete 
| 188|0x000000008bc00000, 0x000000008bd00000, 0x000000008bd00000|100%| E|CS|TAMS 0x000000008bc00000, 0x000000008bc00000| Complete 
| 189|0x000000008bd00000, 0x000000008be00000, 0x000000008be00000|100%| E|CS|TAMS 0x000000008bd00000, 0x000000008bd00000| Complete 
| 190|0x000000008be00000, 0x000000008bf00000, 0x000000008bf00000|100%| E|CS|TAMS 0x000000008be00000, 0x000000008be00000| Complete 
| 191|0x000000008bf00000, 0x000000008c000000, 0x000000008c000000|100%| E|CS|TAMS 0x000000008bf00000, 0x000000008bf00000| Complete 
| 192|0x000000008c000000, 0x000000008c100000, 0x000000008c100000|100%| E|CS|TAMS 0x000000008c000000, 0x000000008c000000| Complete 
| 193|0x000000008c100000, 0x000000008c200000, 0x000000008c200000|100%| E|CS|TAMS 0x000000008c100000, 0x000000008c100000| Complete 
| 194|0x000000008c200000, 0x000000008c300000, 0x000000008c300000|100%| E|CS|TAMS 0x000000008c200000, 0x000000008c200000| Complete 
| 195|0x000000008c300000, 0x000000008c400000, 0x000000008c400000|100%| E|CS|TAMS 0x000000008c300000, 0x000000008c300000| Complete 
| 196|0x000000008c400000, 0x000000008c500000, 0x000000008c500000|100%| E|CS|TAMS 0x000000008c400000, 0x000000008c400000| Complete 
| 197|0x000000008c500000, 0x000000008c600000, 0x000000008c600000|100%| E|CS|TAMS 0x000000008c500000, 0x000000008c500000| Complete 
| 198|0x000000008c600000, 0x000000008c700000, 0x000000008c700000|100%| E|CS|TAMS 0x000000008c600000, 0x000000008c600000| Complete 
| 199|0x000000008c700000, 0x000000008c800000, 0x000000008c800000|100%| E|CS|TAMS 0x000000008c700000, 0x000000008c700000| Complete 
| 200|0x000000008c800000, 0x000000008c900000, 0x000000008c900000|100%| E|CS|TAMS 0x000000008c800000, 0x000000008c800000| Complete 
| 201|0x000000008c900000, 0x000000008ca00000, 0x000000008ca00000|100%| E|CS|TAMS 0x000000008c900000, 0x000000008c900000| Complete 
| 202|0x000000008ca00000, 0x000000008cb00000, 0x000000008cb00000|100%| E|CS|TAMS 0x000000008ca00000, 0x000000008ca00000| Complete 
| 203|0x000000008cb00000, 0x000000008cc00000, 0x000000008cc00000|100%| E|CS|TAMS 0x000000008cb00000, 0x000000008cb00000| Complete 
| 204|0x000000008cc00000, 0x000000008cd00000, 0x000000008cd00000|100%| E|CS|TAMS 0x000000008cc00000, 0x000000008cc00000| Complete 
| 205|0x000000008cd00000, 0x000000008ce00000, 0x000000008ce00000|100%| E|CS|TAMS 0x000000008cd00000, 0x000000008cd00000| Complete 
| 206|0x000000008ce00000, 0x000000008cf00000, 0x000000008cf00000|100%| E|CS|TAMS 0x000000008ce00000, 0x000000008ce00000| Complete 
| 207|0x000000008cf00000, 0x000000008d000000, 0x000000008d000000|100%| E|CS|TAMS 0x000000008cf00000, 0x000000008cf00000| Complete 
| 208|0x000000008d000000, 0x000000008d100000, 0x000000008d100000|100%| E|CS|TAMS 0x000000008d000000, 0x000000008d000000| Complete 
| 209|0x000000008d100000, 0x000000008d200000, 0x000000008d200000|100%| E|CS|TAMS 0x000000008d100000, 0x000000008d100000| Complete 
| 210|0x000000008d200000, 0x000000008d300000, 0x000000008d300000|100%| E|CS|TAMS 0x000000008d200000, 0x000000008d200000| Complete 
| 211|0x000000008d300000, 0x000000008d400000, 0x000000008d400000|100%| E|CS|TAMS 0x000000008d300000, 0x000000008d300000| Complete 
| 212|0x000000008d400000, 0x000000008d4d0758, 0x000000008d500000| 81%| S|CS|TAMS 0x000000008d400000, 0x000000008d400000| Complete 
| 213|0x000000008d500000, 0x000000008d600000, 0x000000008d600000|100%| S|CS|TAMS 0x000000008d500000, 0x000000008d500000| Complete 
| 214|0x000000008d600000, 0x000000008d700000, 0x000000008d700000|100%| S|CS|TAMS 0x000000008d600000, 0x000000008d600000| Complete 
| 215|0x000000008d700000, 0x000000008d800000, 0x000000008d800000|100%| E|CS|TAMS 0x000000008d700000, 0x000000008d700000| Complete 
| 216|0x000000008d800000, 0x000000008d900000, 0x000000008d900000|100%| E|CS|TAMS 0x000000008d800000, 0x000000008d800000| Complete 
| 217|0x000000008d900000, 0x000000008da00000, 0x000000008da00000|100%| E|CS|TAMS 0x000000008d900000, 0x000000008d900000| Complete 
| 218|0x000000008da00000, 0x000000008db00000, 0x000000008db00000|100%| E|CS|TAMS 0x000000008da00000, 0x000000008da00000| Complete 
| 219|0x000000008db00000, 0x000000008dc00000, 0x000000008dc00000|100%| E|CS|TAMS 0x000000008db00000, 0x000000008db00000| Complete 
| 220|0x000000008dc00000, 0x000000008dd00000, 0x000000008dd00000|100%| E|CS|TAMS 0x000000008dc00000, 0x000000008dc00000| Complete 
| 221|0x000000008dd00000, 0x000000008de00000, 0x000000008de00000|100%| E|CS|TAMS 0x000000008dd00000, 0x000000008dd00000| Complete 
| 222|0x000000008de00000, 0x000000008df00000, 0x000000008df00000|100%| E|CS|TAMS 0x000000008de00000, 0x000000008de00000| Complete 
| 223|0x000000008df00000, 0x000000008e000000, 0x000000008e000000|100%| E|CS|TAMS 0x000000008df00000, 0x000000008df00000| Complete 
| 224|0x000000008e000000, 0x000000008e100000, 0x000000008e100000|100%| E|CS|TAMS 0x000000008e000000, 0x000000008e000000| Complete 
| 225|0x000000008e100000, 0x000000008e200000, 0x000000008e200000|100%| E|CS|TAMS 0x000000008e100000, 0x000000008e100000| Complete 
| 226|0x000000008e200000, 0x000000008e300000, 0x000000008e300000|100%| E|CS|TAMS 0x000000008e200000, 0x000000008e200000| Complete 
| 227|0x000000008e300000, 0x000000008e400000, 0x000000008e400000|100%| E|CS|TAMS 0x000000008e300000, 0x000000008e300000| Complete 
| 228|0x000000008e400000, 0x000000008e500000, 0x000000008e500000|100%| E|CS|TAMS 0x000000008e400000, 0x000000008e400000| Complete 
| 229|0x000000008e500000, 0x000000008e600000, 0x000000008e600000|100%| E|CS|TAMS 0x000000008e500000, 0x000000008e500000| Complete 
| 230|0x000000008e600000, 0x000000008e700000, 0x000000008e700000|100%| E|CS|TAMS 0x000000008e600000, 0x000000008e600000| Complete 
| 231|0x000000008e700000, 0x000000008e800000, 0x000000008e800000|100%| E|CS|TAMS 0x000000008e700000, 0x000000008e700000| Complete 
| 232|0x000000008e800000, 0x000000008e900000, 0x000000008e900000|100%| E|CS|TAMS 0x000000008e800000, 0x000000008e800000| Complete 
| 233|0x000000008e900000, 0x000000008ea00000, 0x000000008ea00000|100%| E|CS|TAMS 0x000000008e900000, 0x000000008e900000| Complete 
| 234|0x000000008ea00000, 0x000000008eb00000, 0x000000008eb00000|100%| E|CS|TAMS 0x000000008ea00000, 0x000000008ea00000| Complete 
| 235|0x000000008eb00000, 0x000000008ec00000, 0x000000008ec00000|100%| E|CS|TAMS 0x000000008eb00000, 0x000000008eb00000| Complete 
| 236|0x000000008ec00000, 0x000000008ed00000, 0x000000008ed00000|100%| E|CS|TAMS 0x000000008ec00000, 0x000000008ec00000| Complete 
| 237|0x000000008ed00000, 0x000000008ee00000, 0x000000008ee00000|100%| E|CS|TAMS 0x000000008ed00000, 0x000000008ed00000| Complete 
| 238|0x000000008ee00000, 0x000000008ef00000, 0x000000008ef00000|100%| E|CS|TAMS 0x000000008ee00000, 0x000000008ee00000| Complete 
| 239|0x000000008ef00000, 0x000000008f000000, 0x000000008f000000|100%| E|CS|TAMS 0x000000008ef00000, 0x000000008ef00000| Complete 
| 240|0x000000008f000000, 0x000000008f100000, 0x000000008f100000|100%| E|CS|TAMS 0x000000008f000000, 0x000000008f000000| Complete 
| 241|0x000000008f100000, 0x000000008f200000, 0x000000008f200000|100%| E|CS|TAMS 0x000000008f100000, 0x000000008f100000| Complete 
| 242|0x000000008f200000, 0x000000008f300000, 0x000000008f300000|100%| E|CS|TAMS 0x000000008f200000, 0x000000008f200000| Complete 
| 243|0x000000008f300000, 0x000000008f400000, 0x000000008f400000|100%| E|CS|TAMS 0x000000008f300000, 0x000000008f300000| Complete 
| 244|0x000000008f400000, 0x000000008f500000, 0x000000008f500000|100%| E|CS|TAMS 0x000000008f400000, 0x000000008f400000| Complete 
| 245|0x000000008f500000, 0x000000008f600000, 0x000000008f600000|100%| E|CS|TAMS 0x000000008f500000, 0x000000008f500000| Complete 
| 246|0x000000008f600000, 0x000000008f700000, 0x000000008f700000|100%| E|CS|TAMS 0x000000008f600000, 0x000000008f600000| Complete 
| 247|0x000000008f700000, 0x000000008f800000, 0x000000008f800000|100%| E|CS|TAMS 0x000000008f700000, 0x000000008f700000| Complete 
| 248|0x000000008f800000, 0x000000008f900000, 0x000000008f900000|100%| E|CS|TAMS 0x000000008f800000, 0x000000008f800000| Complete 
| 249|0x000000008f900000, 0x000000008fa00000, 0x000000008fa00000|100%| E|CS|TAMS 0x000000008f900000, 0x000000008f900000| Complete 
| 250|0x000000008fa00000, 0x000000008fb00000, 0x000000008fb00000|100%| E|CS|TAMS 0x000000008fa00000, 0x000000008fa00000| Complete 
| 251|0x000000008fb00000, 0x000000008fc00000, 0x000000008fc00000|100%| E|CS|TAMS 0x000000008fb00000, 0x000000008fb00000| Complete 
| 252|0x000000008fc00000, 0x000000008fd00000, 0x000000008fd00000|100%| E|CS|TAMS 0x000000008fc00000, 0x000000008fc00000| Complete 
| 253|0x000000008fd00000, 0x000000008fe00000, 0x000000008fe00000|100%| E|CS|TAMS 0x000000008fd00000, 0x000000008fd00000| Complete 

Card table byte_map: [0x000001a452bf0000,0x000001a452ff0000] _byte_map_base: 0x000001a4527f0000

Marking Bits (Prev, Next): (CMBitMap*) 0x000001a43f43ab80, (CMBitMap*) 0x000001a43f43ab48
 Prev Bits: [0x000001a4553f0000, 0x000001a4573f0000)
 Next Bits: [0x000001a4533f0000, 0x000001a4553f0000)

Polling page: 0x000001a43dc10000

Metaspace:

Usage:
  Non-class:     56.62 MB capacity,    55.37 MB ( 98%) used,     1.11 MB (  2%) free+waste,   147.38 KB ( <1%) overhead. 
      Class:      8.55 MB capacity,     7.96 MB ( 93%) used,   542.74 KB (  6%) free+waste,    69.88 KB ( <1%) overhead. 
       Both:     65.18 MB capacity,    63.33 MB ( 97%) used,     1.64 MB (  3%) free+waste,   217.25 KB ( <1%) overhead. 

Virtual space:
  Non-class space:       58.00 MB reserved,      56.68 MB ( 98%) committed 
      Class space:        1.00 GB reserved,       8.65 MB ( <1%) committed 
             Both:        1.06 GB reserved,      65.32 MB (  6%) committed 

Chunk freelists:
   Non-Class:  55.00 KB
       Class:  9.00 KB
        Both:  64.00 KB

MaxMetaspaceSize: 17179869184.00 GB
CompressedClassSpaceSize: 1.00 GB

CodeHeap 'non-profiled nmethods': size=120000Kb used=4002Kb max_used=4002Kb free=115997Kb
 bounds [0x000001a44a850000, 0x000001a44ac40000, 0x000001a451d80000]
CodeHeap 'profiled nmethods': size=120000Kb used=13998Kb max_used=13998Kb free=106002Kb
 bounds [0x000001a443320000, 0x000001a4440d0000, 0x000001a44a850000]
CodeHeap 'non-nmethods': size=5760Kb used=2255Kb max_used=2303Kb free=3504Kb
 bounds [0x000001a442d80000, 0x000001a442ff0000, 0x000001a443320000]
 total_blobs=7141 nmethods=6292 adapters=760
 compilation: enabled
              stopped_count=0, restarted_count=0
 full_count=0

Compilation events (20 events):
Event: 46.756 Thread 0x000001a45a7c7000 nmethod 6440 0x000001a44ac2d410 code [0x000001a44ac2d660, 0x000001a44ac2ebb0]
Event: 46.756 Thread 0x000001a45a7c7000 6495       4       groovyjarjarasm.asm.ByteVector::putShort (52 bytes)
Event: 46.758 Thread 0x000001a45a7cc000 6500       1       java.nio.channels.FileLock::isShared (5 bytes)
Event: 46.758 Thread 0x000001a45a7cc000 nmethod 6500 0x000001a44ac2f610 code [0x000001a44ac2f7c0, 0x000001a44ac2f878]
Event: 46.758 Thread 0x000001a45a7c7000 nmethod 6495 0x000001a44ac2f910 code [0x000001a44ac2fac0, 0x000001a44ac2fc48]
Event: 46.758 Thread 0x000001a45a7c7000 6461       4       org.codehaus.groovy.ast.ClassNode::getSuperClass (70 bytes)
Event: 46.759 Thread 0x000001a45a7cc000 6501       3       org.gradle.api.internal.changedetection.state.CachingFileHasher::hash (12 bytes)
Event: 46.759 Thread 0x000001a45a7cc000 nmethod 6501 0x000001a444099590 code [0x000001a444099740, 0x000001a4440998a8]
Event: 46.759 Thread 0x000001a45a7cc000 6502       3       org.gradle.api.internal.changedetection.state.CachingFileHasher::snapshot (114 bytes)
Event: 46.761 Thread 0x000001a45a7cc000 nmethod 6502 0x000001a444099990 code [0x000001a444099c00, 0x000001a44409a758]
Event: 46.761 Thread 0x000001a45a7c7000 nmethod 6461 0x000001a44ac2fd90 code [0x000001a44ac2ff60, 0x000001a44ac300e8]
Event: 46.762 Thread 0x000001a45a7c7000 6441       4       groovyjarjarantlr.ASTFactory::addASTChild (59 bytes)
Event: 46.764 Thread 0x000001a45f076800 nmethod 6478 0x000001a44ac30290 code [0x000001a44ac304e0, 0x000001a44ac30f60]
Event: 46.765 Thread 0x000001a45f076800 6465       4       org.codehaus.groovy.ast.CodeVisitorSupport::visitVariableExpression (1 bytes)
Event: 46.765 Thread 0x000001a45f076800 nmethod 6465 0x000001a44ac31710 code [0x000001a44ac318a0, 0x000001a44ac318f8]
Event: 46.771 Thread 0x000001a45a7cc000 6503       3       org.gradle.internal.snapshot.RegularFileSnapshot::<init> (25 bytes)
Event: 46.772 Thread 0x000001a45a7cc000 nmethod 6503 0x000001a44409ab90 code [0x000001a44409ad60, 0x000001a44409b158]
Event: 46.774 Thread 0x000001a45a7c7000 nmethod 6441 0x000001a44ac31990 code [0x000001a44ac31b60, 0x000001a44ac32158]
Event: 46.795 Thread 0x000001a45f076800 6504       4       com.google.common.collect.MapMakerInternalMap::segmentFor (17 bytes)
Event: 46.796 Thread 0x000001a45f076800 nmethod 6504 0x000001a44ac32390 code [0x000001a44ac32520, 0x000001a44ac325b8]

GC Heap History (14 events):
Event: 1.486 GC heap before
{Heap before GC invocations=0 (full 0):
 garbage-first heap   total 260096K, used 29696K [0x0000000080000000, 0x0000000100000000)
  region size 1024K, 24 young (24576K), 0 survivors (0K)
 Metaspace       used 10659K, capacity 10890K, committed 11008K, reserved 1058816K
  class space    used 1130K, capacity 1202K, committed 1280K, reserved 1048576K
}
Event: 1.491 GC heap after
{Heap after GC invocations=1 (full 0):
 garbage-first heap   total 260096K, used 8490K [0x0000000080000000, 0x0000000100000000)
  region size 1024K, 3 young (3072K), 3 survivors (3072K)
 Metaspace       used 10659K, capacity 10890K, committed 11008K, reserved 1058816K
  class space    used 1130K, capacity 1202K, committed 1280K, reserved 1048576K
}
Event: 5.711 GC heap before
{Heap before GC invocations=1 (full 0):
 garbage-first heap   total 260096K, used 94506K [0x0000000080000000, 0x0000000100000000)
  region size 1024K, 89 young (91136K), 3 survivors (3072K)
 Metaspace       used 20631K, capacity 21114K, committed 21248K, reserved 1067008K
  class space    used 2536K, capacity 2723K, committed 2816K, reserved 1048576K
}
Event: 5.734 GC heap after
{Heap after GC invocations=2 (full 0):
 garbage-first heap   total 260096K, used 16010K [0x0000000080000000, 0x0000000100000000)
  region size 1024K, 11 young (11264K), 11 survivors (11264K)
 Metaspace       used 20631K, capacity 21114K, committed 21248K, reserved 1067008K
  class space    used 2536K, capacity 2723K, committed 2816K, reserved 1048576K
}
Event: 6.805 GC heap before
{Heap before GC invocations=3 (full 0):
 garbage-first heap   total 260096K, used 51850K [0x0000000080000000, 0x0000000100000000)
  region size 1024K, 46 young (47104K), 11 survivors (11264K)
 Metaspace       used 24693K, capacity 25261K, committed 25472K, reserved 1071104K
  class space    used 3182K, capacity 3406K, committed 3456K, reserved 1048576K
}
Event: 6.812 GC heap after
{Heap after GC invocations=4 (full 0):
 garbage-first heap   total 260096K, used 17600K [0x0000000080000000, 0x0000000100000000)
  region size 1024K, 2 young (2048K), 2 survivors (2048K)
 Metaspace       used 24693K, capacity 25261K, committed 25472K, reserved 1071104K
  class space    used 3182K, capacity 3406K, committed 3456K, reserved 1048576K
}
Event: 10.652 GC heap before
{Heap before GC invocations=4 (full 0):
 garbage-first heap   total 260096K, used 97472K [0x0000000080000000, 0x0000000100000000)
  region size 1024K, 73 young (74752K), 2 survivors (2048K)
 Metaspace       used 34964K, capacity 35762K, committed 35840K, reserved 1081344K
  class space    used 4558K, capacity 4841K, committed 4864K, reserved 1048576K
}
Event: 10.665 GC heap after
{Heap after GC invocations=5 (full 0):
 garbage-first heap   total 260096K, used 33426K [0x0000000080000000, 0x0000000100000000)
  region size 1024K, 9 young (9216K), 9 survivors (9216K)
 Metaspace       used 34964K, capacity 35762K, committed 35840K, reserved 1081344K
  class space    used 4558K, capacity 4841K, committed 4864K, reserved 1048576K
}
Event: 14.340 GC heap before
{Heap before GC invocations=6 (full 0):
 garbage-first heap   total 260096K, used 140946K [0x0000000080000000, 0x0000000100000000)
  region size 1024K, 104 young (106496K), 9 survivors (9216K)
 Metaspace       used 45652K, capacity 46762K, committed 47052K, reserved 1089536K
  class space    used 5663K, capacity 6044K, committed 6092K, reserved 1048576K
}
Event: 14.355 GC heap after
{Heap after GC invocations=7 (full 0):
 garbage-first heap   total 260096K, used 48311K [0x0000000080000000, 0x0000000100000000)
  region size 1024K, 13 young (13312K), 13 survivors (13312K)
 Metaspace       used 45652K, capacity 46762K, committed 47052K, reserved 1089536K
  class space    used 5663K, capacity 6044K, committed 6092K, reserved 1048576K
}
Event: 43.028 GC heap before
{Heap before GC invocations=7 (full 0):
 garbage-first heap   total 260096K, used 169143K [0x0000000080000000, 0x0000000100000000)
  region size 1024K, 129 young (132096K), 13 survivors (13312K)
 Metaspace       used 52592K, capacity 54255K, committed 54476K, reserved 1097728K
  class space    used 6608K, capacity 7108K, committed 7116K, reserved 1048576K
}
Event: 43.041 GC heap after
{Heap after GC invocations=8 (full 0):
 garbage-first heap   total 260096K, used 62198K [0x0000000080000000, 0x0000000100000000)
  region size 1024K, 17 young (17408K), 17 survivors (17408K)
 Metaspace       used 52592K, capacity 54255K, committed 54476K, reserved 1097728K
  class space    used 6608K, capacity 7108K, committed 7116K, reserved 1048576K
}
Event: 45.179 GC heap before
{Heap before GC invocations=8 (full 0):
 garbage-first heap   total 260096K, used 101110K [0x0000000080000000, 0x0000000100000000)
  region size 1024K, 56 young (57344K), 17 survivors (17408K)
 Metaspace       used 58534K, capacity 60151K, committed 60288K, reserved 1101824K
  class space    used 7324K, capacity 7855K, committed 7884K, reserved 1048576K
}
Event: 45.210 GC heap after
{Heap after GC invocations=9 (full 0):
 garbage-first heap   total 260096K, used 65439K [0x0000000080000000, 0x0000000100000000)
  region size 1024K, 3 young (3072K), 3 survivors (3072K)
 Metaspace       used 58534K, capacity 60151K, committed 60288K, reserved 1101824K
  class space    used 7324K, capacity 7855K, committed 7884K, reserved 1048576K
}

Deoptimization events (20 events):
Event: 46.594 Thread 0x000001a45d09e000 DEOPT PACKING pc=0x000001a44a892714 sp=0x000000178e2f6a40
Event: 46.594 Thread 0x000001a45d09e000 DEOPT UNPACKING pc=0x000001a442da74af sp=0x000000178e2f69a0 mode 2
Event: 46.594 Thread 0x000001a45d09e000 Uncommon trap: trap_request=0xffffff4d fr.pc=0x000001a44a8803ec relative=0x00000000000000cc
Event: 46.594 Thread 0x000001a45d09e000 Uncommon trap: reason=unstable_if action=reinterpret pc=0x000001a44a8803ec method=java.lang.String.getBytes([BIB)V @ 5 c2
Event: 46.594 Thread 0x000001a45d09e000 DEOPT PACKING pc=0x000001a44a8803ec sp=0x000000178e2f69c0
Event: 46.594 Thread 0x000001a45d09e000 DEOPT UNPACKING pc=0x000001a442da74af sp=0x000000178e2f6968 mode 2
Event: 46.594 Thread 0x000001a45d09e000 Uncommon trap: trap_request=0xffffff4d fr.pc=0x000001a44a8bbdc0 relative=0x0000000000000380
Event: 46.594 Thread 0x000001a45d09e000 Uncommon trap: reason=unstable_if action=reinterpret pc=0x000001a44a8bbdc0 method=java.lang.AbstractStringBuilder.isLatin1()Z @ 10 c2
Event: 46.594 Thread 0x000001a45d09e000 DEOPT PACKING pc=0x000001a44a8bbdc0 sp=0x000000178e2f6c60
Event: 46.594 Thread 0x000001a45d09e000 DEOPT UNPACKING pc=0x000001a442da74af sp=0x000000178e2f6be0 mode 2
Event: 46.594 Thread 0x000001a45d09e000 Uncommon trap: trap_request=0xffffff4d fr.pc=0x000001a44a893198 relative=0x0000000000000458
Event: 46.594 Thread 0x000001a45d09e000 Uncommon trap: reason=unstable_if action=reinterpret pc=0x000001a44a893198 method=java.lang.String.substring(II)Ljava/lang/String; @ 31 c2
Event: 46.594 Thread 0x000001a45d09e000 DEOPT PACKING pc=0x000001a44a893198 sp=0x000000178e2f69d0
Event: 46.594 Thread 0x000001a45d09e000 DEOPT UNPACKING pc=0x000001a442da74af sp=0x000000178e2f6988 mode 2
Event: 46.612 Thread 0x000001a45d09e000 Uncommon trap: trap_request=0xffffff4d fr.pc=0x000001a44ac24f10 relative=0x00000000000018b0
Event: 46.612 Thread 0x000001a45d09e000 Uncommon trap: reason=unstable_if action=reinterpret pc=0x000001a44ac24f10 method=java.util.regex.Pattern.atom()Ljava/util/regex/Pattern$Node; @ 14 c2
Event: 46.612 Thread 0x000001a45d09e000 DEOPT PACKING pc=0x000001a44ac24f10 sp=0x000000178e2f6530
Event: 46.612 Thread 0x000001a45d09e000 DEOPT UNPACKING pc=0x000001a442da74af sp=0x000000178e2f6508 mode 2
Event: 46.713 Thread 0x000001a45d09e000 DEOPT PACKING pc=0x000001a443c189f1 sp=0x000000178e2f8250
Event: 46.713 Thread 0x000001a45d09e000 DEOPT UNPACKING pc=0x000001a442da72ce sp=0x000000178e2f7748 mode 0

Classes redefined (0 events):
No events

Internal exceptions (20 events):
Event: 41.914 Thread 0x000001a45d09e000 Exception <a 'java/lang/ClassNotFoundException'{0x0000000089af8568}: org/gradle/api/tasks/Delete_DecoratedCustomizer> (0x0000000089af8568) thrown at [./src/hotspot/share/classfile/systemDictionary.cpp, line 231]
Event: 41.975 Thread 0x000001a45c8be800 Exception <a 'sun/nio/fs/WindowsException'{0x00000000897e7650}> (0x00000000897e7650) thrown at [./src/hotspot/share/prims/jni.cpp, line 615]
Event: 41.976 Thread 0x000001a45c8be800 Exception <a 'sun/nio/fs/WindowsException'{0x00000000897e77d0}> (0x00000000897e77d0) thrown at [./src/hotspot/share/prims/jni.cpp, line 615]
Event: 41.999 Thread 0x000001a45d09e000 Exception <a 'java/lang/ClassNotFoundException'{0x000000008962d510}: build_70nda2fpzb2ptgpjlhxkvycryBeanInfo> (0x000000008962d510) thrown at [./src/hotspot/share/classfile/systemDictionary.cpp, line 231]
Event: 41.999 Thread 0x000001a45d09e000 Exception <a 'java/lang/ClassNotFoundException'{0x0000000089636318}: build_70nda2fpzb2ptgpjlhxkvycryCustomizer> (0x0000000089636318) thrown at [./src/hotspot/share/classfile/systemDictionary.cpp, line 231]
Event: 42.006 Thread 0x000001a45d09e000 Exception <a 'java/lang/ClassNotFoundException'{0x00000000896a9da8}: org/gradle/plugin/use/internal/PluginRequestCollector$PluginDependenciesSpecImplBeanInfo> (0x00000000896a9da8) thrown at [./src/hotspot/share/classfile/systemDictionary.cpp, line 231]
Event: 42.007 Thread 0x000001a45d09e000 Exception <a 'java/lang/ClassNotFoundException'{0x00000000896cfb18}: org/gradle/plugin/use/internal/PluginRequestCollector$PluginDependenciesSpecImplCustomizer> (0x00000000896cfb18) thrown at [./src/hotspot/share/classfile/systemDictionary.cpp, line 231]
Event: 42.012 Thread 0x000001a45d09e000 Exception <a 'java/lang/NoSuchMethodError'{0x0000000088843c78}: 'void java.lang.invoke.DirectMethodHandle$Holder.invokeInterface(java.lang.Object, java.lang.Object)'> (0x0000000088843c78) thrown at [./src/hotspot/share/interpreter/linkResolver.cpp, line 773]
Event: 42.943 Thread 0x000001a45d09e000 Exception <a 'java/lang/NoSuchMethodError'{0x0000000087e3d478}: 'java.lang.Object java.lang.invoke.DirectMethodHandle$Holder.invokeStatic(java.lang.Object, java.lang.Object, java.lang.Object, java.lang.Object, int)'> (0x0000000087e3d478) thrown at [./src/hotspot/share/interpreter/linkResolver.cpp, line 773]
Event: 42.944 Thread 0x000001a45d09e000 Exception <a 'java/lang/NoSuchMethodError'{0x0000000087e41e70}: 'java.lang.Object java.lang.invoke.DirectMethodHandle$Holder.invokeSpecial(java.lang.Object, java.lang.Object, java.lang.Object, java.lang.Object, java.lang.Object, int)'> (0x0000000087e41e70) thrown at [./src/hotspot/share/interpreter/linkResolver.cpp, line 773]
Event: 42.944 Thread 0x000001a45d09e000 Exception <a 'java/lang/NoSuchMethodError'{0x0000000087e464b0}: 'java.lang.Object java.lang.invoke.Invokers$Holder.linkToTargetMethod(java.lang.Object, java.lang.Object, java.lang.Object, int, java.lang.Object)'> (0x0000000087e464b0) thrown at [./src/hotspot/share/interpreter/linkResolver.cpp, line 773]
Event: 43.954 Thread 0x000001a45d09e000 Exception <a 'java/lang/NoSuchMethodError'{0x000000008ecfb6d8}: 'java.lang.Object java.lang.invoke.DirectMethodHandle$Holder.invokeSpecial(java.lang.Object, java.lang.Object, int, int, java.lang.Object, java.lang.Object, java.lang.Object)'> (0x000000008ecfb6d8) thrown at [./src/hotspot/share/interpreter/linkResolver.cpp, line 773]
Event: 43.955 Thread 0x000001a45d09e000 Exception <a 'java/lang/NoSuchMethodError'{0x000000008ecffc58}: 'java.lang.Object java.lang.invoke.DelegatingMethodHandle$Holder.reinvoke_L(java.lang.Object, int, int, java.lang.Object, java.lang.Object, java.lang.Object)'> (0x000000008ecffc58) thrown at [./src/hotspot/share/interpreter/linkResolver.cpp, line 773]
Event: 44.758 Thread 0x000001a45d09e000 Exception <a 'java/lang/NoSuchMethodError'{0x000000008df5d008}: 'int java.lang.invoke.DirectMethodHandle$Holder.invokeInterface(java.lang.Object, java.lang.Object, java.lang.Object, java.lang.Object)'> (0x000000008df5d008) thrown at [./src/hotspot/share/interpreter/linkResolver.cpp, line 773]
Event: 45.220 Thread 0x000001a45d09e000 Exception <a 'java/lang/NoSuchMethodError'{0x000000008fd36938}: 'void java.lang.invoke.DirectMethodHandle$Holder.invokeInterface(java.lang.Object, java.lang.Object, java.lang.Object, java.lang.Object)'> (0x000000008fd36938) thrown at [./src/hotspot/share/interpreter/linkResolver.cpp, line 773]
Event: 45.404 Thread 0x000001a45d09e000 Exception <a 'java/lang/IncompatibleClassChangeError'{0x000000008f673d40}: Found class java.lang.Object, but interface was expected> (0x000000008f673d40) thrown at [./src/hotspot/share/interpreter/linkResolver.cpp, line 839]
Event: 45.425 Thread 0x000001a45d09e000 Exception <a 'java/lang/NoSuchMethodError'{0x000000008f50fc28}: 'void java.lang.invoke.DirectMethodHandle$Holder.invokeStatic(java.lang.Object, java.lang.Object, java.lang.Object, java.lang.Object, java.lang.Object)'> (0x000000008f50fc28) thrown at [./src/hotspot/share/interpreter/linkResolver.cpp, line 773]
Event: 45.451 Thread 0x000001a45d09e000 Implicit null exception at 0x000001a44aa26854 to 0x000001a44aa26a38
Event: 45.451 Thread 0x000001a45d09e000 Implicit null exception at 0x000001a44aaebbc0 to 0x000001a44aaed114
Event: 45.684 Thread 0x000001a45d09e000 Implicit null exception at 0x000001a44a93d48b to 0x000001a44a93d564

Events (20 events):
Event: 46.676 loading class com/android/build/gradle/tasks/CleanBuildCache done
Event: 46.677 loading class com/android/build/gradle/internal/TaskManager$ConfigAttrTask
Event: 46.677 loading class com/android/build/gradle/internal/TaskManager$ConfigAttrTask done
Event: 46.678 loading class com/android/build/gradle/internal/TaskManager$Companion$createTasksBeforeEvaluate$9
Event: 46.678 loading class com/android/build/gradle/internal/TaskManager$Companion$createTasksBeforeEvaluate$9 done
Event: 46.680 loading class com/android/build/gradle/internal/TaskManager$Companion$createTasksBeforeEvaluate$10
Event: 46.680 loading class com/android/build/gradle/internal/TaskManager$Companion$createTasksBeforeEvaluate$10 done
Event: 46.681 loading class org/gradle/api/Project
Event: 46.681 loading class org/gradle/api/Project done
Event: 46.681 loading class org/gradle/api/Project
Event: 46.681 loading class org/gradle/api/Project done
Event: 46.681 loading class com/android/build/gradle/internal/plugins/BasePlugin
Event: 46.681 loading class com/android/build/gradle/internal/plugins/BasePlugin done
Event: 46.681 loading class com/android/build/gradle/internal/crash/CrashReporting$afterEvaluate$1
Event: 46.681 loading class com/android/build/gradle/internal/crash/CrashReporting$afterEvaluate$1 done
Event: 46.707 loading class org/gradle/api/JavaVersion$VERSION_1_8
Event: 46.707 loading class org/gradle/api/JavaVersion$VERSION_1_8 done
Event: 46.707 loading class org/gradle/api/JavaVersion$VERSION_1_8
Event: 46.707 loading class org/gradle/api/JavaVersion$VERSION_1_8 done
Event: 46.724 Thread 0x000001a45f076800 Thread added: 0x000001a45f076800


Dynamic libraries:
0x00007ff7818b0000 - 0x00007ff7818ba000 	E:\DeathStroke007\jre\bin\java.exe
0x00007fff9db90000 - 0x00007fff9dd85000 	C:\WINDOWS\SYSTEM32\ntdll.dll
0x00007fff9da10000 - 0x00007fff9dacd000 	C:\WINDOWS\System32\KERNEL32.DLL
0x00007fff9b330000 - 0x00007fff9b5f8000 	C:\WINDOWS\System32\KERNELBASE.dll
0x00007fff9b950000 - 0x00007fff9ba50000 	C:\WINDOWS\System32\ucrtbase.dll
0x00007fff88810000 - 0x00007fff88829000 	E:\DeathStroke007\jre\bin\jli.dll
0x00007fff87d70000 - 0x00007fff87d87000 	E:\DeathStroke007\jre\bin\VCRUNTIME140.dll
0x00007fff9c960000 - 0x00007fff9cb00000 	C:\WINDOWS\System32\USER32.dll
0x00007fff9b920000 - 0x00007fff9b942000 	C:\WINDOWS\System32\win32u.dll
0x00007fff83260000 - 0x00007fff834fa000 	C:\WINDOWS\WinSxS\amd64_microsoft.windows.common-controls_6595b64144ccf1df_6.0.19041.1052_none_60b8f8fd71f5e8cb\COMCTL32.dll
0x00007fff9bf60000 - 0x00007fff9bf8a000 	C:\WINDOWS\System32\GDI32.dll
0x00007fff9c270000 - 0x00007fff9c30e000 	C:\WINDOWS\System32\msvcrt.dll
0x00007fff9b810000 - 0x00007fff9b91b000 	C:\WINDOWS\System32\gdi32full.dll
0x00007fff9b690000 - 0x00007fff9b72d000 	C:\WINDOWS\System32\msvcp_win.dll
0x00007fff9cd10000 - 0x00007fff9cd40000 	C:\WINDOWS\System32\IMM32.DLL
0x00007fff86e50000 - 0x00007fff86eed000 	E:\DeathStroke007\jre\bin\msvcp140.dll
0x00007fff4eca0000 - 0x00007fff4f75c000 	E:\DeathStroke007\jre\bin\server\jvm.dll
0x00007fff9bcb0000 - 0x00007fff9bd5c000 	C:\WINDOWS\System32\ADVAPI32.dll
0x00007fff9c310000 - 0x00007fff9c3ab000 	C:\WINDOWS\System32\sechost.dll
0x00007fff9bf90000 - 0x00007fff9c0bb000 	C:\WINDOWS\System32\RPCRT4.dll
0x00007fff9cd00000 - 0x00007fff9cd08000 	C:\WINDOWS\System32\PSAPI.DLL
0x00007fff98b10000 - 0x00007fff98b37000 	C:\WINDOWS\SYSTEM32\WINMM.dll
0x00007fff97e40000 - 0x00007fff97e49000 	C:\WINDOWS\SYSTEM32\WSOCK32.dll
0x00007fff93890000 - 0x00007fff9389a000 	C:\WINDOWS\SYSTEM32\VERSION.dll
0x00007fff9cb00000 - 0x00007fff9cb6b000 	C:\WINDOWS\System32\WS2_32.dll
0x00007fff99220000 - 0x00007fff99232000 	C:\WINDOWS\SYSTEM32\kernel.appcore.dll
0x00007fff89b30000 - 0x00007fff89b41000 	E:\DeathStroke007\jre\bin\verify.dll
0x00007fff85d00000 - 0x00007fff85ee4000 	C:\WINDOWS\SYSTEM32\DBGHELP.DLL
0x00007fff85cd0000 - 0x00007fff85cfc000 	C:\WINDOWS\SYSTEM32\dbgcore.DLL
0x00007fff9b600000 - 0x00007fff9b683000 	C:\WINDOWS\System32\bcryptPrimitives.dll
0x00007fff89ac0000 - 0x00007fff89ae9000 	E:\DeathStroke007\jre\bin\java.dll
0x00007fff958d0000 - 0x00007fff958db000 	E:\DeathStroke007\jre\bin\jimage.dll
0x00007fff89b10000 - 0x00007fff89b28000 	E:\DeathStroke007\jre\bin\zip.dll
0x00007fff9d2d0000 - 0x00007fff9da0f000 	C:\WINDOWS\System32\SHELL32.dll
0x00007fff99420000 - 0x00007fff99bb0000 	C:\WINDOWS\SYSTEM32\windows.storage.dll
0x00007fff9c5f0000 - 0x00007fff9c945000 	C:\WINDOWS\System32\combase.dll
0x00007fff9ad40000 - 0x00007fff9ad6c000 	C:\WINDOWS\SYSTEM32\Wldp.dll
0x00007fff9c540000 - 0x00007fff9c5ee000 	C:\WINDOWS\System32\SHCORE.dll
0x00007fff9d210000 - 0x00007fff9d265000 	C:\WINDOWS\System32\shlwapi.dll
0x00007fff9b210000 - 0x00007fff9b22f000 	C:\WINDOWS\SYSTEM32\profapi.dll
0x00007fff89aa0000 - 0x00007fff89aba000 	E:\DeathStroke007\jre\bin\net.dll
0x00007fff8db30000 - 0x00007fff8dc3b000 	C:\WINDOWS\SYSTEM32\WINHTTP.dll
0x00007fff9aab0000 - 0x00007fff9ab1a000 	C:\WINDOWS\system32\mswsock.dll
0x00007fff89a80000 - 0x00007fff89a94000 	E:\DeathStroke007\jre\bin\nio.dll
0x00007fff87b00000 - 0x00007fff87b26000 	C:\Users\gokul\.gradle\native\fdc75f09e3144964f2cf3f50f0aa648679c211496f362492102eb8c894070792\windows-amd64\native-platform.dll
0x00007fff5c320000 - 0x00007fff5c4b1000 	C:\Users\gokul\.gradle\native\12488b8bf47d2d4c9fbf2f6322a914ad602e24e48041cd04a747c6da556b65c4\windows-amd64\native-platform-file-events.dll
0x00007fff957f0000 - 0x00007fff957fa000 	E:\DeathStroke007\jre\bin\management.dll
0x00007fff94040000 - 0x00007fff9404c000 	E:\DeathStroke007\jre\bin\management_ext.dll
0x00007fff9ac80000 - 0x00007fff9ac98000 	C:\WINDOWS\SYSTEM32\CRYPTSP.dll
0x00007fff9a3e0000 - 0x00007fff9a414000 	C:\WINDOWS\system32\rsaenh.dll
0x00007fff9b730000 - 0x00007fff9b757000 	C:\WINDOWS\System32\bcrypt.dll
0x00007fff9b190000 - 0x00007fff9b1be000 	C:\WINDOWS\SYSTEM32\USERENV.dll
0x00007fff9aca0000 - 0x00007fff9acac000 	C:\WINDOWS\SYSTEM32\CRYPTBASE.dll
0x00007fff9a750000 - 0x00007fff9a78b000 	C:\WINDOWS\SYSTEM32\IPHLPAPI.DLL
0x00007fff9c950000 - 0x00007fff9c958000 	C:\WINDOWS\System32\NSI.dll
0x00007fff94500000 - 0x00007fff94517000 	C:\WINDOWS\SYSTEM32\dhcpcsvc6.DLL
0x00007fff93fd0000 - 0x00007fff93fed000 	C:\WINDOWS\SYSTEM32\dhcpcsvc.DLL
0x00007fff9a7a0000 - 0x00007fff9a86c000 	C:\WINDOWS\SYSTEM32\DNSAPI.dll
0x00007fff935e0000 - 0x00007fff935eb000 	C:\WINDOWS\SYSTEM32\WINNSI.DLL

dbghelp: loaded successfully - version: 4.0.5 - missing functions: none
symbol engine: initialized successfully - sym options: 0x614 - pdb path: .;E:\DeathStroke007\jre\bin;C:\WINDOWS\SYSTEM32;C:\WINDOWS\WinSxS\amd64_microsoft.windows.common-controls_6595b64144ccf1df_6.0.19041.1052_none_60b8f8fd71f5e8cb;E:\DeathStroke007\jre\bin\server;C:\Users\gokul\.gradle\native\fdc75f09e3144964f2cf3f50f0aa648679c211496f362492102eb8c894070792\windows-amd64;C:\Users\gokul\.gradle\native\12488b8bf47d2d4c9fbf2f6322a914ad602e24e48041cd04a747c6da556b65c4\windows-amd64

VM Arguments:
jvm_args: --add-opens=java.base/java.util=ALL-UNNAMED --add-opens=java.base/java.lang=ALL-UNNAMED --add-opens=java.base/java.lang.invoke=ALL-UNNAMED --add-opens=java.prefs/java.util.prefs=ALL-UNNAMED -Xmx2048m -Dfile.encoding=UTF-8 -Duser.country=IN -Duser.language=en -Duser.variant 
java_command: org.gradle.launcher.daemon.bootstrap.GradleDaemon 6.7.1
java_class_path (initial): C:\Users\gokul\.gradle\wrapper\dists\gradle-6.7.1-bin\bwlcbys1h7rz3272sye1xwiv6\gradle-6.7.1\lib\gradle-launcher-6.7.1.jar
Launcher Type: SUN_STANDARD

[Global flags]
     intx CICompilerCount                          = 4                                         {product} {ergonomic}
     uint ConcGCThreads                            = 2                                         {product} {ergonomic}
     uint G1ConcRefinementThreads                  = 8                                         {product} {ergonomic}
   size_t G1HeapRegionSize                         = 1048576                                   {product} {ergonomic}
    uintx GCDrainStackTargetSize                   = 64                                        {product} {ergonomic}
   size_t InitialHeapSize                          = 266338304                                 {product} {ergonomic}
   size_t MarkStackSize                            = 4194304                                   {product} {ergonomic}
   size_t MaxHeapSize                              = 2147483648                                {product} {command line}
   size_t MaxNewSize                               = 1287651328                                {product} {ergonomic}
   size_t MinHeapDeltaBytes                        = 1048576                                   {product} {ergonomic}
    uintx NonNMethodCodeHeapSize                   = 5836300                                {pd product} {ergonomic}
    uintx NonProfiledCodeHeapSize                  = 122910970                              {pd product} {ergonomic}
    uintx ProfiledCodeHeapSize                     = 122910970                              {pd product} {ergonomic}
    uintx ReservedCodeCacheSize                    = 251658240                              {pd product} {ergonomic}
     bool SegmentedCodeCache                       = true                                      {product} {ergonomic}
     bool UseCompressedClassPointers               = true                                 {lp64_product} {ergonomic}
     bool UseCompressedOops                        = true                                 {lp64_product} {ergonomic}
     bool UseG1GC                                  = true                                      {product} {ergonomic}
     bool UseLargePagesIndividualAllocation        = false                                  {pd product} {ergonomic}

Logging:
Log output configuration:
 #0: stdout all=warning uptime,level,tags
 #1: stderr all=off uptime,level,tags

Environment Variables:
PATH=C:\Program Files (x86)\VMware\VMware Player\bin\;C:\Windows\system32;C:\Windows;C:\Windows\System32\Wbem;C:\Windows\System32\WindowsPowerShell\v1.0\;C:\Windows\System32\OpenSSH\;C:\Program Files\NVIDIA Corporation\NVIDIA NGX;C:\Program Files (x86)\NVIDIA Corporation\PhysX\Common;C:\Program Files\NVIDIA Corporation\NVIDIA NvDLISR;C:\WINDOWS\system32;C:\WINDOWS;C:\WINDOWS\System32\Wbem;C:\WINDOWS\System32\WindowsPowerShell\v1.0\;C:\WINDOWS\System32\OpenSSH\;C:\Program Files\Git\cmd;C:\flutter\bin;C:\Program Files\mongodb-win32-x86_64-windows-4.4.6\bin;C:\Users\gokul\anaconda3;C:\Users\gokul\anaconda3\Library\mingw-w64\bin;C:\Users\gokul\anaconda3\Library\usr\bin;C:\Users\gokul\anaconda3\Library\bin;C:\Users\gokul\anaconda3\Scripts;C:\Users\gokul\AppData\Local\Microsoft\WindowsApps;C:\Program Files\Java\jdk-11.0.11\bin;C:\flutter\bin;;C:\Users\gokul\AppData\Local\Programs\Microsoft VS Code\bin
USERNAME=gokul
OS=Windows_NT
PROCESSOR_IDENTIFIER=Intel64 Family 6 Model 158 Stepping 10, GenuineIntel



---------------  S Y S T E M  ---------------

OS: Windows 10 , 64 bit Build 19041 (10.0.19041.1023)
OS uptime: 1 days 22:12 hours

CPU:total 8 (initial active 8) (4 cores per cpu, 2 threads per core) family 6 model 158 stepping 10, cmov, cx8, fxsr, mmx, sse, sse2, sse3, ssse3, sse4.1, sse4.2, popcnt, avx, avx2, aes, clmul, erms, 3dnowpref, lzcnt, ht, tsc, tscinvbit, bmi1, bmi2, adx, fma

Memory: 4k page, system-wide physical 16221M (8326M free)
TotalPageFile size 19421M (AvailPageFile size 9780M)
current process WorkingSet (physical memory assigned to process): 412M, peak: 414M
current process commit charge ("private bytes"): 503M, peak: 506M

vm_info: OpenJDK 64-Bit Server VM (11.0.8+10-b944.6842174) for windows-amd64 JRE (11.0.8+10-b944.6842174), built on Sep 19 2020 01:11:42 by "builder" with MS VC++ 14.0 (VS2015)

END.
