#
# A fatal error has been detected by the Java Runtime Environment:
#
#  EXCEPTION_ACCESS_VIOLATION (0xc0000005) at pc=0x00007fff4f185e86, pid=2376, tid=15168
#
# JRE version: OpenJDK Runtime Environment (11.0.8+10) (build 11.0.8+10-b944.6842174)
# Java VM: OpenJDK 64-Bit Server VM (11.0.8+10-b944.6842174, mixed mode, tiered, compressed oops, g1 gc, windows-amd64)
# Problematic frame:
# V  [jvm.dll+0x4e5e86]
#
# No core dump will be written. Minidumps are not enabled by default on client versions of Windows
#
# If you would like to submit a bug report, please visit:
#   https://bugreport.java.com/bugreport/crash.jsp
#

---------------  S U M M A R Y ------------

Command Line: --add-opens=java.base/java.util=ALL-UNNAMED --add-opens=java.base/java.lang=ALL-UNNAMED --add-opens=java.base/java.lang.invoke=ALL-UNNAMED --add-opens=java.prefs/java.util.prefs=ALL-UNNAMED -Xmx2048m -Dfile.encoding=UTF-8 -Duser.country=IN -Duser.language=en -Duser.variant org.gradle.launcher.daemon.bootstrap.GradleDaemon 6.7.1

Host: Intel(R) Core(TM) i5-9300H CPU @ 2.40GHz, 8 cores, 15G,  Windows 10 , 64 bit Build 19041 (10.0.19041.1023)
Time: Tue Jul 13 09:31:37 2021 India Standard Time elapsed time: 12 seconds (0d 0h 0m 12s)

---------------  T H R E A D  ---------------

Current thread (0x00000280ffc75800):  JavaThread "C2 CompilerThread0" daemon [_thread_in_native, id=15168, stack(0x000000aba7400000,0x000000aba7500000)]


Current CompileTask:
C2:  12358 4811   !   4       com.google.common.reflect.TypeVisitor::visit (225 bytes)

Stack: [0x000000aba7400000,0x000000aba7500000],  sp=0x000000aba74fbfd0,  free space=1007k
Native frames: (J=compiled Java code, j=interpreted, Vv=VM code, C=native code)
V  [jvm.dll+0x4e5e86]
V  [jvm.dll+0x4e6596]
V  [jvm.dll+0x31ded2]
V  [jvm.dll+0x31d39a]
V  [jvm.dll+0x1f7702]
V  [jvm.dll+0x1f68d4]
V  [jvm.dll+0x17f32c]
V  [jvm.dll+0x205047]
V  [jvm.dll+0x203891]
V  [jvm.dll+0x6dad3f]
V  [jvm.dll+0x6d3895]
V  [jvm.dll+0x5dd4a6]
C  [ucrtbase.dll+0x21bb2]
C  [KERNEL32.DLL+0x17034]
C  [ntdll.dll+0x52651]


siginfo: EXCEPTION_ACCESS_VIOLATION (0xc0000005), reading address 0xffffffffffffffff


Register to memory mapping:

RIP=0x00007fff4f185e86 jvm.dll
RAX=0x00000000000018d6 is an unknown value
RBX=0x00000000000018d6 is an unknown value
RCX=0x0000000000000006 is an unknown value
RDX=0x0000000000000018 is an unknown value
RSP=0x000000aba74fbfd0 is pointing into the stack for thread: 0x00000280ffc75800
RBP=0x0000028085f18c50 points into unknown readable memory: 1f 00 00 00 00 00 00 00
RSI=0x00000280859be880 points into unknown readable memory: 1f 00 00 00 00 00 00 00
RDI=0x00000000000018d6 is an unknown value
R8 =0x00017fff4f685998 is an unknown value
R9 =0x0000000000400000 is an unknown value
R10=0x00007fff4eca0000 jvm.dll
R11=0x0000000000000441 is an unknown value
R12=0x00007fff4f685998 jvm.dll
R13=0x0000028084615580 points into unknown readable memory: 00 00 00 00 00 00 00 00
R14=0x00007fff4eca0000 jvm.dll
R15=0x0000000000000001 is an unknown value


Registers:
RAX=0x00000000000018d6, RBX=0x00000000000018d6, RCX=0x0000000000000006, RDX=0x0000000000000018
RSP=0x000000aba74fbfd0, RBP=0x0000028085f18c50, RSI=0x00000280859be880, RDI=0x00000000000018d6
R8 =0x00017fff4f685998, R9 =0x0000000000400000, R10=0x00007fff4eca0000, R11=0x0000000000000441
R12=0x00007fff4f685998, R13=0x0000028084615580, R14=0x00007fff4eca0000, R15=0x0000000000000001
RIP=0x00007fff4f185e86, EFLAGS=0x0000000000010206

Top of Stack: (sp=0x000000aba74fbfd0)
0x000000aba74fbfd0:   00000000000017b8 0000028085f18c50
0x000000aba74fbfe0:   00000280859be880 0000000000000080
0x000000aba74fbff0:   0000028084615580 0000000000000000
0x000000aba74fc000:   000018d900000000 00007fff00000007
0x000000aba74fc010:   000002808758d320 00007fff00000019
0x000000aba74fc020:   0000028087a82470 0000000000000039
0x000000aba74fc030:   0000028085f194b0 0000000000000008
0x000000aba74fc040:   0000000000000000 0000028085f194b0
0x000000aba74fc050:   00000280873d4080 00000280873d3e30
0x000000aba74fc060:   0000000000000002 0000000000000008
0x000000aba74fc070:   000000aba74fc400 00007fff4f186596
0x000000aba74fc080:   000000aba74fc400 00000280873d4080
0x000000aba74fc090:   0000000000000001 000000aba74fc0d0
0x000000aba74fc0a0:   00000280e70a6968 00000280ffc08450
0x000000aba74fc0b0:   0000028087c9f590 0000028087c9f5e0
0x000000aba74fc0c0:   00000000003406b8 0000028087ca7578 

Instructions: (pc=0x00007fff4f185e86)
0x00007fff4f185d86:   4c 48 8b 71 10 ff c8 44 8b d8 4c 8d 14 80 48 8b
0x00007fff4f185d96:   41 20 49 c1 e2 05 49 03 c2 49 03 f2 48 89 44 24
0x00007fff4f185da6:   20 48 8b 41 28 4e 8b 24 d8 4c 89 64 24 28 4d 85
0x00007fff4f185db6:   e4 74 05 49 8b ec eb 08 e8 6d 0b 00 00 48 8b e8
0x00007fff4f185dc6:   48 8b d3 48 8d 4c 24 30 e8 dd f3 e6 ff 4c 8b 6c
0x00007fff4f185dd6:   24 20 4c 8d 35 21 a2 b1 ff 4c 8d 25 b2 fb 4f 00
0x00007fff4f185de6:   48 89 7c 24 70 41 bf 01 00 00 00 8b 54 24 30 85
0x00007fff4f185df6:   d2 74 42 44 8b 4c 24 34 f6 c2 1f 75 0c c1 ea 05
0x00007fff4f185e06:   41 83 c1 05 f6 c2 1f 74 f4 44 8b c2 41 83 e0 1f
0x00007fff4f185e16:   43 0f b6 8c 30 50 bf 81 00 43 0f b6 9c 30 30 bf
0x00007fff4f185e26:   81 00 d3 ea 89 54 24 30 41 03 d9 42 8d 04 09 89
0x00007fff4f185e36:   44 24 34 eb 0c 48 8d 4c 24 30 e8 bb f3 e6 ff 8b
0x00007fff4f185e46:   d8 85 db 0f 84 82 00 00 00 48 8b 4e 08 8b d3 48
0x00007fff4f185e56:   c1 ea 08 8b fb 4c 8b 04 d1 4d 3b c4 75 0d 8b d3
0x00007fff4f185e66:   48 8b ce e8 92 f5 e6 ff 4c 8b c0 8b cb 45 8b cf
0x00007fff4f185e76:   83 e1 1f 41 d3 e1 48 8b cf 48 c1 e9 05 83 e1 07
0x00007fff4f185e86:   41 8b 14 88 8b c2 41 0b c1 41 89 04 88 41 23 d1
0x00007fff4f185e96:   75 02 ff 06 85 d2 0f 85 4f ff ff ff 49 8b 45 08
0x00007fff4f185ea6:   48 8b cf 48 c1 e9 08 48 c1 ef 05 83 e7 07 48 8b
0x00007fff4f185eb6:   04 c8 44 85 0c b8 0f 85 2f ff ff ff 8b d3 48 8b
0x00007fff4f185ec6:   cd e8 04 0e cb ff e9 20 ff ff ff 83 7d 00 00 48
0x00007fff4f185ed6:   8b b4 24 c0 00 00 00 4c 8b b4 24 b0 00 00 00 4c
0x00007fff4f185ee6:   8b ac 24 b8 00 00 00 4c 8b 64 24 28 74 63 41 8b
0x00007fff4f185ef6:   4d 4c 49 8b 46 28 ff c9 48 89 2c c8 4d 85 e4 75
0x00007fff4f185f06:   5f 41 8b 4d 4c 8b c1 4c 8b 84 24 c8 00 00 00 c1
0x00007fff4f185f16:   e8 05 41 3b 40 10 73 48 8b d0 83 e1 1f 49 8b 40
0x00007fff4f185f26:   18 41 d3 e7 8b 04 90 41 23 c7 74 34 49 8b 5e 38
0x00007fff4f185f36:   8b 7b 18 8d 47 01 89 43 18 3b 3b 72 0a 8b d7 48
0x00007fff4f185f46:   8b cb e8 d3 61 c2 ff 48 8b 43 10 4c 89 2c f8 eb
0x00007fff4f185f56:   0f 49 8b 46 30 48 89 85 98 00 00 00 49 89 6e 30
0x00007fff4f185f66:   48 8b 7c 24 70 48 83 c4 78 41 5f 41 5e 41 5d 41
0x00007fff4f185f76:   5c 5d 5b c3 cc cc cc cc cc cc 40 53 55 56 57 41 


Stack slot to memory mapping:
stack at sp + 0 slots: 0x00000000000017b8 is an unknown value
stack at sp + 1 slots: 0x0000028085f18c50 points into unknown readable memory: 1f 00 00 00 00 00 00 00
stack at sp + 2 slots: 0x00000280859be880 points into unknown readable memory: 1f 00 00 00 00 00 00 00
stack at sp + 3 slots: 0x0000000000000080 is an unknown value
stack at sp + 4 slots: 0x0000028084615580 points into unknown readable memory: 00 00 00 00 00 00 00 00
stack at sp + 5 slots: 0x0 is NULL
stack at sp + 6 slots: 0x000018d900000000 is an unknown value
stack at sp + 7 slots: 0x00007fff00000007 is an unknown value


---------------  P R O C E S S  ---------------

Threads class SMR info:
_java_thread_list=0x00000280875373d0, length=138, elements={
0x00000280e709b000, 0x00000280ffc12000, 0x00000280ffc13800, 0x00000280ffc73000,
0x00000280ffc74000, 0x00000280ffc75800, 0x00000280ffc79800, 0x00000280ffc7c800,
0x00000280ffdf6800, 0x00000280ffe15800, 0x0000028084e6f000, 0x0000028086126800,
0x0000028084ab5000, 0x0000028084c1a000, 0x00000280843b6000, 0x0000028084c1b000,
0x0000028084800800, 0x000002808404d000, 0x0000028086070000, 0x000002808524e000,
0x000002808562d000, 0x000002808562f800, 0x000002808562e000, 0x0000028084f8b000,
0x0000028085631000, 0x000002808562b800, 0x0000028085632000, 0x000002808562e800,
0x0000028085ba1800, 0x0000028085630800, 0x000002808562c000, 0x0000028085219000,
0x0000028085214000, 0x0000028085218000, 0x0000028085213800, 0x0000028085216000,
0x0000028085215000, 0x000002808521c800, 0x000002808521a000, 0x000002808521d000,
0x000002808521a800, 0x000002808521b800, 0x0000028085217800, 0x000002808521e000,
0x000002808521f800, 0x0000028085220800, 0x000002808521f000, 0x0000028085221000,
0x0000028085222000, 0x00000280895c7000, 0x00000280895c5800, 0x00000280895c4800,
0x00000280895c6800, 0x00000280895c1800, 0x00000280895c4000, 0x00000280895c8000,
0x00000280895c2000, 0x00000280895c8800, 0x00000280895c3000, 0x00000280895ca800,
0x00000280895cd800, 0x00000280895ce800, 0x00000280895cf800, 0x00000280895cb000,
0x00000280895cd000, 0x00000280895c9800, 0x00000280895d0000, 0x00000280895cc000,
0x00000280863f4000, 0x00000280863f3000, 0x00000280863ee000, 0x00000280863ef000,
0x00000280863f5800, 0x00000280863f0000, 0x00000280863f4800, 0x00000280863f0800,
0x00000280863f6800, 0x00000280863f7000, 0x00000280863f1800, 0x00000280863f8000,
0x00000280863f2000, 0x00000280863fa800, 0x00000280863f9000, 0x00000280863f9800,
0x00000280863fb000, 0x00000280863fd000, 0x00000280863fc000, 0x00000280898cf000,
0x00000280898d4000, 0x00000280898d0000, 0x00000280898d1800, 0x00000280898d5800,
0x00000280898d2800, 0x00000280898d3000, 0x00000280898d5000, 0x00000280898d6800,
0x00000280898d1000, 0x00000280898dc000, 0x00000280898d9000, 0x00000280898da800,
0x00000280898dd000, 0x00000280898d8000, 0x00000280898d7800, 0x00000280898da000,
0x00000280898db800, 0x00000280898de000, 0x000002808981c000, 0x000002808981c800,
0x000002808981f000, 0x0000028089820000, 0x000002808981d800, 0x000002808981e800,
0x0000028089821000, 0x000002808981b000, 0x0000028089825800, 0x0000028089826800,
0x0000028089823800, 0x0000028089822800, 0x0000028089827800, 0x0000028089824000,
0x0000028089821800, 0x0000028089828000, 0x0000028089829000, 0x000002808982a000,
0x0000028089825000, 0x0000028087a42000, 0x0000028087a47000, 0x0000028087a44800,
0x0000028087a41000, 0x0000028087a47800, 0x0000028087a48800, 0x0000028087a43000,
0x0000028087a43800, 0x0000028087a49800, 0x0000028087a4a000, 0x0000028087a4b000,
0x0000028087a45800, 0x0000028087a4c000
}

Java Threads: ( => current thread )
  0x00000280e709b000 JavaThread "main" [_thread_blocked, id=10448, stack(0x000000aba6900000,0x000000aba6a00000)]
  0x00000280ffc12000 JavaThread "Reference Handler" daemon [_thread_blocked, id=11524, stack(0x000000aba7000000,0x000000aba7100000)]
  0x00000280ffc13800 JavaThread "Finalizer" daemon [_thread_blocked, id=928, stack(0x000000aba7100000,0x000000aba7200000)]
  0x00000280ffc73000 JavaThread "Signal Dispatcher" daemon [_thread_blocked, id=14168, stack(0x000000aba7200000,0x000000aba7300000)]
  0x00000280ffc74000 JavaThread "Attach Listener" daemon [_thread_blocked, id=16644, stack(0x000000aba7300000,0x000000aba7400000)]
=>0x00000280ffc75800 JavaThread "C2 CompilerThread0" daemon [_thread_in_native, id=15168, stack(0x000000aba7400000,0x000000aba7500000)]
  0x00000280ffc79800 JavaThread "C1 CompilerThread0" daemon [_thread_blocked, id=8956, stack(0x000000aba7500000,0x000000aba7600000)]
  0x00000280ffc7c800 JavaThread "Sweeper thread" daemon [_thread_blocked, id=16268, stack(0x000000aba7600000,0x000000aba7700000)]
  0x00000280ffdf6800 JavaThread "Common-Cleaner" daemon [_thread_blocked, id=3660, stack(0x000000aba7700000,0x000000aba7800000)]
  0x00000280ffe15800 JavaThread "Service Thread" daemon [_thread_blocked, id=5792, stack(0x000000aba7800000,0x000000aba7900000)]
  0x0000028084e6f000 JavaThread "Daemon health stats" [_thread_blocked, id=16128, stack(0x000000aba8100000,0x000000aba8200000)]
  0x0000028086126800 JavaThread "Incoming local TCP Connector on port 55907" [_thread_in_native, id=10212, stack(0x000000aba8200000,0x000000aba8300000)]
  0x0000028084ab5000 JavaThread "Daemon periodic checks" [_thread_blocked, id=13160, stack(0x000000aba8300000,0x000000aba8400000)]
  0x0000028084c1a000 JavaThread "Daemon" [_thread_blocked, id=6196, stack(0x000000aba8400000,0x000000aba8500000)]
  0x00000280843b6000 JavaThread "Handler for socket connection from /127.0.0.1:55907 to /127.0.0.1:55908" [_thread_in_native, id=16632, stack(0x000000aba8500000,0x000000aba8600000)]
  0x0000028084c1b000 JavaThread "Cancel handler" [_thread_blocked, id=15468, stack(0x000000aba8600000,0x000000aba8700000)]
  0x0000028084800800 JavaThread "Daemon worker" [_thread_in_vm, id=15716, stack(0x000000aba8700000,0x000000aba8800000)]
  0x000002808404d000 JavaThread "Asynchronous log dispatcher for DefaultDaemonConnection: socket connection from /127.0.0.1:55907 to /127.0.0.1:55908" [_thread_blocked, id=9256, stack(0x000000aba8800000,0x000000aba8900000)]
  0x0000028086070000 JavaThread "Stdin handler" [_thread_blocked, id=3196, stack(0x000000aba8900000,0x000000aba8a00000)]
  0x000002808524e000 JavaThread "Thread-8" [_thread_blocked, id=4088, stack(0x000000aba8a00000,0x000000aba8b00000)]
  0x000002808562d000 JavaThread "Cache worker for file hash cache (C:\Users\gokul\.gradle\caches\6.7.1\fileHashes)" [_thread_blocked, id=9112, stack(0x000000aba8c00000,0x000000aba8d00000)]
  0x000002808562f800 JavaThread "File lock request listener" [_thread_in_native, id=14840, stack(0x000000aba8d00000,0x000000aba8e00000)]
  0x000002808562e000 JavaThread "Cache worker for journal cache (C:\Users\gokul\.gradle\caches\journal-1)" [_thread_blocked, id=10420, stack(0x000000aba9000000,0x000000aba9100000)]
  0x0000028084f8b000 JavaThread "C2 CompilerThread1" daemon [_thread_in_native, id=17132, stack(0x000000aba9100000,0x000000aba9200000)]
  0x0000028085631000 JavaThread "Cache worker for file hash cache (C:\Users\gokul\StudioProjects\ApiProject\.gradle\6.7.1\fileHashes)" [_thread_blocked, id=6736, stack(0x000000aba9200000,0x000000aba9300000)]
  0x000002808562b800 JavaThread "Cache worker for checksums cache (C:\Users\gokul\StudioProjects\ApiProject\.gradle\checksums)" [_thread_blocked, id=14012, stack(0x000000aba9300000,0x000000aba9400000)]
  0x0000028085632000 JavaThread "Cache worker for cache directory md-supplier (C:\Users\gokul\.gradle\caches\6.7.1\md-supplier)" [_thread_blocked, id=13828, stack(0x000000aba9400000,0x000000aba9500000)]
  0x000002808562e800 JavaThread "Cache worker for cache directory md-rule (C:\Users\gokul\.gradle\caches\6.7.1\md-rule)" [_thread_blocked, id=13384, stack(0x000000aba9500000,0x000000aba9600000)]
  0x0000028085ba1800 JavaThread "C2 CompilerThread2" daemon [_thread_in_native, id=11300, stack(0x000000aba9600000,0x000000aba9700000)]
  0x0000028085630800 JavaThread "Cache worker for execution history cache (C:\Users\gokul\.gradle\caches\6.7.1\executionHistory)" [_thread_blocked, id=11148, stack(0x000000aba9700000,0x000000aba9800000)]
  0x000002808562c000 JavaThread "jar transforms" [_thread_blocked, id=1476, stack(0x000000aba9800000,0x000000aba9900000)]
  0x0000028085219000 JavaThread "Cache worker for file content cache (C:\Users\gokul\.gradle\caches\6.7.1\fileContent)" [_thread_blocked, id=3336, stack(0x000000aba9900000,0x000000aba9a00000)]
  0x0000028085214000 JavaThread "Cache worker for Build Output Cleanup Cache (C:\Users\gokul\StudioProjects\ApiProject\.gradle\buildOutputCleanup)" [_thread_blocked, id=16536, stack(0x000000aba9a00000,0x000000aba9b00000)]
  0x0000028085218000 JavaThread "Build operations" [_thread_blocked, id=14048, stack(0x000000aba9b00000,0x000000aba9c00000)]
  0x0000028085213800 JavaThread "Build operations Thread 2" [_thread_blocked, id=13344, stack(0x000000aba9c00000,0x000000aba9d00000)]
  0x0000028085216000 JavaThread "Build operations Thread 3" [_thread_blocked, id=14160, stack(0x000000aba9d00000,0x000000aba9e00000)]
  0x0000028085215000 JavaThread "Build operations Thread 4" [_thread_blocked, id=6436, stack(0x000000aba9e00000,0x000000aba9f00000)]
  0x000002808521c800 JavaThread "Build operations Thread 5" [_thread_blocked, id=15564, stack(0x000000aba9f00000,0x000000abaa000000)]
  0x000002808521a000 JavaThread "Build operations Thread 6" [_thread_blocked, id=11172, stack(0x000000abaa000000,0x000000abaa100000)]
  0x000002808521d000 JavaThread "Build operations Thread 7" [_thread_blocked, id=14352, stack(0x000000abaa100000,0x000000abaa200000)]
  0x000002808521a800 JavaThread "Build operations Thread 8" [_thread_blocked, id=476, stack(0x000000abaa200000,0x000000abaa300000)]
  0x000002808521b800 JavaThread "jar transforms Thread 2" [_thread_blocked, id=16948, stack(0x000000abaa300000,0x000000abaa400000)]
  0x0000028085217800 JavaThread "jar transforms Thread 3" [_thread_blocked, id=16860, stack(0x000000abaa400000,0x000000abaa500000)]
  0x000002808521e000 JavaThread "jar transforms Thread 4" [_thread_blocked, id=12484, stack(0x000000abaa500000,0x000000abaa600000)]
  0x000002808521f800 JavaThread "jar transforms Thread 5" [_thread_blocked, id=8232, stack(0x000000abaa600000,0x000000abaa700000)]
  0x0000028085220800 JavaThread "jar transforms Thread 6" [_thread_blocked, id=10940, stack(0x000000abaa700000,0x000000abaa800000)]
  0x000002808521f000 JavaThread "jar transforms Thread 7" [_thread_blocked, id=10196, stack(0x000000abaa800000,0x000000abaa900000)]
  0x0000028085221000 JavaThread "jar transforms Thread 8" [_thread_blocked, id=16720, stack(0x000000abaa900000,0x000000abaaa00000)]
  0x0000028085222000 JavaThread "jar transforms Thread 9" [_thread_blocked, id=5872, stack(0x000000abaaa00000,0x000000abaab00000)]
  0x00000280895c7000 JavaThread "jar transforms Thread 10" [_thread_blocked, id=16976, stack(0x000000abaab00000,0x000000abaac00000)]
  0x00000280895c5800 JavaThread "jar transforms Thread 11" [_thread_blocked, id=10984, stack(0x000000abaac00000,0x000000abaad00000)]
  0x00000280895c4800 JavaThread "jar transforms Thread 12" [_thread_blocked, id=12832, stack(0x000000abaad00000,0x000000abaae00000)]
  0x00000280895c6800 JavaThread "jar transforms Thread 13" [_thread_blocked, id=1076, stack(0x000000abaae00000,0x000000abaaf00000)]
  0x00000280895c1800 JavaThread "jar transforms Thread 14" [_thread_blocked, id=5380, stack(0x000000abaaf00000,0x000000abab000000)]
  0x00000280895c4000 JavaThread "jar transforms Thread 15" [_thread_blocked, id=9364, stack(0x000000abab000000,0x000000abab100000)]
  0x00000280895c8000 JavaThread "jar transforms Thread 16" [_thread_blocked, id=16968, stack(0x000000abab100000,0x000000abab200000)]
  0x00000280895c2000 JavaThread "jar transforms Thread 17" [_thread_blocked, id=17212, stack(0x000000abab200000,0x000000abab300000)]
  0x00000280895c8800 JavaThread "jar transforms Thread 18" [_thread_blocked, id=2700, stack(0x000000abab300000,0x000000abab400000)]
  0x00000280895c3000 JavaThread "jar transforms Thread 19" [_thread_blocked, id=7516, stack(0x000000abab400000,0x000000abab500000)]
  0x00000280895ca800 JavaThread "jar transforms Thread 20" [_thread_blocked, id=3688, stack(0x000000abab500000,0x000000abab600000)]
  0x00000280895cd800 JavaThread "jar transforms Thread 21" [_thread_blocked, id=9312, stack(0x000000abab600000,0x000000abab700000)]
  0x00000280895ce800 JavaThread "jar transforms Thread 22" [_thread_blocked, id=12512, stack(0x000000abab700000,0x000000abab800000)]
  0x00000280895cf800 JavaThread "jar transforms Thread 23" [_thread_blocked, id=17104, stack(0x000000abab800000,0x000000abab900000)]
  0x00000280895cb000 JavaThread "jar transforms Thread 24" [_thread_blocked, id=11836, stack(0x000000abab900000,0x000000ababa00000)]
  0x00000280895cd000 JavaThread "jar transforms Thread 25" [_thread_blocked, id=11760, stack(0x000000ababa00000,0x000000ababb00000)]
  0x00000280895c9800 JavaThread "jar transforms Thread 26" [_thread_blocked, id=1528, stack(0x000000ababb00000,0x000000ababc00000)]
  0x00000280895d0000 JavaThread "jar transforms Thread 27" [_thread_blocked, id=3384, stack(0x000000ababc00000,0x000000ababd00000)]
  0x00000280895cc000 JavaThread "jar transforms Thread 28" [_thread_blocked, id=13804, stack(0x000000ababd00000,0x000000ababe00000)]
  0x00000280863f4000 JavaThread "jar transforms Thread 29" [_thread_blocked, id=13968, stack(0x000000ababe00000,0x000000ababf00000)]
  0x00000280863f3000 JavaThread "jar transforms Thread 30" [_thread_blocked, id=9144, stack(0x000000ababf00000,0x000000abac000000)]
  0x00000280863ee000 JavaThread "jar transforms Thread 31" [_thread_blocked, id=16328, stack(0x000000abac000000,0x000000abac100000)]
  0x00000280863ef000 JavaThread "jar transforms Thread 32" [_thread_blocked, id=1464, stack(0x000000abac100000,0x000000abac200000)]
  0x00000280863f5800 JavaThread "jar transforms Thread 33" [_thread_blocked, id=16336, stack(0x000000abac200000,0x000000abac300000)]
  0x00000280863f0000 JavaThread "jar transforms Thread 34" [_thread_blocked, id=9936, stack(0x000000abac300000,0x000000abac400000)]
  0x00000280863f4800 JavaThread "jar transforms Thread 35" [_thread_blocked, id=4876, stack(0x000000abac400000,0x000000abac500000)]
  0x00000280863f0800 JavaThread "jar transforms Thread 36" [_thread_blocked, id=16468, stack(0x000000abac500000,0x000000abac600000)]
  0x00000280863f6800 JavaThread "jar transforms Thread 37" [_thread_blocked, id=14880, stack(0x000000abac600000,0x000000abac700000)]
  0x00000280863f7000 JavaThread "jar transforms Thread 38" [_thread_blocked, id=10392, stack(0x000000abac700000,0x000000abac800000)]
  0x00000280863f1800 JavaThread "jar transforms Thread 39" [_thread_blocked, id=240, stack(0x000000abac800000,0x000000abac900000)]
  0x00000280863f8000 JavaThread "jar transforms Thread 40" [_thread_blocked, id=1560, stack(0x000000abac900000,0x000000abaca00000)]
  0x00000280863f2000 JavaThread "jar transforms Thread 41" [_thread_blocked, id=17044, stack(0x000000abaca00000,0x000000abacb00000)]
  0x00000280863fa800 JavaThread "jar transforms Thread 42" [_thread_blocked, id=3676, stack(0x000000abacb00000,0x000000abacc00000)]
  0x00000280863f9000 JavaThread "jar transforms Thread 43" [_thread_blocked, id=8388, stack(0x000000abacc00000,0x000000abacd00000)]
  0x00000280863f9800 JavaThread "jar transforms Thread 44" [_thread_blocked, id=13812, stack(0x000000abacd00000,0x000000abace00000)]
  0x00000280863fb000 JavaThread "jar transforms Thread 45" [_thread_blocked, id=3100, stack(0x000000abace00000,0x000000abacf00000)]
  0x00000280863fd000 JavaThread "jar transforms Thread 46" [_thread_blocked, id=2488, stack(0x000000abacf00000,0x000000abad000000)]
  0x00000280863fc000 JavaThread "jar transforms Thread 47" [_thread_blocked, id=5828, stack(0x000000abad000000,0x000000abad100000)]
  0x00000280898cf000 JavaThread "jar transforms Thread 48" [_thread_blocked, id=3900, stack(0x000000abad100000,0x000000abad200000)]
  0x00000280898d4000 JavaThread "jar transforms Thread 49" [_thread_blocked, id=3300, stack(0x000000abad200000,0x000000abad300000)]
  0x00000280898d0000 JavaThread "jar transforms Thread 50" [_thread_blocked, id=2592, stack(0x000000abad300000,0x000000abad400000)]
  0x00000280898d1800 JavaThread "jar transforms Thread 51" [_thread_blocked, id=13508, stack(0x000000abad400000,0x000000abad500000)]
  0x00000280898d5800 JavaThread "jar transforms Thread 52" [_thread_blocked, id=9908, stack(0x000000abad500000,0x000000abad600000)]
  0x00000280898d2800 JavaThread "jar transforms Thread 53" [_thread_blocked, id=3088, stack(0x000000abad600000,0x000000abad700000)]
  0x00000280898d3000 JavaThread "jar transforms Thread 54" [_thread_blocked, id=10416, stack(0x000000abad700000,0x000000abad800000)]
  0x00000280898d5000 JavaThread "jar transforms Thread 55" [_thread_blocked, id=15160, stack(0x000000abad800000,0x000000abad900000)]
  0x00000280898d6800 JavaThread "jar transforms Thread 56" [_thread_blocked, id=6468, stack(0x000000abad900000,0x000000abada00000)]
  0x00000280898d1000 JavaThread "jar transforms Thread 57" [_thread_blocked, id=8280, stack(0x000000abada00000,0x000000abadb00000)]
  0x00000280898dc000 JavaThread "jar transforms Thread 58" [_thread_blocked, id=11848, stack(0x000000abadb00000,0x000000abadc00000)]
  0x00000280898d9000 JavaThread "jar transforms Thread 59" [_thread_blocked, id=7852, stack(0x000000abadc00000,0x000000abadd00000)]
  0x00000280898da800 JavaThread "jar transforms Thread 60" [_thread_blocked, id=9096, stack(0x000000abadd00000,0x000000abade00000)]
  0x00000280898dd000 JavaThread "jar transforms Thread 61" [_thread_blocked, id=8636, stack(0x000000abade00000,0x000000abadf00000)]
  0x00000280898d8000 JavaThread "jar transforms Thread 62" [_thread_blocked, id=7452, stack(0x000000abadf00000,0x000000abae000000)]
  0x00000280898d7800 JavaThread "jar transforms Thread 63" [_thread_blocked, id=7036, stack(0x000000abae000000,0x000000abae100000)]
  0x00000280898da000 JavaThread "jar transforms Thread 64" [_thread_blocked, id=8128, stack(0x000000abae100000,0x000000abae200000)]
  0x00000280898db800 JavaThread "jar transforms Thread 65" [_thread_blocked, id=6132, stack(0x000000abae200000,0x000000abae300000)]
  0x00000280898de000 JavaThread "jar transforms Thread 66" [_thread_blocked, id=7988, stack(0x000000abae300000,0x000000abae400000)]
  0x000002808981c000 JavaThread "jar transforms Thread 67" [_thread_blocked, id=5732, stack(0x000000abae400000,0x000000abae500000)]
  0x000002808981c800 JavaThread "jar transforms Thread 68" [_thread_blocked, id=10400, stack(0x000000abae500000,0x000000abae600000)]
  0x000002808981f000 JavaThread "jar transforms Thread 69" [_thread_blocked, id=16196, stack(0x000000abae600000,0x000000abae700000)]
  0x0000028089820000 JavaThread "jar transforms Thread 70" [_thread_blocked, id=10992, stack(0x000000abae700000,0x000000abae800000)]
  0x000002808981d800 JavaThread "jar transforms Thread 71" [_thread_blocked, id=9076, stack(0x000000abae800000,0x000000abae900000)]
  0x000002808981e800 JavaThread "jar transforms Thread 72" [_thread_blocked, id=8700, stack(0x000000abae900000,0x000000abaea00000)]
  0x0000028089821000 JavaThread "jar transforms Thread 73" [_thread_blocked, id=8820, stack(0x000000abaea00000,0x000000abaeb00000)]
  0x000002808981b000 JavaThread "jar transforms Thread 74" [_thread_blocked, id=9420, stack(0x000000abaeb00000,0x000000abaec00000)]
  0x0000028089825800 JavaThread "jar transforms Thread 75" [_thread_blocked, id=16148, stack(0x000000abaec00000,0x000000abaed00000)]
  0x0000028089826800 JavaThread "jar transforms Thread 76" [_thread_blocked, id=3276, stack(0x000000abaed00000,0x000000abaee00000)]
  0x0000028089823800 JavaThread "jar transforms Thread 77" [_thread_blocked, id=16276, stack(0x000000abaee00000,0x000000abaef00000)]
  0x0000028089822800 JavaThread "jar transforms Thread 78" [_thread_blocked, id=11128, stack(0x000000abaef00000,0x000000abaf000000)]
  0x0000028089827800 JavaThread "jar transforms Thread 79" [_thread_blocked, id=8708, stack(0x000000abaf000000,0x000000abaf100000)]
  0x0000028089824000 JavaThread "jar transforms Thread 80" [_thread_blocked, id=11736, stack(0x000000abaf100000,0x000000abaf200000)]
  0x0000028089821800 JavaThread "jar transforms Thread 81" [_thread_blocked, id=4032, stack(0x000000abaf200000,0x000000abaf300000)]
  0x0000028089828000 JavaThread "jar transforms Thread 82" [_thread_blocked, id=1484, stack(0x000000abaf300000,0x000000abaf400000)]
  0x0000028089829000 JavaThread "jar transforms Thread 83" [_thread_blocked, id=16624, stack(0x000000abaf400000,0x000000abaf500000)]
  0x000002808982a000 JavaThread "jar transforms Thread 84" [_thread_blocked, id=16064, stack(0x000000abaf500000,0x000000abaf600000)]
  0x0000028089825000 JavaThread "jar transforms Thread 85" [_thread_blocked, id=3052, stack(0x000000abaf600000,0x000000abaf700000)]
  0x0000028087a42000 JavaThread "jar transforms Thread 86" [_thread_blocked, id=2584, stack(0x000000abaf700000,0x000000abaf800000)]
  0x0000028087a47000 JavaThread "jar transforms Thread 87" [_thread_blocked, id=16124, stack(0x000000abaf800000,0x000000abaf900000)]
  0x0000028087a44800 JavaThread "jar transforms Thread 88" [_thread_blocked, id=15212, stack(0x000000abaf900000,0x000000abafa00000)]
  0x0000028087a41000 JavaThread "jar transforms Thread 89" [_thread_blocked, id=15580, stack(0x000000abafa00000,0x000000abafb00000)]
  0x0000028087a47800 JavaThread "jar transforms Thread 90" [_thread_blocked, id=7644, stack(0x000000abafb00000,0x000000abafc00000)]
  0x0000028087a48800 JavaThread "jar transforms Thread 91" [_thread_blocked, id=13452, stack(0x000000abafc00000,0x000000abafd00000)]
  0x0000028087a43000 JavaThread "jar transforms Thread 92" [_thread_blocked, id=9656, stack(0x000000abafd00000,0x000000abafe00000)]
  0x0000028087a43800 JavaThread "jar transforms Thread 93" [_thread_blocked, id=13728, stack(0x000000abafe00000,0x000000abaff00000)]
  0x0000028087a49800 JavaThread "jar transforms Thread 94" [_thread_blocked, id=972, stack(0x000000abaff00000,0x000000abb0000000)]
  0x0000028087a4a000 JavaThread "jar transforms Thread 95" [_thread_blocked, id=14648, stack(0x000000abb0000000,0x000000abb0100000)]
  0x0000028087a4b000 JavaThread "jar transforms Thread 96" [_thread_blocked, id=8852, stack(0x000000abb0100000,0x000000abb0200000)]
  0x0000028087a45800 JavaThread "jar transforms Thread 97" [_thread_blocked, id=8276, stack(0x000000abb0200000,0x000000abb0300000)]
  0x0000028087a4c000 JavaThread "Memory manager" [_thread_blocked, id=12404, stack(0x000000abb0300000,0x000000abb0400000)]

Other Threads:
  0x00000280ffc0f800 VMThread "VM Thread" [stack: 0x000000aba6f00000,0x000000aba7000000] [id=13872]
  0x00000280ffe16800 WatcherThread [stack: 0x000000aba7900000,0x000000aba7a00000] [id=6744]
  0x00000280e70b1000 GCTaskThread "GC Thread#0" [stack: 0x000000aba6a00000,0x000000aba6b00000] [id=7596]
  0x0000028083170800 GCTaskThread "GC Thread#1" [stack: 0x000000aba7c00000,0x000000aba7d00000] [id=7088]
  0x0000028083171000 GCTaskThread "GC Thread#2" [stack: 0x000000aba7d00000,0x000000aba7e00000] [id=7396]
  0x0000028083171800 GCTaskThread "GC Thread#3" [stack: 0x000000aba7e00000,0x000000aba7f00000] [id=13608]
  0x0000028083172800 GCTaskThread "GC Thread#4" [stack: 0x000000aba7f00000,0x000000aba8000000] [id=7100]
  0x0000028083175000 GCTaskThread "GC Thread#5" [stack: 0x000000aba8000000,0x000000aba8100000] [id=944]
  0x0000028084b66800 GCTaskThread "GC Thread#6" [stack: 0x000000aba8b00000,0x000000aba8c00000] [id=9896]
  0x000002808483e000 GCTaskThread "GC Thread#7" [stack: 0x000000aba8e00000,0x000000aba8f00000] [id=12448]
  0x00000280e70e5000 ConcurrentGCThread "G1 Main Marker" [stack: 0x000000aba6b00000,0x000000aba6c00000] [id=9484]
  0x00000280e70e7000 ConcurrentGCThread "G1 Conc#0" [stack: 0x000000aba6c00000,0x000000aba6d00000] [id=5520]
  0x0000028085009800 ConcurrentGCThread "G1 Conc#1" [stack: 0x000000aba8f00000,0x000000aba9000000] [id=3260]
  0x00000280ffa56800 ConcurrentGCThread "G1 Refine#0" [stack: 0x000000aba6d00000,0x000000aba6e00000] [id=6908]
  0x0000028086453800 ConcurrentGCThread "G1 Refine#1" [stack: 0x000000abb0400000,0x000000abb0500000] [id=8632]
  0x000002808644f000 ConcurrentGCThread "G1 Refine#2" [stack: 0x000000abb0500000,0x000000abb0600000] [id=13272]
  0x00000280ffa57800 ConcurrentGCThread "G1 Young RemSet Sampling" [stack: 0x000000aba6e00000,0x000000aba6f00000] [id=8588]

Threads with active compile tasks:
C2 CompilerThread0  12587 4811   !   4       com.google.common.reflect.TypeVisitor::visit (225 bytes)
C2 CompilerThread1  12587 5130       4       org.objectweb.asm.MethodWriter::computeAllFrames (510 bytes)
C2 CompilerThread2  12587 5028   !   4       java.util.jar.Attributes::read (388 bytes)

VM state:not at safepoint (normal execution)

VM Mutex/Monitor currently owned by a thread:  ([mutex/lock_event])
[0x00000280e70965f0] MetaspaceExpand_lock - owner thread: 0x0000000000000000

Heap address: 0x0000000080000000, size: 2048 MB, Compressed Oops mode: 32-bit
Narrow klass base: 0x0000000000000000, Narrow klass shift: 3
Compressed class space size: 1073741824 Address: 0x0000000100000000

Heap:
 garbage-first heap   total 260096K, used 48815K [0x0000000080000000, 0x0000000100000000)
  region size 1024K, 27 young (27648K), 18 survivors (18432K)
 Metaspace       used 57767K, capacity 59150K, committed 59392K, reserved 1101824K
  class space    used 7364K, capacity 7844K, committed 7936K, reserved 1048576K
Heap Regions: E=young(eden), S=young(survivor), O=old, HS=humongous(starts), HC=humongous(continues), CS=collection set, F=free, A=archive, TAMS=top-at-mark-start (previous, next)
|   0|0x0000000080000000, 0x0000000080100000, 0x0000000080100000|100%| O|  |TAMS 0x0000000080100000, 0x0000000080000000| Untracked 
|   1|0x0000000080100000, 0x0000000080200000, 0x0000000080200000|100%| O|  |TAMS 0x0000000080200000, 0x0000000080100000| Untracked 
|   2|0x0000000080200000, 0x0000000080300000, 0x0000000080300000|100%| O|  |TAMS 0x0000000080300000, 0x0000000080200000| Untracked 
|   3|0x0000000080300000, 0x0000000080400000, 0x0000000080400000|100%|HS|  |TAMS 0x0000000080400000, 0x0000000080300000| Complete 
|   4|0x0000000080400000, 0x0000000080500000, 0x0000000080500000|100%|HC|  |TAMS 0x0000000080500000, 0x0000000080400000| Complete 
|   5|0x0000000080500000, 0x0000000080600000, 0x0000000080600000|100%|HC|  |TAMS 0x0000000080600000, 0x0000000080500000| Complete 
|   6|0x0000000080600000, 0x0000000080700000, 0x0000000080700000|100%| O|  |TAMS 0x0000000080700000, 0x0000000080600000| Untracked 
|   7|0x0000000080700000, 0x0000000080800000, 0x0000000080800000|100%| O|  |TAMS 0x0000000080800000, 0x0000000080700000| Untracked 
|   8|0x0000000080800000, 0x0000000080900000, 0x0000000080900000|100%| O|  |TAMS 0x0000000080900000, 0x0000000080800000| Untracked 
|   9|0x0000000080900000, 0x0000000080a00000, 0x0000000080a00000|100%| O|  |TAMS 0x0000000080a00000, 0x0000000080900000| Untracked 
|  10|0x0000000080a00000, 0x0000000080b00000, 0x0000000080b00000|100%| O|  |TAMS 0x0000000080b00000, 0x0000000080a00000| Untracked 
|  11|0x0000000080b00000, 0x0000000080c00000, 0x0000000080c00000|100%| O|  |TAMS 0x0000000080c00000, 0x0000000080b00000| Untracked 
|  12|0x0000000080c00000, 0x0000000080d00000, 0x0000000080d00000|100%| O|  |TAMS 0x0000000080d00000, 0x0000000080c00000| Untracked 
|  13|0x0000000080d00000, 0x0000000080e00000, 0x0000000080e00000|100%| O|  |TAMS 0x0000000080e00000, 0x0000000080d00000| Untracked 
|  14|0x0000000080e00000, 0x0000000080f00000, 0x0000000080f00000|100%| O|  |TAMS 0x0000000080f00000, 0x0000000080e00000| Untracked 
|  15|0x0000000080f00000, 0x0000000081000000, 0x0000000081000000|100%| O|  |TAMS 0x0000000080f48400, 0x0000000080f00000| Untracked 
|  16|0x0000000081000000, 0x0000000081100000, 0x0000000081100000|100%|HS|  |TAMS 0x0000000081000000, 0x0000000081000000| Complete 
|  17|0x0000000081100000, 0x0000000081200000, 0x0000000081200000|100%|HS|  |TAMS 0x0000000081100000, 0x0000000081100000| Complete 
|  18|0x0000000081200000, 0x0000000081300000, 0x0000000081300000|100%|HC|  |TAMS 0x0000000081200000, 0x0000000081200000| Complete 
|  19|0x0000000081300000, 0x0000000081400000, 0x0000000081400000|100%| O|  |TAMS 0x0000000081300000, 0x0000000081300000| Untracked 
|  20|0x0000000081400000, 0x0000000081500000, 0x0000000081500000|100%| O|  |TAMS 0x0000000081400000, 0x0000000081400000| Untracked 
|  21|0x0000000081500000, 0x00000000815abe00, 0x0000000081600000| 67%| O|  |TAMS 0x0000000081500000, 0x0000000081500000| Untracked 
|  22|0x0000000081600000, 0x0000000081600000, 0x0000000081700000|  0%| F|  |TAMS 0x0000000081600000, 0x0000000081600000| Untracked 
|  23|0x0000000081700000, 0x0000000081700000, 0x0000000081800000|  0%| F|  |TAMS 0x0000000081700000, 0x0000000081700000| Untracked 
|  24|0x0000000081800000, 0x0000000081800000, 0x0000000081900000|  0%| F|  |TAMS 0x0000000081800000, 0x0000000081800000| Untracked 
|  25|0x0000000081900000, 0x0000000081900000, 0x0000000081a00000|  0%| F|  |TAMS 0x0000000081900000, 0x0000000081900000| Untracked 
|  26|0x0000000081a00000, 0x0000000081a00000, 0x0000000081b00000|  0%| F|  |TAMS 0x0000000081a00000, 0x0000000081a00000| Untracked 
|  27|0x0000000081b00000, 0x0000000081b00000, 0x0000000081c00000|  0%| F|  |TAMS 0x0000000081b00000, 0x0000000081b00000| Untracked 
|  28|0x0000000081c00000, 0x0000000081c00000, 0x0000000081d00000|  0%| F|  |TAMS 0x0000000081c00000, 0x0000000081c00000| Untracked 
|  29|0x0000000081d00000, 0x0000000081d00000, 0x0000000081e00000|  0%| F|  |TAMS 0x0000000081d00000, 0x0000000081d00000| Untracked 
|  30|0x0000000081e00000, 0x0000000081e00000, 0x0000000081f00000|  0%| F|  |TAMS 0x0000000081e00000, 0x0000000081e00000| Untracked 
|  31|0x0000000081f00000, 0x0000000081f00000, 0x0000000082000000|  0%| F|  |TAMS 0x0000000081f00000, 0x0000000081f00000| Untracked 
|  32|0x0000000082000000, 0x0000000082000000, 0x0000000082100000|  0%| F|  |TAMS 0x0000000082000000, 0x0000000082000000| Untracked 
|  33|0x0000000082100000, 0x0000000082100000, 0x0000000082200000|  0%| F|  |TAMS 0x0000000082100000, 0x0000000082100000| Untracked 
|  34|0x0000000082200000, 0x0000000082200000, 0x0000000082300000|  0%| F|  |TAMS 0x0000000082200000, 0x0000000082200000| Untracked 
|  35|0x0000000082300000, 0x0000000082300000, 0x0000000082400000|  0%| F|  |TAMS 0x0000000082300000, 0x0000000082300000| Untracked 
|  36|0x0000000082400000, 0x0000000082400000, 0x0000000082500000|  0%| F|  |TAMS 0x0000000082400000, 0x0000000082400000| Untracked 
|  37|0x0000000082500000, 0x0000000082500000, 0x0000000082600000|  0%| F|  |TAMS 0x0000000082500000, 0x0000000082500000| Untracked 
|  38|0x0000000082600000, 0x0000000082600000, 0x0000000082700000|  0%| F|  |TAMS 0x0000000082600000, 0x0000000082600000| Untracked 
|  39|0x0000000082700000, 0x0000000082700000, 0x0000000082800000|  0%| F|  |TAMS 0x0000000082700000, 0x0000000082700000| Untracked 
|  40|0x0000000082800000, 0x0000000082800000, 0x0000000082900000|  0%| F|  |TAMS 0x0000000082800000, 0x0000000082800000| Untracked 
|  41|0x0000000082900000, 0x0000000082900000, 0x0000000082a00000|  0%| F|  |TAMS 0x0000000082900000, 0x0000000082900000| Untracked 
|  42|0x0000000082a00000, 0x0000000082a00000, 0x0000000082b00000|  0%| F|  |TAMS 0x0000000082a00000, 0x0000000082a00000| Untracked 
|  43|0x0000000082b00000, 0x0000000082b00000, 0x0000000082c00000|  0%| F|  |TAMS 0x0000000082b00000, 0x0000000082b00000| Untracked 
|  44|0x0000000082c00000, 0x0000000082c00000, 0x0000000082d00000|  0%| F|  |TAMS 0x0000000082c00000, 0x0000000082c00000| Untracked 
|  45|0x0000000082d00000, 0x0000000082d00000, 0x0000000082e00000|  0%| F|  |TAMS 0x0000000082d00000, 0x0000000082d00000| Untracked 
|  46|0x0000000082e00000, 0x0000000082e00000, 0x0000000082f00000|  0%| F|  |TAMS 0x0000000082e00000, 0x0000000082e00000| Untracked 
|  47|0x0000000082f00000, 0x0000000082f00000, 0x0000000083000000|  0%| F|  |TAMS 0x0000000082f00000, 0x0000000082f00000| Untracked 
|  48|0x0000000083000000, 0x0000000083000000, 0x0000000083100000|  0%| F|  |TAMS 0x0000000083000000, 0x0000000083000000| Untracked 
|  49|0x0000000083100000, 0x0000000083100000, 0x0000000083200000|  0%| F|  |TAMS 0x0000000083100000, 0x0000000083100000| Untracked 
|  50|0x0000000083200000, 0x0000000083200000, 0x0000000083300000|  0%| F|  |TAMS 0x0000000083200000, 0x0000000083200000| Untracked 
|  51|0x0000000083300000, 0x0000000083300000, 0x0000000083400000|  0%| F|  |TAMS 0x0000000083300000, 0x0000000083300000| Untracked 
|  52|0x0000000083400000, 0x0000000083400000, 0x0000000083500000|  0%| F|  |TAMS 0x0000000083400000, 0x0000000083400000| Untracked 
|  53|0x0000000083500000, 0x0000000083500000, 0x0000000083600000|  0%| F|  |TAMS 0x0000000083500000, 0x0000000083500000| Untracked 
|  54|0x0000000083600000, 0x0000000083600000, 0x0000000083700000|  0%| F|  |TAMS 0x0000000083600000, 0x0000000083600000| Untracked 
|  55|0x0000000083700000, 0x0000000083700000, 0x0000000083800000|  0%| F|  |TAMS 0x0000000083700000, 0x0000000083700000| Untracked 
|  56|0x0000000083800000, 0x0000000083800000, 0x0000000083900000|  0%| F|  |TAMS 0x0000000083800000, 0x0000000083800000| Untracked 
|  57|0x0000000083900000, 0x0000000083900000, 0x0000000083a00000|  0%| F|  |TAMS 0x0000000083900000, 0x0000000083900000| Untracked 
|  58|0x0000000083a00000, 0x0000000083a00000, 0x0000000083b00000|  0%| F|  |TAMS 0x0000000083a00000, 0x0000000083a00000| Untracked 
|  59|0x0000000083b00000, 0x0000000083b00000, 0x0000000083c00000|  0%| F|  |TAMS 0x0000000083b00000, 0x0000000083b00000| Untracked 
|  60|0x0000000083c00000, 0x0000000083c00000, 0x0000000083d00000|  0%| F|  |TAMS 0x0000000083c00000, 0x0000000083c00000| Untracked 
|  61|0x0000000083d00000, 0x0000000083d00000, 0x0000000083e00000|  0%| F|  |TAMS 0x0000000083d00000, 0x0000000083d00000| Untracked 
|  62|0x0000000083e00000, 0x0000000083e00000, 0x0000000083f00000|  0%| F|  |TAMS 0x0000000083e00000, 0x0000000083e00000| Untracked 
|  63|0x0000000083f00000, 0x0000000083f00000, 0x0000000084000000|  0%| F|  |TAMS 0x0000000083f00000, 0x0000000083f00000| Untracked 
|  64|0x0000000084000000, 0x0000000084000000, 0x0000000084100000|  0%| F|  |TAMS 0x0000000084000000, 0x0000000084000000| Untracked 
|  65|0x0000000084100000, 0x0000000084100000, 0x0000000084200000|  0%| F|  |TAMS 0x0000000084100000, 0x0000000084100000| Untracked 
|  66|0x0000000084200000, 0x0000000084200000, 0x0000000084300000|  0%| F|  |TAMS 0x0000000084200000, 0x0000000084200000| Untracked 
|  67|0x0000000084300000, 0x0000000084300000, 0x0000000084400000|  0%| F|  |TAMS 0x0000000084300000, 0x0000000084300000| Untracked 
|  68|0x0000000084400000, 0x0000000084400000, 0x0000000084500000|  0%| F|  |TAMS 0x0000000084400000, 0x0000000084400000| Untracked 
|  69|0x0000000084500000, 0x0000000084500000, 0x0000000084600000|  0%| F|  |TAMS 0x0000000084500000, 0x0000000084500000| Untracked 
|  70|0x0000000084600000, 0x0000000084600000, 0x0000000084700000|  0%| F|  |TAMS 0x0000000084600000, 0x0000000084600000| Untracked 
|  71|0x0000000084700000, 0x0000000084700000, 0x0000000084800000|  0%| F|  |TAMS 0x0000000084700000, 0x0000000084700000| Untracked 
|  72|0x0000000084800000, 0x0000000084800000, 0x0000000084900000|  0%| F|  |TAMS 0x0000000084800000, 0x0000000084800000| Untracked 
|  73|0x0000000084900000, 0x0000000084900000, 0x0000000084a00000|  0%| F|  |TAMS 0x0000000084900000, 0x0000000084900000| Untracked 
|  74|0x0000000084a00000, 0x0000000084a00000, 0x0000000084b00000|  0%| F|  |TAMS 0x0000000084a00000, 0x0000000084a00000| Untracked 
|  75|0x0000000084b00000, 0x0000000084b00000, 0x0000000084c00000|  0%| F|  |TAMS 0x0000000084b00000, 0x0000000084b00000| Untracked 
|  76|0x0000000084c00000, 0x0000000084c00000, 0x0000000084d00000|  0%| F|  |TAMS 0x0000000084c00000, 0x0000000084c00000| Untracked 
|  77|0x0000000084d00000, 0x0000000084d00000, 0x0000000084e00000|  0%| F|  |TAMS 0x0000000084d00000, 0x0000000084d00000| Untracked 
|  78|0x0000000084e00000, 0x0000000084e00000, 0x0000000084f00000|  0%| F|  |TAMS 0x0000000084e00000, 0x0000000084e00000| Untracked 
|  79|0x0000000084f00000, 0x0000000084f00000, 0x0000000085000000|  0%| F|  |TAMS 0x0000000084f00000, 0x0000000084f00000| Untracked 
|  80|0x0000000085000000, 0x0000000085000000, 0x0000000085100000|  0%| F|  |TAMS 0x0000000085000000, 0x0000000085000000| Untracked 
|  81|0x0000000085100000, 0x0000000085100000, 0x0000000085200000|  0%| F|  |TAMS 0x0000000085100000, 0x0000000085100000| Untracked 
|  82|0x0000000085200000, 0x0000000085200000, 0x0000000085300000|  0%| F|  |TAMS 0x0000000085200000, 0x0000000085200000| Untracked 
|  83|0x0000000085300000, 0x0000000085300000, 0x0000000085400000|  0%| F|  |TAMS 0x0000000085300000, 0x0000000085300000| Untracked 
|  84|0x0000000085400000, 0x0000000085400000, 0x0000000085500000|  0%| F|  |TAMS 0x0000000085400000, 0x0000000085400000| Untracked 
|  85|0x0000000085500000, 0x0000000085500000, 0x0000000085600000|  0%| F|  |TAMS 0x0000000085500000, 0x0000000085500000| Untracked 
|  86|0x0000000085600000, 0x0000000085600000, 0x0000000085700000|  0%| F|  |TAMS 0x0000000085600000, 0x0000000085600000| Untracked 
|  87|0x0000000085700000, 0x0000000085700000, 0x0000000085800000|  0%| F|  |TAMS 0x0000000085700000, 0x0000000085700000| Untracked 
|  88|0x0000000085800000, 0x0000000085800000, 0x0000000085900000|  0%| F|  |TAMS 0x0000000085800000, 0x0000000085800000| Untracked 
|  89|0x0000000085900000, 0x0000000085900000, 0x0000000085a00000|  0%| F|  |TAMS 0x0000000085900000, 0x0000000085900000| Untracked 
|  90|0x0000000085a00000, 0x0000000085a00000, 0x0000000085b00000|  0%| F|  |TAMS 0x0000000085a00000, 0x0000000085a00000| Untracked 
|  91|0x0000000085b00000, 0x0000000085b00000, 0x0000000085c00000|  0%| F|  |TAMS 0x0000000085b00000, 0x0000000085b00000| Untracked 
|  92|0x0000000085c00000, 0x0000000085c00000, 0x0000000085d00000|  0%| F|  |TAMS 0x0000000085c00000, 0x0000000085c00000| Untracked 
|  93|0x0000000085d00000, 0x0000000085e00000, 0x0000000085e00000|100%| S|CS|TAMS 0x0000000085d00000, 0x0000000085d00000| Complete 
|  94|0x0000000085e00000, 0x0000000085f00000, 0x0000000085f00000|100%| S|CS|TAMS 0x0000000085e00000, 0x0000000085e00000| Complete 
|  95|0x0000000085f00000, 0x0000000086000000, 0x0000000086000000|100%| S|CS|TAMS 0x0000000085f00000, 0x0000000085f00000| Complete 
|  96|0x0000000086000000, 0x0000000086100000, 0x0000000086100000|100%| S|CS|TAMS 0x0000000086000000, 0x0000000086000000| Complete 
|  97|0x0000000086100000, 0x0000000086200000, 0x0000000086200000|100%| S|CS|TAMS 0x0000000086100000, 0x0000000086100000| Complete 
|  98|0x0000000086200000, 0x0000000086300000, 0x0000000086300000|100%| S|CS|TAMS 0x0000000086200000, 0x0000000086200000| Complete 
|  99|0x0000000086300000, 0x0000000086400000, 0x0000000086400000|100%| S|CS|TAMS 0x0000000086300000, 0x0000000086300000| Complete 
| 100|0x0000000086400000, 0x0000000086500000, 0x0000000086500000|100%| S|CS|TAMS 0x0000000086400000, 0x0000000086400000| Complete 
| 101|0x0000000086500000, 0x0000000086600000, 0x0000000086600000|100%| S|CS|TAMS 0x0000000086500000, 0x0000000086500000| Complete 
| 102|0x0000000086600000, 0x0000000086700000, 0x0000000086700000|100%| S|CS|TAMS 0x0000000086600000, 0x0000000086600000| Complete 
| 103|0x0000000086700000, 0x0000000086800000, 0x0000000086800000|100%| S|CS|TAMS 0x0000000086700000, 0x0000000086700000| Complete 
| 104|0x0000000086800000, 0x0000000086900000, 0x0000000086900000|100%| S|CS|TAMS 0x0000000086800000, 0x0000000086800000| Complete 
| 105|0x0000000086900000, 0x0000000086a00000, 0x0000000086a00000|100%| S|CS|TAMS 0x0000000086900000, 0x0000000086900000| Complete 
| 106|0x0000000086a00000, 0x0000000086b00000, 0x0000000086b00000|100%| S|CS|TAMS 0x0000000086a00000, 0x0000000086a00000| Complete 
| 107|0x0000000086b00000, 0x0000000086c00000, 0x0000000086c00000|100%| S|CS|TAMS 0x0000000086b00000, 0x0000000086b00000| Complete 
| 108|0x0000000086c00000, 0x0000000086d00000, 0x0000000086d00000|100%| S|CS|TAMS 0x0000000086c00000, 0x0000000086c00000| Complete 
| 109|0x0000000086d00000, 0x0000000086e00000, 0x0000000086e00000|100%| S|CS|TAMS 0x0000000086d00000, 0x0000000086d00000| Complete 
| 110|0x0000000086e00000, 0x0000000086f00000, 0x0000000086f00000|100%| S|CS|TAMS 0x0000000086e00000, 0x0000000086e00000| Complete 
| 111|0x0000000086f00000, 0x0000000086f00000, 0x0000000087000000|  0%| F|  |TAMS 0x0000000086f00000, 0x0000000086f00000| Untracked 
| 112|0x0000000087000000, 0x0000000087000000, 0x0000000087100000|  0%| F|  |TAMS 0x0000000087000000, 0x0000000087000000| Untracked 
| 113|0x0000000087100000, 0x0000000087100000, 0x0000000087200000|  0%| F|  |TAMS 0x0000000087100000, 0x0000000087100000| Untracked 
| 114|0x0000000087200000, 0x0000000087200000, 0x0000000087300000|  0%| F|  |TAMS 0x0000000087200000, 0x0000000087200000| Untracked 
| 115|0x0000000087300000, 0x0000000087300000, 0x0000000087400000|  0%| F|  |TAMS 0x0000000087300000, 0x0000000087300000| Untracked 
| 116|0x0000000087400000, 0x0000000087400000, 0x0000000087500000|  0%| F|  |TAMS 0x0000000087400000, 0x0000000087400000| Untracked 
| 117|0x0000000087500000, 0x0000000087500000, 0x0000000087600000|  0%| F|  |TAMS 0x0000000087500000, 0x0000000087500000| Untracked 
| 118|0x0000000087600000, 0x0000000087600000, 0x0000000087700000|  0%| F|  |TAMS 0x0000000087600000, 0x0000000087600000| Untracked 
| 119|0x0000000087700000, 0x0000000087700000, 0x0000000087800000|  0%| F|  |TAMS 0x0000000087700000, 0x0000000087700000| Untracked 
| 120|0x0000000087800000, 0x0000000087800000, 0x0000000087900000|  0%| F|  |TAMS 0x0000000087800000, 0x0000000087800000| Untracked 
| 121|0x0000000087900000, 0x0000000087900000, 0x0000000087a00000|  0%| F|  |TAMS 0x0000000087900000, 0x0000000087900000| Untracked 
| 122|0x0000000087a00000, 0x0000000087a00000, 0x0000000087b00000|  0%| F|  |TAMS 0x0000000087a00000, 0x0000000087a00000| Untracked 
| 123|0x0000000087b00000, 0x0000000087b00000, 0x0000000087c00000|  0%| F|  |TAMS 0x0000000087b00000, 0x0000000087b00000| Untracked 
| 124|0x0000000087c00000, 0x0000000087c00000, 0x0000000087d00000|  0%| F|  |TAMS 0x0000000087c00000, 0x0000000087c00000| Untracked 
| 125|0x0000000087d00000, 0x0000000087d00000, 0x0000000087e00000|  0%| F|  |TAMS 0x0000000087d00000, 0x0000000087d00000| Untracked 
| 126|0x0000000087e00000, 0x0000000087e00000, 0x0000000087f00000|  0%| F|  |TAMS 0x0000000087e00000, 0x0000000087e00000| Untracked 
| 127|0x0000000087f00000, 0x0000000087f00000, 0x0000000088000000|  0%| F|  |TAMS 0x0000000087f00000, 0x0000000087f00000| Untracked 
| 128|0x0000000088000000, 0x0000000088000000, 0x0000000088100000|  0%| F|  |TAMS 0x0000000088000000, 0x0000000088000000| Untracked 
| 129|0x0000000088100000, 0x0000000088100000, 0x0000000088200000|  0%| F|  |TAMS 0x0000000088100000, 0x0000000088100000| Untracked 
| 130|0x0000000088200000, 0x0000000088200000, 0x0000000088300000|  0%| F|  |TAMS 0x0000000088200000, 0x0000000088200000| Untracked 
| 131|0x0000000088300000, 0x0000000088300000, 0x0000000088400000|  0%| F|  |TAMS 0x0000000088300000, 0x0000000088300000| Untracked 
| 132|0x0000000088400000, 0x0000000088400000, 0x0000000088500000|  0%| F|  |TAMS 0x0000000088400000, 0x0000000088400000| Untracked 
| 133|0x0000000088500000, 0x0000000088500000, 0x0000000088600000|  0%| F|  |TAMS 0x0000000088500000, 0x0000000088500000| Untracked 
| 134|0x0000000088600000, 0x0000000088600000, 0x0000000088700000|  0%| F|  |TAMS 0x0000000088600000, 0x0000000088600000| Untracked 
| 135|0x0000000088700000, 0x0000000088700000, 0x0000000088800000|  0%| F|  |TAMS 0x0000000088700000, 0x0000000088700000| Untracked 
| 136|0x0000000088800000, 0x0000000088800000, 0x0000000088900000|  0%| F|  |TAMS 0x0000000088800000, 0x0000000088800000| Untracked 
| 137|0x0000000088900000, 0x0000000088900000, 0x0000000088a00000|  0%| F|  |TAMS 0x0000000088900000, 0x0000000088900000| Untracked 
| 138|0x0000000088a00000, 0x0000000088a00000, 0x0000000088b00000|  0%| F|  |TAMS 0x0000000088a00000, 0x0000000088a00000| Untracked 
| 139|0x0000000088b00000, 0x0000000088b00000, 0x0000000088c00000|  0%| F|  |TAMS 0x0000000088b00000, 0x0000000088b00000| Untracked 
| 140|0x0000000088c00000, 0x0000000088c00000, 0x0000000088d00000|  0%| F|  |TAMS 0x0000000088c00000, 0x0000000088c00000| Untracked 
| 141|0x0000000088d00000, 0x0000000088d00000, 0x0000000088e00000|  0%| F|  |TAMS 0x0000000088d00000, 0x0000000088d00000| Untracked 
| 142|0x0000000088e00000, 0x0000000088e00000, 0x0000000088f00000|  0%| F|  |TAMS 0x0000000088e00000, 0x0000000088e00000| Untracked 
| 143|0x0000000088f00000, 0x0000000088f00000, 0x0000000089000000|  0%| F|  |TAMS 0x0000000088f00000, 0x0000000088f00000| Untracked 
| 144|0x0000000089000000, 0x0000000089000000, 0x0000000089100000|  0%| F|  |TAMS 0x0000000089000000, 0x0000000089000000| Untracked 
| 145|0x0000000089100000, 0x0000000089100000, 0x0000000089200000|  0%| F|  |TAMS 0x0000000089100000, 0x0000000089100000| Untracked 
| 146|0x0000000089200000, 0x0000000089200000, 0x0000000089300000|  0%| F|  |TAMS 0x0000000089200000, 0x0000000089200000| Untracked 
| 147|0x0000000089300000, 0x0000000089300000, 0x0000000089400000|  0%| F|  |TAMS 0x0000000089300000, 0x0000000089300000| Untracked 
| 148|0x0000000089400000, 0x0000000089400000, 0x0000000089500000|  0%| F|  |TAMS 0x0000000089400000, 0x0000000089400000| Untracked 
| 149|0x0000000089500000, 0x0000000089500000, 0x0000000089600000|  0%| F|  |TAMS 0x0000000089500000, 0x0000000089500000| Untracked 
| 150|0x0000000089600000, 0x0000000089600000, 0x0000000089700000|  0%| F|  |TAMS 0x0000000089600000, 0x0000000089600000| Untracked 
| 151|0x0000000089700000, 0x0000000089700000, 0x0000000089800000|  0%| F|  |TAMS 0x0000000089700000, 0x0000000089700000| Untracked 
| 152|0x0000000089800000, 0x0000000089800000, 0x0000000089900000|  0%| F|  |TAMS 0x0000000089800000, 0x0000000089800000| Untracked 
| 153|0x0000000089900000, 0x0000000089900000, 0x0000000089a00000|  0%| F|  |TAMS 0x0000000089900000, 0x0000000089900000| Untracked 
| 154|0x0000000089a00000, 0x0000000089a00000, 0x0000000089b00000|  0%| F|  |TAMS 0x0000000089a00000, 0x0000000089a00000| Untracked 
| 155|0x0000000089b00000, 0x0000000089b00000, 0x0000000089c00000|  0%| F|  |TAMS 0x0000000089b00000, 0x0000000089b00000| Untracked 
| 156|0x0000000089c00000, 0x0000000089c00000, 0x0000000089d00000|  0%| F|  |TAMS 0x0000000089c00000, 0x0000000089c00000| Untracked 
| 157|0x0000000089d00000, 0x0000000089d00000, 0x0000000089e00000|  0%| F|  |TAMS 0x0000000089d00000, 0x0000000089d00000| Untracked 
| 158|0x0000000089e00000, 0x0000000089e00000, 0x0000000089f00000|  0%| F|  |TAMS 0x0000000089e00000, 0x0000000089e00000| Untracked 
| 159|0x0000000089f00000, 0x0000000089f00000, 0x000000008a000000|  0%| F|  |TAMS 0x0000000089f00000, 0x0000000089f00000| Untracked 
| 160|0x000000008a000000, 0x000000008a000000, 0x000000008a100000|  0%| F|  |TAMS 0x000000008a000000, 0x000000008a000000| Untracked 
| 161|0x000000008a100000, 0x000000008a100000, 0x000000008a200000|  0%| F|  |TAMS 0x000000008a100000, 0x000000008a100000| Untracked 
| 162|0x000000008a200000, 0x000000008a200000, 0x000000008a300000|  0%| F|  |TAMS 0x000000008a200000, 0x000000008a200000| Untracked 
| 163|0x000000008a300000, 0x000000008a300000, 0x000000008a400000|  0%| F|  |TAMS 0x000000008a300000, 0x000000008a300000| Untracked 
| 164|0x000000008a400000, 0x000000008a400000, 0x000000008a500000|  0%| F|  |TAMS 0x000000008a400000, 0x000000008a400000| Untracked 
| 165|0x000000008a500000, 0x000000008a500000, 0x000000008a600000|  0%| F|  |TAMS 0x000000008a500000, 0x000000008a500000| Untracked 
| 166|0x000000008a600000, 0x000000008a600000, 0x000000008a700000|  0%| F|  |TAMS 0x000000008a600000, 0x000000008a600000| Untracked 
| 167|0x000000008a700000, 0x000000008a700000, 0x000000008a800000|  0%| F|  |TAMS 0x000000008a700000, 0x000000008a700000| Untracked 
| 168|0x000000008a800000, 0x000000008a800000, 0x000000008a900000|  0%| F|  |TAMS 0x000000008a800000, 0x000000008a800000| Untracked 
| 169|0x000000008a900000, 0x000000008a900000, 0x000000008aa00000|  0%| F|  |TAMS 0x000000008a900000, 0x000000008a900000| Untracked 
| 170|0x000000008aa00000, 0x000000008aa00000, 0x000000008ab00000|  0%| F|  |TAMS 0x000000008aa00000, 0x000000008aa00000| Untracked 
| 171|0x000000008ab00000, 0x000000008ab00000, 0x000000008ac00000|  0%| F|  |TAMS 0x000000008ab00000, 0x000000008ab00000| Untracked 
| 172|0x000000008ac00000, 0x000000008ac00000, 0x000000008ad00000|  0%| F|  |TAMS 0x000000008ac00000, 0x000000008ac00000| Untracked 
| 173|0x000000008ad00000, 0x000000008ad00000, 0x000000008ae00000|  0%| F|  |TAMS 0x000000008ad00000, 0x000000008ad00000| Untracked 
| 174|0x000000008ae00000, 0x000000008ae00000, 0x000000008af00000|  0%| F|  |TAMS 0x000000008ae00000, 0x000000008ae00000| Untracked 
| 175|0x000000008af00000, 0x000000008af00000, 0x000000008b000000|  0%| F|  |TAMS 0x000000008af00000, 0x000000008af00000| Untracked 
| 176|0x000000008b000000, 0x000000008b000000, 0x000000008b100000|  0%| F|  |TAMS 0x000000008b000000, 0x000000008b000000| Untracked 
| 177|0x000000008b100000, 0x000000008b100000, 0x000000008b200000|  0%| F|  |TAMS 0x000000008b100000, 0x000000008b100000| Untracked 
| 178|0x000000008b200000, 0x000000008b200000, 0x000000008b300000|  0%| F|  |TAMS 0x000000008b200000, 0x000000008b200000| Untracked 
| 179|0x000000008b300000, 0x000000008b300000, 0x000000008b400000|  0%| F|  |TAMS 0x000000008b300000, 0x000000008b300000| Untracked 
| 180|0x000000008b400000, 0x000000008b400000, 0x000000008b500000|  0%| F|  |TAMS 0x000000008b400000, 0x000000008b400000| Untracked 
| 181|0x000000008b500000, 0x000000008b500000, 0x000000008b600000|  0%| F|  |TAMS 0x000000008b500000, 0x000000008b500000| Untracked 
| 182|0x000000008b600000, 0x000000008b600000, 0x000000008b700000|  0%| F|  |TAMS 0x000000008b600000, 0x000000008b600000| Untracked 
| 183|0x000000008b700000, 0x000000008b700000, 0x000000008b800000|  0%| F|  |TAMS 0x000000008b700000, 0x000000008b700000| Untracked 
| 184|0x000000008b800000, 0x000000008b800000, 0x000000008b900000|  0%| F|  |TAMS 0x000000008b800000, 0x000000008b800000| Untracked 
| 185|0x000000008b900000, 0x000000008b900000, 0x000000008ba00000|  0%| F|  |TAMS 0x000000008b900000, 0x000000008b900000| Untracked 
| 186|0x000000008ba00000, 0x000000008ba00000, 0x000000008bb00000|  0%| F|  |TAMS 0x000000008ba00000, 0x000000008ba00000| Untracked 
| 187|0x000000008bb00000, 0x000000008bb00000, 0x000000008bc00000|  0%| F|  |TAMS 0x000000008bb00000, 0x000000008bb00000| Untracked 
| 188|0x000000008bc00000, 0x000000008bc00000, 0x000000008bd00000|  0%| F|  |TAMS 0x000000008bc00000, 0x000000008bc00000| Untracked 
| 189|0x000000008bd00000, 0x000000008bd00000, 0x000000008be00000|  0%| F|  |TAMS 0x000000008bd00000, 0x000000008bd00000| Untracked 
| 190|0x000000008be00000, 0x000000008be00000, 0x000000008bf00000|  0%| F|  |TAMS 0x000000008be00000, 0x000000008be00000| Untracked 
| 191|0x000000008bf00000, 0x000000008bf00000, 0x000000008c000000|  0%| F|  |TAMS 0x000000008bf00000, 0x000000008bf00000| Untracked 
| 192|0x000000008c000000, 0x000000008c000000, 0x000000008c100000|  0%| F|  |TAMS 0x000000008c000000, 0x000000008c000000| Untracked 
| 193|0x000000008c100000, 0x000000008c100000, 0x000000008c200000|  0%| F|  |TAMS 0x000000008c100000, 0x000000008c100000| Untracked 
| 194|0x000000008c200000, 0x000000008c200000, 0x000000008c300000|  0%| F|  |TAMS 0x000000008c200000, 0x000000008c200000| Untracked 
| 195|0x000000008c300000, 0x000000008c300000, 0x000000008c400000|  0%| F|  |TAMS 0x000000008c300000, 0x000000008c300000| Untracked 
| 196|0x000000008c400000, 0x000000008c400000, 0x000000008c500000|  0%| F|  |TAMS 0x000000008c400000, 0x000000008c400000| Untracked 
| 197|0x000000008c500000, 0x000000008c500000, 0x000000008c600000|  0%| F|  |TAMS 0x000000008c500000, 0x000000008c500000| Untracked 
| 198|0x000000008c600000, 0x000000008c600000, 0x000000008c700000|  0%| F|  |TAMS 0x000000008c600000, 0x000000008c600000| Untracked 
| 199|0x000000008c700000, 0x000000008c700000, 0x000000008c800000|  0%| F|  |TAMS 0x000000008c700000, 0x000000008c700000| Untracked 
| 200|0x000000008c800000, 0x000000008c800000, 0x000000008c900000|  0%| F|  |TAMS 0x000000008c800000, 0x000000008c800000| Untracked 
| 201|0x000000008c900000, 0x000000008c900000, 0x000000008ca00000|  0%| F|  |TAMS 0x000000008c900000, 0x000000008c900000| Untracked 
| 202|0x000000008ca00000, 0x000000008ca00000, 0x000000008cb00000|  0%| F|  |TAMS 0x000000008ca00000, 0x000000008ca00000| Untracked 
| 203|0x000000008cb00000, 0x000000008cb00000, 0x000000008cc00000|  0%| F|  |TAMS 0x000000008cb00000, 0x000000008cb00000| Untracked 
| 204|0x000000008cc00000, 0x000000008cc00000, 0x000000008cd00000|  0%| F|  |TAMS 0x000000008cc00000, 0x000000008cc00000| Untracked 
| 205|0x000000008cd00000, 0x000000008cd00000, 0x000000008ce00000|  0%| F|  |TAMS 0x000000008cd00000, 0x000000008cd00000| Untracked 
| 206|0x000000008ce00000, 0x000000008ce00000, 0x000000008cf00000|  0%| F|  |TAMS 0x000000008ce00000, 0x000000008ce00000| Untracked 
| 207|0x000000008cf00000, 0x000000008cf00000, 0x000000008d000000|  0%| F|  |TAMS 0x000000008cf00000, 0x000000008cf00000| Untracked 
| 208|0x000000008d000000, 0x000000008d000000, 0x000000008d100000|  0%| F|  |TAMS 0x000000008d000000, 0x000000008d000000| Untracked 
| 209|0x000000008d100000, 0x000000008d100000, 0x000000008d200000|  0%| F|  |TAMS 0x000000008d100000, 0x000000008d100000| Untracked 
| 210|0x000000008d200000, 0x000000008d200000, 0x000000008d300000|  0%| F|  |TAMS 0x000000008d200000, 0x000000008d200000| Untracked 
| 211|0x000000008d300000, 0x000000008d300000, 0x000000008d400000|  0%| F|  |TAMS 0x000000008d300000, 0x000000008d300000| Untracked 
| 212|0x000000008d400000, 0x000000008d400000, 0x000000008d500000|  0%| F|  |TAMS 0x000000008d400000, 0x000000008d400000| Untracked 
| 213|0x000000008d500000, 0x000000008d500000, 0x000000008d600000|  0%| F|  |TAMS 0x000000008d500000, 0x000000008d500000| Untracked 
| 214|0x000000008d600000, 0x000000008d600000, 0x000000008d700000|  0%| F|  |TAMS 0x000000008d600000, 0x000000008d600000| Untracked 
| 215|0x000000008d700000, 0x000000008d700000, 0x000000008d800000|  0%| F|  |TAMS 0x000000008d700000, 0x000000008d700000| Untracked 
| 216|0x000000008d800000, 0x000000008d800000, 0x000000008d900000|  0%| F|  |TAMS 0x000000008d800000, 0x000000008d800000| Untracked 
| 217|0x000000008d900000, 0x000000008d900000, 0x000000008da00000|  0%| F|  |TAMS 0x000000008d900000, 0x000000008d900000| Untracked 
| 218|0x000000008da00000, 0x000000008da00000, 0x000000008db00000|  0%| F|  |TAMS 0x000000008da00000, 0x000000008da00000| Untracked 
| 219|0x000000008db00000, 0x000000008db00000, 0x000000008dc00000|  0%| F|  |TAMS 0x000000008db00000, 0x000000008db00000| Untracked 
| 220|0x000000008dc00000, 0x000000008dc00000, 0x000000008dd00000|  0%| F|  |TAMS 0x000000008dc00000, 0x000000008dc00000| Untracked 
| 221|0x000000008dd00000, 0x000000008dd00000, 0x000000008de00000|  0%| F|  |TAMS 0x000000008dd00000, 0x000000008dd00000| Untracked 
| 222|0x000000008de00000, 0x000000008de00000, 0x000000008df00000|  0%| F|  |TAMS 0x000000008de00000, 0x000000008de00000| Untracked 
| 223|0x000000008df00000, 0x000000008df00000, 0x000000008e000000|  0%| F|  |TAMS 0x000000008df00000, 0x000000008df00000| Untracked 
| 224|0x000000008e000000, 0x000000008e000000, 0x000000008e100000|  0%| F|  |TAMS 0x000000008e000000, 0x000000008e000000| Untracked 
| 225|0x000000008e100000, 0x000000008e100000, 0x000000008e200000|  0%| F|  |TAMS 0x000000008e100000, 0x000000008e100000| Untracked 
| 226|0x000000008e200000, 0x000000008e200000, 0x000000008e300000|  0%| F|  |TAMS 0x000000008e200000, 0x000000008e200000| Untracked 
| 227|0x000000008e300000, 0x000000008e300000, 0x000000008e400000|  0%| F|  |TAMS 0x000000008e300000, 0x000000008e300000| Untracked 
| 228|0x000000008e400000, 0x000000008e400000, 0x000000008e500000|  0%| F|  |TAMS 0x000000008e400000, 0x000000008e400000| Untracked 
| 229|0x000000008e500000, 0x000000008e500000, 0x000000008e600000|  0%| F|  |TAMS 0x000000008e500000, 0x000000008e500000| Untracked 
| 230|0x000000008e600000, 0x000000008e600000, 0x000000008e700000|  0%| F|  |TAMS 0x000000008e600000, 0x000000008e600000| Untracked 
| 231|0x000000008e700000, 0x000000008e700000, 0x000000008e800000|  0%| F|  |TAMS 0x000000008e700000, 0x000000008e700000| Untracked 
| 232|0x000000008e800000, 0x000000008e800000, 0x000000008e900000|  0%| F|  |TAMS 0x000000008e800000, 0x000000008e800000| Untracked 
| 233|0x000000008e900000, 0x000000008e900000, 0x000000008ea00000|  0%| F|  |TAMS 0x000000008e900000, 0x000000008e900000| Untracked 
| 234|0x000000008ea00000, 0x000000008ea00000, 0x000000008eb00000|  0%| F|  |TAMS 0x000000008ea00000, 0x000000008ea00000| Untracked 
| 235|0x000000008eb00000, 0x000000008eb00000, 0x000000008ec00000|  0%| F|  |TAMS 0x000000008eb00000, 0x000000008eb00000| Untracked 
| 236|0x000000008ec00000, 0x000000008ec00000, 0x000000008ed00000|  0%| F|  |TAMS 0x000000008ec00000, 0x000000008ec00000| Untracked 
| 237|0x000000008ed00000, 0x000000008ed00000, 0x000000008ee00000|  0%| F|  |TAMS 0x000000008ed00000, 0x000000008ed00000| Untracked 
| 238|0x000000008ee00000, 0x000000008ee00000, 0x000000008ef00000|  0%| F|  |TAMS 0x000000008ee00000, 0x000000008ee00000| Untracked 
| 239|0x000000008ef00000, 0x000000008ef00000, 0x000000008f000000|  0%| F|  |TAMS 0x000000008ef00000, 0x000000008ef00000| Untracked 
| 240|0x000000008f000000, 0x000000008f000000, 0x000000008f100000|  0%| F|  |TAMS 0x000000008f000000, 0x000000008f000000| Untracked 
| 241|0x000000008f100000, 0x000000008f100000, 0x000000008f200000|  0%| F|  |TAMS 0x000000008f100000, 0x000000008f100000| Untracked 
| 242|0x000000008f200000, 0x000000008f200000, 0x000000008f300000|  0%| F|  |TAMS 0x000000008f200000, 0x000000008f200000| Untracked 
| 243|0x000000008f300000, 0x000000008f300000, 0x000000008f400000|  0%| F|  |TAMS 0x000000008f300000, 0x000000008f300000| Untracked 
| 244|0x000000008f400000, 0x000000008f480800, 0x000000008f500000| 50%| E|  |TAMS 0x000000008f400000, 0x000000008f400000| Complete 
| 245|0x000000008f500000, 0x000000008f600000, 0x000000008f600000|100%| E|CS|TAMS 0x000000008f500000, 0x000000008f500000| Complete 
| 246|0x000000008f600000, 0x000000008f700000, 0x000000008f700000|100%| E|CS|TAMS 0x000000008f600000, 0x000000008f600000| Complete 
| 247|0x000000008f700000, 0x000000008f800000, 0x000000008f800000|100%| E|CS|TAMS 0x000000008f700000, 0x000000008f700000| Complete 
| 248|0x000000008f800000, 0x000000008f900000, 0x000000008f900000|100%| E|CS|TAMS 0x000000008f800000, 0x000000008f800000| Complete 
| 249|0x000000008f900000, 0x000000008fa00000, 0x000000008fa00000|100%| E|CS|TAMS 0x000000008f900000, 0x000000008f900000| Complete 
| 250|0x000000008fa00000, 0x000000008fb00000, 0x000000008fb00000|100%| E|CS|TAMS 0x000000008fa00000, 0x000000008fa00000| Complete 
| 251|0x000000008fb00000, 0x000000008fc00000, 0x000000008fc00000|100%| E|CS|TAMS 0x000000008fb00000, 0x000000008fb00000| Complete 
| 252|0x000000008fc00000, 0x000000008fd00000, 0x000000008fd00000|100%| E|CS|TAMS 0x000000008fc00000, 0x000000008fc00000| Complete 
| 253|0x000000008fd00000, 0x000000008fe00000, 0x000000008fe00000|100%| E|CS|TAMS 0x000000008fd00000, 0x000000008fd00000| Complete 

Card table byte_map: [0x00000280fa8c0000,0x00000280facc0000] _byte_map_base: 0x00000280fa4c0000

Marking Bits (Prev, Next): (CMBitMap*) 0x00000280e70dc1a8, (CMBitMap*) 0x00000280e70dc1e0
 Prev Bits: [0x00000280fb0c0000, 0x00000280fd0c0000)
 Next Bits: [0x00000280fd0c0000, 0x00000280ff0c0000)

Polling page: 0x00000280eaa20000

Metaspace:

Usage:
  Non-class:     50.17 MB capacity,    49.32 MB ( 98%) used,   734.79 KB (  1%) free+waste,   132.13 KB ( <1%) overhead. 
      Class:      7.66 MB capacity,     7.20 MB ( 94%) used,   408.11 KB (  5%) free+waste,    62.63 KB ( <1%) overhead. 
       Both:     57.83 MB capacity,    56.52 MB ( 98%) used,     1.12 MB (  2%) free+waste,   194.75 KB ( <1%) overhead. 

Virtual space:
  Non-class space:       52.00 MB reserved,      50.25 MB ( 97%) committed 
      Class space:        1.00 GB reserved,       7.75 MB ( <1%) committed 
             Both:        1.05 GB reserved,      58.00 MB (  5%) committed 

Chunk freelists:
   Non-Class:  21.00 KB
       Class:  28.00 KB
        Both:  49.00 KB

MaxMetaspaceSize: 17179869184.00 GB
CompressedClassSpaceSize: 1.00 GB

CodeHeap 'non-profiled nmethods': size=120000Kb used=2848Kb max_used=2848Kb free=117151Kb
 bounds [0x00000280f2510000, 0x00000280f27e0000, 0x00000280f9a40000]
CodeHeap 'profiled nmethods': size=120000Kb used=10203Kb max_used=10203Kb free=109796Kb
 bounds [0x00000280eafe0000, 0x00000280eb9e0000, 0x00000280f2510000]
CodeHeap 'non-nmethods': size=5760Kb used=2227Kb max_used=2275Kb free=3532Kb
 bounds [0x00000280eaa40000, 0x00000280eacb0000, 0x00000280eafe0000]
 total_blobs=5707 nmethods=4903 adapters=715
 compilation: enabled
              stopped_count=0, restarted_count=0
 full_count=0

Compilation events (20 events):
Event: 11.632 Thread 0x00000280ffc79800 nmethod 4890 0x00000280eb920390 code [0x00000280eb920720, 0x00000280eb922108]
Event: 11.650 Thread 0x00000280ffc79800 4891       3       java.lang.invoke.MemberName::equals (69 bytes)
Event: 11.651 Thread 0x00000280ffc79800 nmethod 4891 0x00000280eb922890 code [0x00000280eb922b40, 0x00000280eb923838]
Event: 11.654 Thread 0x00000280ffc79800 4892       3       org.gradle.api.internal.provider.DefaultProperty::set (42 bytes)
Event: 11.655 Thread 0x00000280ffc79800 nmethod 4892 0x00000280eb923b90 code [0x00000280eb923de0, 0x00000280eb924978]
Event: 11.656 Thread 0x00000280ffc79800 4893       3       com.google.common.reflect.Types::access$300 (5 bytes)
Event: 11.656 Thread 0x00000280ffc79800 nmethod 4893 0x00000280eb924c90 code [0x00000280eb924e80, 0x00000280eb9252d8]
Event: 11.656 Thread 0x00000280ffc79800 4894       3       com.google.common.reflect.Types::toArray (19 bytes)
Event: 11.656 Thread 0x00000280ffc79800 nmethod 4894 0x00000280eb925410 code [0x00000280eb9255e0, 0x00000280eb9259d8]
Event: 11.656 Thread 0x00000280ffc79800 4895       3       com.google.common.collect.RegularImmutableList::copyIntoArray (21 bytes)
Event: 11.657 Thread 0x00000280ffc79800 nmethod 4895 0x00000280eb925b10 code [0x00000280eb925ce0, 0x00000280eb925f88]
Event: 11.657 Thread 0x00000280ffc79800 4896       3       com.google.common.reflect.Types$ParameterizedTypeImpl::getActualTypeArguments (8 bytes)
Event: 11.658 Thread 0x00000280ffc79800 nmethod 4896 0x00000280eb926010 code [0x00000280eb926200, 0x00000280eb9266d8]
Event: 11.658 Thread 0x00000280ffc79800 4897       3       org.gradle.api.internal.provider.Providers::of (21 bytes)
Event: 11.659 Thread 0x00000280ffc79800 nmethod 4897 0x00000280eb926890 code [0x00000280eb926a80, 0x00000280eb926e88]
Event: 11.659 Thread 0x00000280ffc79800 4898       3       org.gradle.api.internal.model.DefaultObjectFactory::property (172 bytes)
Event: 11.663 Thread 0x00000280ffc79800 nmethod 4898 0x00000280eb927010 code [0x00000280eb9276e0, 0x00000280eb92a4d8]
Event: 11.671 Thread 0x00000280ffc79800 4899       3       java.lang.AbstractStringBuilder::append (60 bytes)
Event: 11.672 Thread 0x00000280ffc79800 nmethod 4899 0x00000280eb92b610 code [0x00000280eb92b800, 0x00000280eb92bb38]
Event: 11.673 Thread 0x00000280ffc79800 4900       3       java.lang.reflect.ProxyGenerator$ProxyMethod::codeUnwrapReturnValue (213 bytes)

GC Heap History (10 events):
Event: 1.223 GC heap before
{Heap before GC invocations=0 (full 0):
 garbage-first heap   total 260096K, used 29696K [0x0000000080000000, 0x0000000100000000)
  region size 1024K, 24 young (24576K), 0 survivors (0K)
 Metaspace       used 10656K, capacity 10890K, committed 11008K, reserved 1058816K
  class space    used 1130K, capacity 1202K, committed 1280K, reserved 1048576K
}
Event: 1.228 GC heap after
{Heap after GC invocations=1 (full 0):
 garbage-first heap   total 260096K, used 8932K [0x0000000080000000, 0x0000000100000000)
  region size 1024K, 3 young (3072K), 3 survivors (3072K)
 Metaspace       used 10656K, capacity 10890K, committed 11008K, reserved 1058816K
  class space    used 1130K, capacity 1202K, committed 1280K, reserved 1048576K
}
Event: 4.194 GC heap before
{Heap before GC invocations=1 (full 0):
 garbage-first heap   total 260096K, used 93924K [0x0000000080000000, 0x0000000100000000)
  region size 1024K, 88 young (90112K), 3 survivors (3072K)
 Metaspace       used 20647K, capacity 21115K, committed 21248K, reserved 1067008K
  class space    used 2539K, capacity 2712K, committed 2816K, reserved 1048576K
}
Event: 4.217 GC heap after
{Heap after GC invocations=2 (full 0):
 garbage-first heap   total 260096K, used 16052K [0x0000000080000000, 0x0000000100000000)
  region size 1024K, 10 young (10240K), 10 survivors (10240K)
 Metaspace       used 20647K, capacity 21115K, committed 21248K, reserved 1067008K
  class space    used 2539K, capacity 2712K, committed 2816K, reserved 1048576K
}
Event: 5.566 GC heap before
{Heap before GC invocations=3 (full 0):
 garbage-first heap   total 260096K, used 73396K [0x0000000080000000, 0x0000000100000000)
  region size 1024K, 67 young (68608K), 10 survivors (10240K)
 Metaspace       used 26817K, capacity 27416K, committed 27648K, reserved 1073152K
  class space    used 3534K, capacity 3754K, committed 3840K, reserved 1048576K
}
Event: 5.580 GC heap after
{Heap after GC invocations=4 (full 0):
 garbage-first heap   total 260096K, used 18335K [0x0000000080000000, 0x0000000100000000)
  region size 1024K, 3 young (3072K), 3 survivors (3072K)
 Metaspace       used 26817K, capacity 27416K, committed 27648K, reserved 1073152K
  class space    used 3534K, capacity 3754K, committed 3840K, reserved 1048576K
}
Event: 6.879 GC heap before
{Heap before GC invocations=4 (full 0):
 garbage-first heap   total 260096K, used 59295K [0x0000000080000000, 0x0000000100000000)
  region size 1024K, 44 young (45056K), 3 survivors (3072K)
 Metaspace       used 35121K, capacity 35777K, committed 35840K, reserved 1081344K
  class space    used 4573K, capacity 4858K, committed 4864K, reserved 1048576K
}
Event: 6.894 GC heap after
{Heap after GC invocations=5 (full 0):
 garbage-first heap   total 260096K, used 21154K [0x0000000080000000, 0x0000000100000000)
  region size 1024K, 6 young (6144K), 6 survivors (6144K)
 Metaspace       used 35121K, capacity 35777K, committed 35840K, reserved 1081344K
  class space    used 4573K, capacity 4858K, committed 4864K, reserved 1048576K
}
Event: 9.268 GC heap before
{Heap before GC invocations=6 (full 0):
 garbage-first heap   total 260096K, used 123554K [0x0000000080000000, 0x0000000100000000)
  region size 1024K, 103 young (105472K), 6 survivors (6144K)
 Metaspace       used 43948K, capacity 44977K, committed 45312K, reserved 1089536K
  class space    used 5654K, capacity 6046K, committed 6144K, reserved 1048576K
}
Event: 9.286 GC heap after
{Heap after GC invocations=7 (full 0):
 garbage-first heap   total 260096K, used 26337K [0x0000000080000000, 0x0000000100000000)
  region size 1024K, 11 young (11264K), 11 survivors (11264K)
 Metaspace       used 43948K, capacity 44977K, committed 45312K, reserved 1089536K
  class space    used 5654K, capacity 6046K, committed 6144K, reserved 1048576K
}

Deoptimization events (20 events):
Event: 11.041 Thread 0x0000028084800800 DEOPT PACKING pc=0x00000280eb252e97 sp=0x000000aba87f6a80
Event: 11.041 Thread 0x0000028084800800 DEOPT UNPACKING pc=0x00000280eaa672ce sp=0x000000aba87f6008 mode 0
Event: 11.044 Thread 0x0000028084800800 DEOPT PACKING pc=0x00000280eb252e97 sp=0x000000aba87f6c70
Event: 11.044 Thread 0x0000028084800800 DEOPT UNPACKING pc=0x00000280eaa672ce sp=0x000000aba87f61f8 mode 0
Event: 11.047 Thread 0x0000028084800800 DEOPT PACKING pc=0x00000280eb252e97 sp=0x000000aba87f6a90
Event: 11.047 Thread 0x0000028084800800 DEOPT UNPACKING pc=0x00000280eaa672ce sp=0x000000aba87f6018 mode 0
Event: 11.050 Thread 0x0000028084800800 DEOPT PACKING pc=0x00000280eb252e97 sp=0x000000aba87f6a90
Event: 11.050 Thread 0x0000028084800800 DEOPT UNPACKING pc=0x00000280eaa672ce sp=0x000000aba87f6018 mode 0
Event: 11.052 Thread 0x0000028084800800 DEOPT PACKING pc=0x00000280eb252e97 sp=0x000000aba87f6a90
Event: 11.052 Thread 0x0000028084800800 DEOPT UNPACKING pc=0x00000280eaa672ce sp=0x000000aba87f6018 mode 0
Event: 11.054 Thread 0x0000028084800800 DEOPT PACKING pc=0x00000280eb252e97 sp=0x000000aba87f6a90
Event: 11.054 Thread 0x0000028084800800 DEOPT UNPACKING pc=0x00000280eaa672ce sp=0x000000aba87f6018 mode 0
Event: 11.220 Thread 0x0000028084800800 Uncommon trap: trap_request=0xffffffc6 fr.pc=0x00000280f26810a4 relative=0x00000000000039e4
Event: 11.220 Thread 0x0000028084800800 Uncommon trap: reason=bimorphic_or_optimized_type_check action=maybe_recompile pc=0x00000280f26810a4 method=java.util.AbstractCollection.addAll(Ljava/util/Collection;)Z @ 29 c2
Event: 11.220 Thread 0x0000028084800800 DEOPT PACKING pc=0x00000280f26810a4 sp=0x000000aba87f8980
Event: 11.220 Thread 0x0000028084800800 DEOPT UNPACKING pc=0x00000280eaa674af sp=0x000000aba87f8980 mode 2
Event: 11.485 Thread 0x0000028084800800 Uncommon trap: trap_request=0xffffff4d fr.pc=0x00000280f26527d8 relative=0x0000000000000398
Event: 11.485 Thread 0x0000028084800800 Uncommon trap: reason=unstable_if action=reinterpret pc=0x00000280f26527d8 method=java.lang.String.equalsIgnoreCase(Ljava/lang/String;)Z @ 36 c2
Event: 11.485 Thread 0x0000028084800800 DEOPT PACKING pc=0x00000280f26527d8 sp=0x000000aba87f7d80
Event: 11.485 Thread 0x0000028084800800 DEOPT UNPACKING pc=0x00000280eaa674af sp=0x000000aba87f7d40 mode 2

Classes redefined (0 events):
No events

Internal exceptions (20 events):
Event: 9.901 Thread 0x000002808524e000 Exception <a 'java/lang/NoSuchMethodError'{0x000000008d0a9430}: <clinit>> (0x000000008d0a9430) thrown at [./src/hotspot/share/prims/jni.cpp, line 1362]
Event: 9.901 Thread 0x000002808524e000 Exception <a 'java/lang/NoSuchMethodError'{0x000000008d0aa738}: <clinit>> (0x000000008d0aa738) thrown at [./src/hotspot/share/prims/jni.cpp, line 1362]
Event: 9.902 Thread 0x000002808524e000 Exception <a 'java/lang/NoSuchMethodError'{0x000000008d0ab758}: <clinit>> (0x000000008d0ab758) thrown at [./src/hotspot/share/prims/jni.cpp, line 1362]
Event: 9.903 Thread 0x000002808524e000 Exception <a 'java/lang/NoSuchMethodError'{0x000000008d0b5580}: <clinit>> (0x000000008d0b5580) thrown at [./src/hotspot/share/prims/jni.cpp, line 1362]
Event: 9.904 Thread 0x000002808524e000 Exception <a 'java/lang/NoSuchMethodError'{0x000000008d0bf798}: <clinit>> (0x000000008d0bf798) thrown at [./src/hotspot/share/prims/jni.cpp, line 1362]
Event: 9.909 Thread 0x000002808524e000 Exception <a 'java/lang/NoSuchMethodError'{0x000000008d0d3260}: <clinit>> (0x000000008d0d3260) thrown at [./src/hotspot/share/prims/jni.cpp, line 1362]
Event: 9.922 Thread 0x0000028084800800 Exception <a 'java/lang/ClassNotFoundException'{0x000000008cf32208}: build_70nda2fpzb2ptgpjlhxkvycryBeanInfo> (0x000000008cf32208) thrown at [./src/hotspot/share/classfile/systemDictionary.cpp, line 231]
Event: 9.922 Thread 0x0000028084800800 Exception <a 'java/lang/ClassNotFoundException'{0x000000008cf3b010}: build_70nda2fpzb2ptgpjlhxkvycryCustomizer> (0x000000008cf3b010) thrown at [./src/hotspot/share/classfile/systemDictionary.cpp, line 231]
Event: 9.933 Thread 0x0000028084800800 Exception <a 'java/lang/ClassNotFoundException'{0x000000008cfaa140}: org/gradle/plugin/use/internal/PluginRequestCollector$PluginDependenciesSpecImplBeanInfo> (0x000000008cfaa140) thrown at [./src/hotspot/share/classfile/systemDictionary.cpp, line 231]
Event: 9.935 Thread 0x0000028084800800 Exception <a 'java/lang/ClassNotFoundException'{0x000000008cfcfeb0}: org/gradle/plugin/use/internal/PluginRequestCollector$PluginDependenciesSpecImplCustomizer> (0x000000008cfcfeb0) thrown at [./src/hotspot/share/classfile/systemDictionary.cpp, line 231]
Event: 9.946 Thread 0x0000028084800800 Exception <a 'java/lang/NoSuchMethodError'{0x000000008ce41ca0}: 'void java.lang.invoke.DirectMethodHandle$Holder.invokeInterface(java.lang.Object, java.lang.Object)'> (0x000000008ce41ca0) thrown at [./src/hotspot/share/interpreter/linkResolver.cpp, line 773]
Event: 9.987 Thread 0x0000028084800800 Exception <a 'java/lang/ClassNotFoundException'{0x000000008cc00ff0}: org/gradle/api/internal/plugins/DefaultObjectConfigurationActionBeanInfo> (0x000000008cc00ff0) thrown at [./src/hotspot/share/classfile/systemDictionary.cpp, line 231]
Event: 9.989 Thread 0x0000028084800800 Exception <a 'java/lang/ClassNotFoundException'{0x000000008cc2ce10}: org/gradle/api/internal/plugins/DefaultObjectConfigurationActionCustomizer> (0x000000008cc2ce10) thrown at [./src/hotspot/share/classfile/systemDictionary.cpp, line 231]
Event: 10.184 Thread 0x0000028084800800 Exception <a 'java/lang/NoSuchMethodError'{0x000000008c4f1fb0}: 'java.lang.Object java.lang.invoke.DirectMethodHandle$Holder.invokeStatic(java.lang.Object, java.lang.Object, java.lang.Object, java.lang.Object, int)'> (0x000000008c4f1fb0) thrown at [./src/hotspot/share/interpreter/linkResolver.cpp, line 773]
Event: 10.185 Thread 0x0000028084800800 Exception <a 'java/lang/NoSuchMethodError'{0x000000008c4f69a8}: 'java.lang.Object java.lang.invoke.DirectMethodHandle$Holder.invokeSpecial(java.lang.Object, java.lang.Object, java.lang.Object, java.lang.Object, java.lang.Object, int)'> (0x000000008c4f69a8) thrown at [./src/hotspot/share/interpreter/linkResolver.cpp, line 773]
Event: 10.185 Thread 0x0000028084800800 Exception <a 'java/lang/NoSuchMethodError'{0x000000008c4fafe8}: 'java.lang.Object java.lang.invoke.Invokers$Holder.linkToTargetMethod(java.lang.Object, java.lang.Object, java.lang.Object, int, java.lang.Object)'> (0x000000008c4fafe8) thrown at [./src/hotspot/share/interpreter/linkResolver.cpp, line 773]
Event: 10.755 Thread 0x0000028084800800 Exception <a 'java/lang/NoSuchMethodError'{0x000000008b083310}: 'java.lang.Object java.lang.invoke.DirectMethodHandle$Holder.invokeSpecial(java.lang.Object, java.lang.Object, int, int, java.lang.Object, java.lang.Object, java.lang.Object)'> (0x000000008b083310) thrown at [./src/hotspot/share/interpreter/linkResolver.cpp, line 773]
Event: 10.755 Thread 0x0000028084800800 Exception <a 'java/lang/NoSuchMethodError'{0x000000008b087890}: 'java.lang.Object java.lang.invoke.DelegatingMethodHandle$Holder.reinvoke_L(java.lang.Object, int, int, java.lang.Object, java.lang.Object, java.lang.Object)'> (0x000000008b087890) thrown at [./src/hotspot/share/interpreter/linkResolver.cpp, line 773]
Event: 11.170 Thread 0x0000028084800800 Exception <a 'java/lang/NoSuchMethodError'{0x000000008a4c5590}: 'int java.lang.invoke.DirectMethodHandle$Holder.invokeInterface(java.lang.Object, java.lang.Object, java.lang.Object, java.lang.Object)'> (0x000000008a4c5590) thrown at [./src/hotspot/share/interpreter/linkResolver.cpp, line 773]
Event: 11.479 Thread 0x0000028084800800 Exception <a 'java/lang/NoSuchMethodError'{0x0000000089aacd20}: 'void java.lang.invoke.DirectMethodHandle$Holder.invokeInterface(java.lang.Object, java.lang.Object, java.lang.Object, java.lang.Object)'> (0x0000000089aacd20) thrown at [./src/hotspot/share/interpreter/linkResolver.cpp, line 773]

Events (20 events):
Event: 11.662 loading class org/gradle/internal/jvm/inspection/CachingJvmVersionDetector
Event: 11.662 loading class org/gradle/internal/jvm/inspection/CachingJvmVersionDetector done
Event: 11.663 loading class org/gradle/internal/jvm/inspection/DefaultJvmVersionDetector
Event: 11.663 loading class org/gradle/internal/jvm/inspection/DefaultJvmVersionDetector done
Event: 11.665 loading class org/gradle/process/internal/health/memory/DefaultOsMemoryInfo
Event: 11.665 loading class org/gradle/process/internal/health/memory/DefaultOsMemoryInfo done
Event: 11.666 loading class org/gradle/process/internal/health/memory/MBeanOsMemoryInfo
Event: 11.666 loading class org/gradle/process/internal/health/memory/MBeanOsMemoryInfo done
Event: 11.666 loading class org/gradle/process/internal/health/memory/OsMemoryStatus
Event: 11.666 loading class org/gradle/process/internal/health/memory/OsMemoryStatus done
Event: 11.667 loading class org/gradle/process/internal/health/memory/DefaultJvmMemoryInfo
Event: 11.667 loading class org/gradle/process/internal/health/memory/DefaultJvmMemoryInfo done
Event: 11.667 loading class org/gradle/process/internal/health/memory/JvmMemoryStatus
Event: 11.667 loading class org/gradle/process/internal/health/memory/JvmMemoryStatus done
Event: 11.668 loading class org/gradle/process/internal/health/memory/DefaultMemoryManager
Event: 11.668 loading class org/gradle/process/internal/health/memory/DefaultMemoryManager done
Event: 11.670 loading class org/gradle/process/internal/health/memory/JvmMemoryStatusListener
Event: 11.670 loading class org/gradle/process/internal/health/memory/JvmMemoryStatusListener done
Event: 11.674 loading class org/gradle/process/internal/health/memory/MBeanAttributeProvider
Event: 11.674 loading class org/gradle/process/internal/health/memory/MBeanAttributeProvider done


Dynamic libraries:
0x00007ff7818b0000 - 0x00007ff7818ba000 	E:\DeathStroke007\jre\bin\java.exe
0x00007fff9db90000 - 0x00007fff9dd85000 	C:\WINDOWS\SYSTEM32\ntdll.dll
0x00007fff9da10000 - 0x00007fff9dacd000 	C:\WINDOWS\System32\KERNEL32.DLL
0x00007fff9b330000 - 0x00007fff9b5f8000 	C:\WINDOWS\System32\KERNELBASE.dll
0x00007fff9b950000 - 0x00007fff9ba50000 	C:\WINDOWS\System32\ucrtbase.dll
0x00007fff89c90000 - 0x00007fff89ca9000 	E:\DeathStroke007\jre\bin\jli.dll
0x00007fff88570000 - 0x00007fff88587000 	E:\DeathStroke007\jre\bin\VCRUNTIME140.dll
0x00007fff9c960000 - 0x00007fff9cb00000 	C:\WINDOWS\System32\USER32.dll
0x00007fff9b920000 - 0x00007fff9b942000 	C:\WINDOWS\System32\win32u.dll
0x00007fff83260000 - 0x00007fff834fa000 	C:\WINDOWS\WinSxS\amd64_microsoft.windows.common-controls_6595b64144ccf1df_6.0.19041.1052_none_60b8f8fd71f5e8cb\COMCTL32.dll
0x00007fff9bf60000 - 0x00007fff9bf8a000 	C:\WINDOWS\System32\GDI32.dll
0x00007fff9c270000 - 0x00007fff9c30e000 	C:\WINDOWS\System32\msvcrt.dll
0x00007fff9b810000 - 0x00007fff9b91b000 	C:\WINDOWS\System32\gdi32full.dll
0x00007fff9b690000 - 0x00007fff9b72d000 	C:\WINDOWS\System32\msvcp_win.dll
0x00007fff9cd10000 - 0x00007fff9cd40000 	C:\WINDOWS\System32\IMM32.DLL
0x00007fff674d0000 - 0x00007fff6756d000 	E:\DeathStroke007\jre\bin\msvcp140.dll
0x00007fff4eca0000 - 0x00007fff4f75c000 	E:\DeathStroke007\jre\bin\server\jvm.dll
0x00007fff9bcb0000 - 0x00007fff9bd5c000 	C:\WINDOWS\System32\ADVAPI32.dll
0x00007fff9c310000 - 0x00007fff9c3ab000 	C:\WINDOWS\System32\sechost.dll
0x00007fff9bf90000 - 0x00007fff9c0bb000 	C:\WINDOWS\System32\RPCRT4.dll
0x00007fff9cd00000 - 0x00007fff9cd08000 	C:\WINDOWS\System32\PSAPI.DLL
0x00007fff97e40000 - 0x00007fff97e49000 	C:\WINDOWS\SYSTEM32\WSOCK32.dll
0x00007fff98b10000 - 0x00007fff98b37000 	C:\WINDOWS\SYSTEM32\WINMM.dll
0x00007fff9cb00000 - 0x00007fff9cb6b000 	C:\WINDOWS\System32\WS2_32.dll
0x00007fff93890000 - 0x00007fff9389a000 	C:\WINDOWS\SYSTEM32\VERSION.dll
0x00007fff99220000 - 0x00007fff99232000 	C:\WINDOWS\SYSTEM32\kernel.appcore.dll
0x00007fff89b30000 - 0x00007fff89b41000 	E:\DeathStroke007\jre\bin\verify.dll
0x00007fff85d00000 - 0x00007fff85ee4000 	C:\WINDOWS\SYSTEM32\DBGHELP.DLL
0x00007fff85cd0000 - 0x00007fff85cfc000 	C:\WINDOWS\SYSTEM32\dbgcore.DLL
0x00007fff9b600000 - 0x00007fff9b683000 	C:\WINDOWS\System32\bcryptPrimitives.dll
0x00007fff89ac0000 - 0x00007fff89ae9000 	E:\DeathStroke007\jre\bin\java.dll
0x00007fff958d0000 - 0x00007fff958db000 	E:\DeathStroke007\jre\bin\jimage.dll
0x00007fff89b10000 - 0x00007fff89b28000 	E:\DeathStroke007\jre\bin\zip.dll
0x00007fff9d2d0000 - 0x00007fff9da0f000 	C:\WINDOWS\System32\SHELL32.dll
0x00007fff99420000 - 0x00007fff99bb0000 	C:\WINDOWS\SYSTEM32\windows.storage.dll
0x00007fff9c5f0000 - 0x00007fff9c945000 	C:\WINDOWS\System32\combase.dll
0x00007fff9ad40000 - 0x00007fff9ad6c000 	C:\WINDOWS\SYSTEM32\Wldp.dll
0x00007fff9c540000 - 0x00007fff9c5ee000 	C:\WINDOWS\System32\SHCORE.dll
0x00007fff9d210000 - 0x00007fff9d265000 	C:\WINDOWS\System32\shlwapi.dll
0x00007fff9b210000 - 0x00007fff9b22f000 	C:\WINDOWS\SYSTEM32\profapi.dll
0x00007fff89aa0000 - 0x00007fff89aba000 	E:\DeathStroke007\jre\bin\net.dll
0x00007fff8db30000 - 0x00007fff8dc3b000 	C:\WINDOWS\SYSTEM32\WINHTTP.dll
0x00007fff9aab0000 - 0x00007fff9ab1a000 	C:\WINDOWS\system32\mswsock.dll
0x00007fff89a80000 - 0x00007fff89a94000 	E:\DeathStroke007\jre\bin\nio.dll
0x00007fff87b00000 - 0x00007fff87b26000 	C:\Users\gokul\.gradle\native\fdc75f09e3144964f2cf3f50f0aa648679c211496f362492102eb8c894070792\windows-amd64\native-platform.dll
0x00007fff5c320000 - 0x00007fff5c4b1000 	C:\Users\gokul\.gradle\native\12488b8bf47d2d4c9fbf2f6322a914ad602e24e48041cd04a747c6da556b65c4\windows-amd64\native-platform-file-events.dll
0x00007fff957f0000 - 0x00007fff957fa000 	E:\DeathStroke007\jre\bin\management.dll
0x00007fff94040000 - 0x00007fff9404c000 	E:\DeathStroke007\jre\bin\management_ext.dll
0x00007fff9ac80000 - 0x00007fff9ac98000 	C:\WINDOWS\SYSTEM32\CRYPTSP.dll
0x00007fff9a3e0000 - 0x00007fff9a414000 	C:\WINDOWS\system32\rsaenh.dll
0x00007fff9b730000 - 0x00007fff9b757000 	C:\WINDOWS\System32\bcrypt.dll
0x00007fff9b190000 - 0x00007fff9b1be000 	C:\WINDOWS\SYSTEM32\USERENV.dll
0x00007fff9aca0000 - 0x00007fff9acac000 	C:\WINDOWS\SYSTEM32\CRYPTBASE.dll
0x00007fff9a750000 - 0x00007fff9a78b000 	C:\WINDOWS\SYSTEM32\IPHLPAPI.DLL
0x00007fff9c950000 - 0x00007fff9c958000 	C:\WINDOWS\System32\NSI.dll
0x00007fff94500000 - 0x00007fff94517000 	C:\WINDOWS\SYSTEM32\dhcpcsvc6.DLL
0x00007fff93fd0000 - 0x00007fff93fed000 	C:\WINDOWS\SYSTEM32\dhcpcsvc.DLL
0x00007fff9a7a0000 - 0x00007fff9a86c000 	C:\WINDOWS\SYSTEM32\DNSAPI.dll
0x00007fff935e0000 - 0x00007fff935eb000 	C:\WINDOWS\SYSTEM32\WINNSI.DLL

dbghelp: loaded successfully - version: 4.0.5 - missing functions: none
symbol engine: initialized successfully - sym options: 0x614 - pdb path: .;E:\DeathStroke007\jre\bin;C:\WINDOWS\SYSTEM32;C:\WINDOWS\WinSxS\amd64_microsoft.windows.common-controls_6595b64144ccf1df_6.0.19041.1052_none_60b8f8fd71f5e8cb;E:\DeathStroke007\jre\bin\server;C:\Users\gokul\.gradle\native\fdc75f09e3144964f2cf3f50f0aa648679c211496f362492102eb8c894070792\windows-amd64;C:\Users\gokul\.gradle\native\12488b8bf47d2d4c9fbf2f6322a914ad602e24e48041cd04a747c6da556b65c4\windows-amd64

VM Arguments:
jvm_args: --add-opens=java.base/java.util=ALL-UNNAMED --add-opens=java.base/java.lang=ALL-UNNAMED --add-opens=java.base/java.lang.invoke=ALL-UNNAMED --add-opens=java.prefs/java.util.prefs=ALL-UNNAMED -Xmx2048m -Dfile.encoding=UTF-8 -Duser.country=IN -Duser.language=en -Duser.variant 
java_command: org.gradle.launcher.daemon.bootstrap.GradleDaemon 6.7.1
java_class_path (initial): C:\Users\gokul\.gradle\wrapper\dists\gradle-6.7.1-bin\bwlcbys1h7rz3272sye1xwiv6\gradle-6.7.1\lib\gradle-launcher-6.7.1.jar
Launcher Type: SUN_STANDARD

[Global flags]
     intx CICompilerCount                          = 4                                         {product} {ergonomic}
     uint ConcGCThreads                            = 2                                         {product} {ergonomic}
     uint G1ConcRefinementThreads                  = 8                                         {product} {ergonomic}
   size_t G1HeapRegionSize                         = 1048576                                   {product} {ergonomic}
    uintx GCDrainStackTargetSize                   = 64                                        {product} {ergonomic}
   size_t InitialHeapSize                          = 266338304                                 {product} {ergonomic}
   size_t MarkStackSize                            = 4194304                                   {product} {ergonomic}
   size_t MaxHeapSize                              = 2147483648                                {product} {command line}
   size_t MaxNewSize                               = 1287651328                                {product} {ergonomic}
   size_t MinHeapDeltaBytes                        = 1048576                                   {product} {ergonomic}
    uintx NonNMethodCodeHeapSize                   = 5836300                                {pd product} {ergonomic}
    uintx NonProfiledCodeHeapSize                  = 122910970                              {pd product} {ergonomic}
    uintx ProfiledCodeHeapSize                     = 122910970                              {pd product} {ergonomic}
    uintx ReservedCodeCacheSize                    = 251658240                              {pd product} {ergonomic}
     bool SegmentedCodeCache                       = true                                      {product} {ergonomic}
     bool UseCompressedClassPointers               = true                                 {lp64_product} {ergonomic}
     bool UseCompressedOops                        = true                                 {lp64_product} {ergonomic}
     bool UseG1GC                                  = true                                      {product} {ergonomic}
     bool UseLargePagesIndividualAllocation        = false                                  {pd product} {ergonomic}

Logging:
Log output configuration:
 #0: stdout all=warning uptime,level,tags
 #1: stderr all=off uptime,level,tags

Environment Variables:
PATH=C:\Program Files (x86)\VMware\VMware Player\bin\;C:\Windows\system32;C:\Windows;C:\Windows\System32\Wbem;C:\Windows\System32\WindowsPowerShell\v1.0\;C:\Windows\System32\OpenSSH\;C:\Program Files\NVIDIA Corporation\NVIDIA NGX;C:\Program Files (x86)\NVIDIA Corporation\PhysX\Common;C:\Program Files\NVIDIA Corporation\NVIDIA NvDLISR;C:\WINDOWS\system32;C:\WINDOWS;C:\WINDOWS\System32\Wbem;C:\WINDOWS\System32\WindowsPowerShell\v1.0\;C:\WINDOWS\System32\OpenSSH\;C:\Program Files\Git\cmd;C:\flutter\bin;C:\Program Files\mongodb-win32-x86_64-windows-4.4.6\bin;C:\Users\gokul\anaconda3;C:\Users\gokul\anaconda3\Library\mingw-w64\bin;C:\Users\gokul\anaconda3\Library\usr\bin;C:\Users\gokul\anaconda3\Library\bin;C:\Users\gokul\anaconda3\Scripts;C:\Users\gokul\AppData\Local\Microsoft\WindowsApps;C:\Program Files\Java\jdk-11.0.11\bin;C:\flutter\bin;;C:\Users\gokul\AppData\Local\Programs\Microsoft VS Code\bin
USERNAME=gokul
OS=Windows_NT
PROCESSOR_IDENTIFIER=Intel64 Family 6 Model 158 Stepping 10, GenuineIntel



---------------  S Y S T E M  ---------------

OS: Windows 10 , 64 bit Build 19041 (10.0.19041.1023)
OS uptime: 2 days 13:10 hours

CPU:total 8 (initial active 8) (4 cores per cpu, 2 threads per core) family 6 model 158 stepping 10, cmov, cx8, fxsr, mmx, sse, sse2, sse3, ssse3, sse4.1, sse4.2, popcnt, avx, avx2, aes, clmul, erms, 3dnowpref, lzcnt, ht, tsc, tscinvbit, bmi1, bmi2, adx, fma

Memory: 4k page, system-wide physical 16221M (7437M free)
TotalPageFile size 19421M (AvailPageFile size 6726M)
current process WorkingSet (physical memory assigned to process): 401M, peak: 401M
current process commit charge ("private bytes"): 513M, peak: 516M

vm_info: OpenJDK 64-Bit Server VM (11.0.8+10-b944.6842174) for windows-amd64 JRE (11.0.8+10-b944.6842174), built on Sep 19 2020 01:11:42 by "builder" with MS VC++ 14.0 (VS2015)

END.
